2025-02-20 15:01:28,959 - ERROR - Failed to connect to COM5: could not open port 'COM5': FileNotFoundError(2, 'The system cannot find the file specified.', None, 2)
2025-02-20 15:01:52,751 - ERROR - Failed to connect to COM5: could not open port 'COM5': FileNotFoundError(2, 'The system cannot find the file specified.', None, 2)
2025-02-20 15:08:36,331 - ERROR - Failed to connect to COM5: could not open port 'COM5': FileNotFoundError(2, 'The system cannot find the file specified.', None, 2)
2025-02-20 15:52:23,589 - ERROR - Failed to connect to COM5: could not open port 'COM5': FileNotFoundError(2, 'The system cannot find the file specified.', None, 2)
2025-02-20 16:09:21,621 - ERROR - Failed to connect to COM5: could not open port 'COM5': FileNotFoundError(2, 'The system cannot find the file specified.', None, 2)
2025-02-20 16:09:37,520 - ERROR - Failed to connect to COM5: could not open port 'COM5': FileNotFoundError(2, 'The system cannot find the file specified.', None, 2)
2025-02-20 16:12:01,352 - INFO - Connected to COM8 at 115200 baud.
2025-02-20 16:12:01,352 - INFO - Sending command: p:1:b1:1:200:2:200:


2025-02-20 16:12:01,971 - INFO - Feedback: b'0'
2025-02-20 16:12:04,972 - INFO - Sending command: p:1:b2:1:200:2:200:


2025-02-20 16:12:04,973 - INFO - Feedback: b'13'
2025-02-20 16:12:04,973 - WARNING - Timeout occurred.
2025-02-20 16:12:07,974 - INFO - Sending command: p:1:b3:1:200:2:200:


2025-02-20 16:12:07,975 - INFO - Feedback: b'0'
2025-02-20 16:12:10,976 - INFO - Cycle: 1/5 completed.
2025-02-20 16:12:10,976 - INFO - Sending command: p:1:b1:1:200:2:200:


2025-02-20 16:12:10,977 - INFO - Feedback: b'13'
2025-02-20 16:12:10,977 - WARNING - Timeout occurred.
2025-02-20 16:12:13,977 - INFO - Sending command: p:1:b2:1:200:2:200:


2025-02-20 16:12:13,978 - INFO - Feedback: b'0'
2025-02-20 16:13:37,767 - INFO - Connected to COM8 at 115200 baud.
2025-02-20 16:13:37,767 - INFO - Sending command: p:1:b1:1:200:3:200:


2025-02-20 16:13:38,773 - INFO - Feedback: b'0'
2025-02-20 16:13:41,773 - INFO - Cycle: 1/5 completed.
2025-02-20 16:13:41,774 - INFO - Sending command: p:1:b1:1:200:3:200:


2025-02-20 16:13:41,774 - INFO - Feedback: b'13'
2025-02-20 16:13:41,774 - WARNING - Timeout occurred.
2025-02-20 16:13:44,775 - INFO - Cycle: 2/5 completed.
2025-02-20 16:13:44,775 - INFO - Sending command: p:1:b1:1:200:3:200:


2025-02-20 16:13:44,775 - INFO - Feedback: b'0'
2025-02-20 16:30:38,516 - INFO - Connected to COM8 at 115200 baud.
2025-02-20 16:30:38,516 - INFO - Sending command: p:1:b2:1:200:3:200:


2025-02-20 16:30:39,519 - INFO - Feedback: b''
2025-02-20 16:30:42,520 - INFO - Sending command: p:1:b3:1:200:3:200:


2025-02-20 16:30:42,521 - INFO - Feedback: b'0'
2025-02-20 16:30:45,522 - INFO - Cycle: 1/5 completed.
2025-02-20 16:30:45,522 - INFO - Sending command: p:1:b2:1:200:3:200:


2025-02-20 16:30:45,522 - INFO - Feedback: b'13'
2025-02-20 16:30:45,523 - WARNING - Timeout occurred.
2025-02-20 16:30:48,523 - INFO - Sending command: p:1:b3:1:200:3:200:


2025-02-20 16:30:48,524 - INFO - Feedback: b'0'
2025-02-20 16:30:51,525 - INFO - Cycle: 2/5 completed.
2025-02-20 16:30:51,525 - INFO - Sending command: p:1:b2:1:200:3:200:


2025-02-20 16:30:51,526 - INFO - Feedback: b'13'
2025-02-20 16:30:51,526 - WARNING - Timeout occurred.
2025-02-20 16:30:54,527 - INFO - Sending command: p:1:b3:1:200:3:200:


2025-02-20 16:30:54,528 - INFO - Feedback: b'0'
2025-02-20 16:30:57,529 - INFO - Cycle: 3/5 completed.
2025-02-20 16:30:57,529 - INFO - Sending command: p:1:b2:1:200:3:200:


2025-02-20 16:30:57,529 - INFO - Feedback: b'13'
2025-02-20 16:30:57,530 - WARNING - Timeout occurred.
2025-02-20 16:31:00,530 - INFO - Sending command: p:1:b3:1:200:3:200:


2025-02-20 16:31:00,531 - INFO - Feedback: b'0'
2025-02-20 16:31:03,531 - INFO - Cycle: 4/5 completed.
2025-02-20 16:31:03,532 - INFO - Sending command: p:1:b2:1:200:3:200:


2025-02-20 16:31:03,533 - INFO - Feedback: b'13'
2025-02-20 16:31:03,533 - WARNING - Timeout occurred.
2025-02-20 16:31:06,534 - INFO - Sending command: p:1:b3:1:200:3:200:


2025-02-20 16:31:06,535 - INFO - Feedback: b'0'
2025-02-20 16:31:09,536 - INFO - Cycle: 5/5 completed.
2025-02-20 16:31:09,652 - INFO - Serial connection closed.
2025-02-20 16:31:09,653 - INFO - Total commands executed: 10
2025-02-20 16:31:09,653 - INFO - Total errors encountered: 1
2025-02-20 16:31:09,653 - INFO - Total timeouts encountered: 4
2025-02-20 16:31:09,653 - INFO - Total cycles completed: 5
2025-02-20 16:31:31,783 - INFO - Connected to COM8 at 115200 baud.
2025-02-20 16:31:31,783 - INFO - Sending command: p:1:b2:1:200:3:200:


2025-02-20 16:31:32,789 - INFO - Feedback: b'0'
2025-02-20 16:31:35,789 - INFO - Sending command: p:1:b3:1:200:3:200:


2025-02-20 16:31:35,790 - INFO - Feedback: b'13'
2025-02-20 16:31:35,791 - WARNING - Timeout occurred.
2025-02-20 16:31:38,791 - INFO - Cycle: 1/5 completed.
2025-02-20 16:31:38,791 - INFO - Sending command: p:1:b2:1:200:3:200:


2025-02-20 16:31:38,792 - INFO - Feedback: b'0'
2025-02-20 16:31:41,792 - INFO - Sending command: p:1:b3:1:200:3:200:


2025-02-20 16:31:41,793 - INFO - Feedback: b'13'
2025-02-20 16:31:41,793 - WARNING - Timeout occurred.
2025-02-20 16:31:44,794 - INFO - Cycle: 2/5 completed.
2025-02-20 16:31:44,794 - INFO - Sending command: p:1:b2:1:200:3:200:


2025-02-20 16:31:44,795 - INFO - Feedback: b'0'
2025-02-20 16:31:47,796 - INFO - Sending command: p:1:b3:1:200:3:200:


2025-02-20 16:31:47,797 - INFO - Feedback: b'13'
2025-02-20 16:31:47,797 - WARNING - Timeout occurred.
2025-02-20 16:31:50,798 - INFO - Cycle: 3/5 completed.
2025-02-20 16:31:50,798 - INFO - Sending command: p:1:b2:1:200:3:200:


2025-02-20 16:31:50,798 - INFO - Feedback: b'0'
2025-02-20 16:31:53,799 - INFO - Sending command: p:1:b3:1:200:3:200:


2025-02-20 16:31:53,800 - INFO - Feedback: b'13'
2025-02-20 16:31:53,801 - WARNING - Timeout occurred.
2025-02-20 16:31:56,801 - INFO - Cycle: 4/5 completed.
2025-02-20 16:31:56,802 - INFO - Sending command: p:1:b2:1:200:3:200:


2025-02-20 16:31:56,803 - INFO - Feedback: b'0'
2025-02-20 16:31:59,804 - INFO - Sending command: p:1:b3:1:200:3:200:


2025-02-20 16:31:59,804 - INFO - Feedback: b'13'
2025-02-20 16:31:59,805 - WARNING - Timeout occurred.
2025-02-20 16:32:02,805 - INFO - Cycle: 5/5 completed.
2025-02-20 16:32:02,926 - INFO - Serial connection closed.
2025-02-20 16:32:02,926 - INFO - Total commands executed: 10
2025-02-20 16:32:02,926 - INFO - Total errors encountered: 0
2025-02-20 16:32:02,926 - INFO - Total timeouts encountered: 5
2025-02-20 16:32:02,926 - INFO - Total cycles completed: 5
2025-02-20 17:10:31,760 - ERROR - Failed to connect to COM8: could not open port 'COM8': FileNotFoundError(2, 'The system cannot find the file specified.', None, 2)
2025-02-20 17:10:33,247 - ERROR - Failed to connect to COM8: could not open port 'COM8': FileNotFoundError(2, 'The system cannot find the file specified.', None, 2)
2025-02-20 17:10:34,768 - ERROR - Failed to connect to COM8: could not open port 'COM8': FileNotFoundError(2, 'The system cannot find the file specified.', None, 2)
2025-02-20 17:10:36,130 - ERROR - Failed to connect to COM8: could not open port 'COM8': FileNotFoundError(2, 'The system cannot find the file specified.', None, 2)
