2025-02-24 11:05:23,232 - INFO - Connected to COM7 at 115200 baud.
2025-02-24 11:05:23,232 - INFO - Sending command: #:

2025-02-24 11:05:24,231 - INFO - Feedback: b''
2025-02-24 11:05:24,231 - ERROR - Received empty feedback.
2025-02-24 11:05:26,232 - INFO - Sending command: QR:abc:

2025-02-24 11:05:26,233 - INFO - Feedback: b'0'
2025-02-24 11:05:26,233 - ERROR - Unexpected feedback code: 0
2025-02-24 11:05:28,234 - INFO - Sending command: #:

2025-02-24 11:05:28,570 - INFO - Feedback: b'0'
2025-02-24 11:05:28,570 - ERROR - Unexpected feedback code: 0
2025-02-24 11:05:30,571 - INFO - Sending command: BR:123:

2025-02-24 11:05:30,762 - INFO - Feedback: b'0'
2025-02-24 11:05:30,762 - ERROR - Unexpected feedback code: 0
2025-02-24 11:05:32,766 - INFO - Cycle: 1/5 completed.
2025-02-24 11:05:32,766 - INFO - Sending command: #:

2025-02-24 11:05:32,970 - INFO - Feedback: b'0'
2025-02-24 11:05:32,970 - ERROR - Unexpected feedback code: 0
2025-02-24 11:05:34,971 - INFO - Sending command: QR:abc:

2025-02-24 11:05:35,162 - INFO - Feedback: b'0'
2025-02-24 11:05:35,162 - ERROR - Unexpected feedback code: 0
2025-02-24 11:05:37,163 - INFO - Sending command: #:

2025-02-24 11:05:37,498 - INFO - Feedback: b'0'
2025-02-24 11:05:37,498 - ERROR - Unexpected feedback code: 0
2025-02-24 11:05:39,499 - INFO - Sending command: BR:123:

2025-02-24 11:05:39,690 - INFO - Feedback: b'0'
2025-02-24 11:05:39,690 - ERROR - Unexpected feedback code: 0
2025-02-24 11:05:41,691 - INFO - Cycle: 2/5 completed.
2025-02-24 11:05:41,691 - INFO - Sending command: #:

2025-02-24 11:05:41,898 - INFO - Feedback: b'0'
2025-02-24 11:05:41,898 - ERROR - Unexpected feedback code: 0
2025-02-24 11:05:43,899 - INFO - Sending command: QR:abc:

2025-02-24 11:05:44,090 - INFO - Feedback: b'0'
2025-02-24 11:05:44,090 - ERROR - Unexpected feedback code: 0
2025-02-24 11:05:46,091 - INFO - Sending command: #:

2025-02-24 11:05:46,426 - INFO - Feedback: b'0'
2025-02-24 11:05:46,426 - ERROR - Unexpected feedback code: 0
2025-02-24 11:05:48,427 - INFO - Sending command: BR:123:

2025-02-24 11:05:48,602 - INFO - Feedback: b'0'
2025-02-24 11:05:48,602 - ERROR - Unexpected feedback code: 0
2025-02-24 11:05:50,603 - INFO - Cycle: 3/5 completed.
2025-02-24 11:05:50,603 - INFO - Sending command: #:

2025-02-24 11:05:50,826 - INFO - Feedback: b'0'
2025-02-24 11:05:50,827 - ERROR - Unexpected feedback code: 0
2025-02-24 11:05:52,827 - INFO - Sending command: QR:abc:

2025-02-24 11:05:53,002 - INFO - Feedback: b'0'
2025-02-24 11:05:53,002 - ERROR - Unexpected feedback code: 0
2025-02-24 11:05:55,003 - INFO - Sending command: #:

2025-02-24 11:05:55,338 - INFO - Feedback: b'0'
2025-02-24 11:05:55,339 - ERROR - Unexpected feedback code: 0
2025-02-24 11:05:57,340 - INFO - Sending command: BR:123:

2025-02-24 11:05:57,530 - INFO - Feedback: b'0'
2025-02-24 11:05:57,530 - ERROR - Unexpected feedback code: 0
2025-02-24 11:05:59,531 - INFO - Cycle: 4/5 completed.
2025-02-24 11:05:59,532 - INFO - Sending command: #:

2025-02-24 11:05:59,738 - INFO - Feedback: b'0'
2025-02-24 11:05:59,738 - ERROR - Unexpected feedback code: 0
2025-02-24 11:06:01,739 - INFO - Sending command: QR:abc:

2025-02-24 11:06:01,930 - INFO - Feedback: b'0'
2025-02-24 11:06:01,930 - ERROR - Unexpected feedback code: 0
2025-02-24 11:06:03,930 - INFO - Sending command: #:

2025-02-24 11:06:04,266 - INFO - Feedback: b'0'
2025-02-24 11:06:04,266 - ERROR - Unexpected feedback code: 0
2025-02-24 11:06:06,267 - INFO - Sending command: BR:123:

2025-02-24 11:06:06,458 - INFO - Feedback: b'0'
2025-02-24 11:06:06,458 - ERROR - Unexpected feedback code: 0
2025-02-24 11:06:08,459 - INFO - Cycle: 5/5 completed.
2025-02-24 11:06:08,578 - INFO - Serial connection closed.
2025-02-24 11:06:08,578 - INFO - Total commands completed: 20
2025-02-24 11:06:08,578 - INFO - Total errors encountered: 20
2025-02-24 11:06:08,579 - INFO - Total timeouts encountered: 0
2025-02-24 11:06:08,579 - INFO - Total cycles completed: 5
2025-02-24 11:15:00,579 - INFO - Connected to COM7 at 115200 baud.
2025-02-24 11:15:00,579 - INFO - Sending command: #:

2025-02-24 11:15:01,581 - INFO - Feedback: b''
2025-02-24 11:15:01,581 - ERROR - Received empty feedback.
2025-02-24 11:15:03,581 - INFO - Sending command: QR:abc:

2025-02-24 11:15:03,582 - INFO - Feedback: b'0'
2025-02-24 11:15:03,582 - ERROR - Unexpected feedback code: 0
2025-02-24 11:15:05,583 - INFO - Sending command: #:

2025-02-24 11:15:05,918 - INFO - Feedback: b'0'
2025-02-24 11:15:05,918 - ERROR - Unexpected feedback code: 0
2025-02-24 11:15:07,918 - INFO - Sending command: BR:123:

2025-02-24 11:15:08,110 - INFO - Feedback: b'0'
2025-02-24 11:15:08,110 - ERROR - Unexpected feedback code: 0
2025-02-24 11:15:10,110 - INFO - Cycle: 1/5 completed.
2025-02-24 11:15:10,111 - INFO - Sending command: #:

2025-02-24 11:15:10,318 - INFO - Feedback: b'0'
2025-02-24 11:15:10,318 - ERROR - Unexpected feedback code: 0
2025-02-24 11:15:12,319 - INFO - Sending command: QR:abc:

2025-02-24 11:15:12,510 - INFO - Feedback: b'0'
2025-02-24 11:15:12,510 - ERROR - Unexpected feedback code: 0
2025-02-24 11:15:14,511 - INFO - Sending command: #:

2025-02-24 11:15:14,846 - INFO - Feedback: b'0'
2025-02-24 11:15:14,846 - ERROR - Unexpected feedback code: 0
2025-02-24 11:15:16,847 - INFO - Sending command: BR:123:

2025-02-24 11:15:17,038 - INFO - Feedback: b'0'
2025-02-24 11:15:17,038 - ERROR - Unexpected feedback code: 0
2025-02-24 11:15:19,039 - INFO - Cycle: 2/5 completed.
2025-02-24 11:15:19,039 - INFO - Sending command: #:

2025-02-24 11:15:19,246 - INFO - Feedback: b'0'
2025-02-24 11:15:19,246 - ERROR - Unexpected feedback code: 0
2025-02-24 11:15:21,246 - INFO - Sending command: QR:abc:

2025-02-24 11:15:21,438 - INFO - Feedback: b'0'
2025-02-24 11:15:21,438 - ERROR - Unexpected feedback code: 0
2025-02-24 11:15:23,438 - INFO - Sending command: #:

2025-02-24 11:15:23,774 - INFO - Feedback: b'0'
2025-02-24 11:15:23,774 - ERROR - Unexpected feedback code: 0
2025-02-24 11:15:25,774 - INFO - Sending command: BR:123:

2025-02-24 11:15:25,950 - INFO - Feedback: b'0'
2025-02-24 11:15:25,950 - ERROR - Unexpected feedback code: 0
2025-02-24 11:15:27,951 - INFO - Cycle: 3/5 completed.
2025-02-24 11:15:27,951 - INFO - Sending command: #:

2025-02-24 11:15:28,174 - INFO - Feedback: b'0'
2025-02-24 11:15:28,174 - ERROR - Unexpected feedback code: 0
2025-02-24 11:15:30,174 - INFO - Sending command: QR:abc:

2025-02-24 11:15:30,350 - INFO - Feedback: b'0'
2025-02-24 11:15:30,350 - ERROR - Unexpected feedback code: 0
2025-02-24 11:15:32,350 - INFO - Sending command: #:

2025-02-24 11:15:32,686 - INFO - Feedback: b'0'
2025-02-24 11:15:32,686 - ERROR - Unexpected feedback code: 0
2025-02-24 11:15:34,686 - INFO - Sending command: BR:123:

2025-02-24 11:15:34,878 - INFO - Feedback: b'0'
2025-02-24 11:15:34,878 - ERROR - Unexpected feedback code: 0
2025-02-24 11:15:36,878 - INFO - Cycle: 4/5 completed.
2025-02-24 11:15:36,878 - INFO - Sending command: #:

2025-02-24 11:15:37,086 - INFO - Feedback: b'0'
2025-02-24 11:15:37,086 - ERROR - Unexpected feedback code: 0
2025-02-24 11:15:39,086 - INFO - Sending command: QR:abc:

2025-02-24 11:15:39,278 - INFO - Feedback: b'0'
2025-02-24 11:15:39,278 - ERROR - Unexpected feedback code: 0
2025-02-24 11:15:41,279 - INFO - Sending command: #:

2025-02-24 11:15:41,614 - INFO - Feedback: b'0'
2025-02-24 11:15:41,614 - ERROR - Unexpected feedback code: 0
2025-02-24 11:15:43,614 - INFO - Sending command: BR:123:

2025-02-24 11:15:43,806 - INFO - Feedback: b'0'
2025-02-24 11:15:43,806 - ERROR - Unexpected feedback code: 0
2025-02-24 11:15:45,806 - INFO - Cycle: 5/5 completed.
2025-02-24 11:15:45,926 - INFO - Serial connection closed.
2025-02-24 11:15:45,926 - INFO - Total commands completed: 20
2025-02-24 11:15:45,926 - INFO - Total errors encountered: 20
2025-02-24 11:15:45,926 - INFO - Total timeouts encountered: 0
2025-02-24 11:15:45,926 - INFO - Total cycles completed: 5
