2025-02-24 16:04:19,667 - ERROR - Failed to connect to COM7: could not open port 'COM7': FileNotFoundError(2, 'The system cannot find the file specified.', None, 2)
2025-02-24 16:08:28,679 - INFO - Connected to COM4 at 115200 baud.
2025-02-24 16:08:28,680 - INFO - Sending command: BR:123:

2025-02-24 16:08:29,686 - INFO - Feedback: b''
2025-02-24 16:08:29,686 - ERROR - Received empty feedback.
2025-02-24 16:08:31,687 - INFO - Sending command: #:

2025-02-24 16:08:31,688 - INFO - Feedback: b'0'
2025-02-24 16:08:31,688 - ERROR - Unexpected feedback code: 0
2025-02-24 16:08:33,689 - INFO - Sending command: QR:abc:

2025-02-24 16:08:33,889 - INFO - Feedback: b'0'
2025-02-24 16:08:33,889 - ERROR - Unexpected feedback code: 0
2025-02-24 16:08:35,893 - INFO - Sending command: #:

2025-02-24 16:08:36,225 - INFO - Feedback: b'0'
2025-02-24 16:08:36,225 - ERROR - Unexpected feedback code: 0
2025-02-24 16:08:38,226 - INFO - Cycle: 1/5 completed.
2025-02-24 16:08:38,227 - INFO - Sending command: BR:123:

2025-02-24 16:08:38,401 - INFO - Feedback: b'0'
2025-02-24 16:08:38,401 - ERROR - Unexpected feedback code: 0
2025-02-24 16:08:40,402 - INFO - Sending command: #:

2025-02-24 16:08:40,625 - INFO - Feedback: b'0'
2025-02-24 16:08:40,625 - ERROR - Unexpected feedback code: 0
2025-02-24 16:08:42,625 - INFO - Sending command: QR:abc:

2025-02-24 16:08:42,801 - INFO - Feedback: b'0'
2025-02-24 16:08:42,801 - ERROR - Unexpected feedback code: 0
2025-02-24 16:08:44,802 - INFO - Sending command: #:

2025-02-24 16:08:45,137 - INFO - Feedback: b'0'
2025-02-24 16:08:45,137 - ERROR - Unexpected feedback code: 0
2025-02-24 16:08:47,138 - INFO - Cycle: 2/5 completed.
2025-02-24 16:08:47,138 - INFO - Sending command: BR:123:

2025-02-24 16:08:47,329 - INFO - Feedback: b'0'
2025-02-24 16:08:47,330 - ERROR - Unexpected feedback code: 0
2025-02-24 16:08:49,330 - INFO - Sending command: #:

2025-02-24 16:08:49,537 - INFO - Feedback: b'0'
2025-02-24 16:08:49,537 - ERROR - Unexpected feedback code: 0
2025-02-24 16:09:01,294 - INFO - Connected to COM4 at 115200 baud.
2025-02-24 16:09:01,295 - INFO - Sending command: BR:123:

2025-02-24 16:09:02,294 - INFO - Feedback: b''
2025-02-24 16:09:02,295 - ERROR - Received empty feedback.
2025-02-24 16:09:04,295 - INFO - Sending command: #:

2025-02-24 16:09:04,296 - INFO - Feedback: b'0'
2025-02-24 16:09:04,296 - ERROR - Unexpected feedback code: 0
2025-02-24 16:11:32,551 - INFO - Connected to COM4 at 115200 baud.
2025-02-24 16:11:32,551 - INFO - Sending command: BR:123:

2025-02-24 16:11:33,563 - INFO - Feedback: b''
2025-02-24 16:11:33,563 - ERROR - Received empty feedback.
2025-02-24 16:11:35,564 - INFO - Sending command: #:

2025-02-24 16:11:35,565 - INFO - Feedback: b'0'
2025-02-24 16:11:35,565 - ERROR - Unexpected feedback code: 0
2025-02-24 16:11:37,566 - INFO - Sending command: QR:abc:

2025-02-24 16:11:37,763 - INFO - Feedback: b'0'
2025-02-24 16:11:37,763 - ERROR - Unexpected feedback code: 0
2025-02-24 16:11:39,763 - INFO - Sending command: #:

2025-02-24 16:11:40,099 - INFO - Feedback: b'0'
2025-02-24 16:11:40,099 - ERROR - Unexpected feedback code: 0
2025-02-24 16:11:42,100 - INFO - Cycle: 1/5 completed.
2025-02-24 16:11:42,100 - INFO - Sending command: BR:123:

2025-02-24 16:11:42,291 - INFO - Feedback: b'0'
2025-02-24 16:11:42,291 - ERROR - Unexpected feedback code: 0
2025-02-24 16:11:44,292 - INFO - Sending command: #:

2025-02-24 16:11:44,499 - INFO - Feedback: b'0'
2025-02-24 16:11:44,499 - ERROR - Unexpected feedback code: 0
2025-02-24 16:11:46,500 - INFO - Sending command: QR:abc:

2025-02-24 16:11:46,691 - INFO - Feedback: b'0'
2025-02-24 16:11:46,691 - ERROR - Unexpected feedback code: 0
2025-02-24 16:11:48,692 - INFO - Sending command: #:

2025-02-24 16:11:49,011 - INFO - Feedback: b'0'
2025-02-24 16:11:49,011 - ERROR - Unexpected feedback code: 0
2025-02-24 16:11:51,012 - INFO - Cycle: 2/5 completed.
2025-02-24 16:11:51,012 - INFO - Sending command: BR:123:

2025-02-24 16:11:51,203 - INFO - Feedback: b'0'
2025-02-24 16:11:51,203 - ERROR - Unexpected feedback code: 0
2025-02-24 16:11:53,204 - INFO - Sending command: #:

2025-02-24 16:11:53,411 - INFO - Feedback: b'0'
2025-02-24 16:11:53,411 - ERROR - Unexpected feedback code: 0
2025-02-24 16:11:55,412 - INFO - Sending command: QR:abc:

2025-02-24 16:11:55,603 - INFO - Feedback: b'0'
2025-02-24 16:11:55,603 - ERROR - Unexpected feedback code: 0
2025-02-24 16:11:57,604 - INFO - Sending command: #:

2025-02-24 16:11:57,939 - INFO - Feedback: b'0'
2025-02-24 16:11:57,939 - ERROR - Unexpected feedback code: 0
2025-02-24 16:11:59,940 - INFO - Cycle: 3/5 completed.
2025-02-24 16:11:59,940 - INFO - Sending command: BR:123:

2025-02-24 16:12:00,131 - INFO - Feedback: b'0'
2025-02-24 16:12:00,131 - ERROR - Unexpected feedback code: 0
2025-02-24 16:12:02,132 - INFO - Sending command: #:

2025-02-24 16:12:02,339 - INFO - Feedback: b'0'
2025-02-24 16:12:02,339 - ERROR - Unexpected feedback code: 0
2025-02-24 16:12:04,339 - INFO - Sending command: QR:abc:

2025-02-24 16:12:04,531 - INFO - Feedback: b'0'
2025-02-24 16:12:04,531 - ERROR - Unexpected feedback code: 0
2025-02-24 16:12:06,531 - INFO - Sending command: #:

2025-02-24 16:12:06,867 - INFO - Feedback: b'0'
2025-02-24 16:12:06,867 - ERROR - Unexpected feedback code: 0
2025-02-24 16:12:08,867 - INFO - Cycle: 4/5 completed.
2025-02-24 16:12:08,868 - INFO - Sending command: BR:123:

2025-02-24 16:12:09,058 - INFO - Feedback: b'0'
2025-02-24 16:12:09,059 - ERROR - Unexpected feedback code: 0
2025-02-24 16:12:11,060 - INFO - Sending command: #:

2025-02-24 16:12:11,267 - INFO - Feedback: b'0'
2025-02-24 16:12:11,267 - ERROR - Unexpected feedback code: 0
2025-02-24 16:12:13,268 - INFO - Sending command: QR:abc:

2025-02-24 16:12:13,458 - INFO - Feedback: b'0'
2025-02-24 16:12:13,459 - ERROR - Unexpected feedback code: 0
2025-02-24 16:12:15,460 - INFO - Sending command: #:

2025-02-24 16:12:15,779 - INFO - Feedback: b'0'
2025-02-24 16:12:15,779 - ERROR - Unexpected feedback code: 0
2025-02-24 16:12:17,781 - INFO - Cycle: 5/5 completed.
2025-02-24 16:12:17,897 - INFO - Serial connection closed.
2025-02-24 16:12:17,897 - INFO - Total commands completed: 20
2025-02-24 16:12:17,898 - INFO - Total errors encountered: 20
2025-02-24 16:12:17,898 - INFO - Total timeouts encountered: 0
2025-02-24 16:12:17,898 - INFO - Total cycles completed: 5
2025-02-24 16:14:05,425 - INFO - Connected to COM4 at 115200 baud.
2025-02-24 16:14:05,425 - INFO - Sending command: BR:123:

2025-02-24 16:14:06,431 - INFO - Feedback: b''
2025-02-24 16:14:06,431 - ERROR - Received empty feedback.
2025-02-24 16:14:08,431 - INFO - Sending command: #:

2025-02-24 16:14:08,432 - INFO - Feedback: b'0'
2025-02-24 16:14:08,432 - ERROR - Unexpected feedback code: 0
2025-02-24 16:14:10,433 - INFO - Sending command: QR:abc:

2025-02-24 16:14:10,635 - INFO - Feedback: b'0'
2025-02-24 16:14:10,635 - ERROR - Unexpected feedback code: 0
2025-02-24 16:14:12,636 - INFO - Sending command: #:

2025-02-24 16:14:12,955 - INFO - Feedback: b'0'
2025-02-24 16:14:12,956 - ERROR - Unexpected feedback code: 0
2025-02-24 16:14:14,956 - INFO - Cycle: 1/5 completed.
2025-02-24 16:14:14,956 - INFO - Sending command: BR:123:

2025-02-24 16:14:15,147 - INFO - Feedback: b'0'
2025-02-24 16:14:15,147 - ERROR - Unexpected feedback code: 0
2025-02-24 16:14:17,148 - INFO - Sending command: #:

2025-02-24 16:14:17,355 - INFO - Feedback: b'0'
2025-02-24 16:14:17,355 - ERROR - Unexpected feedback code: 0
2025-02-24 16:14:19,356 - INFO - Sending command: QR:abc:

2025-02-24 16:14:19,548 - INFO - Feedback: b'0'
2025-02-24 16:14:19,548 - ERROR - Unexpected feedback code: 0
2025-02-24 16:14:21,548 - INFO - Sending command: #:

2025-02-24 16:14:21,883 - INFO - Feedback: b'0'
2025-02-24 16:14:21,883 - ERROR - Unexpected feedback code: 0
2025-02-24 16:14:23,884 - INFO - Cycle: 2/5 completed.
2025-02-24 16:14:23,885 - INFO - Sending command: BR:123:

2025-02-24 16:14:24,075 - INFO - Feedback: b'0'
2025-02-24 16:14:24,076 - ERROR - Unexpected feedback code: 0
2025-02-24 16:14:26,077 - INFO - Sending command: #:

2025-02-24 16:14:26,283 - INFO - Feedback: b'0'
2025-02-24 16:14:26,284 - ERROR - Unexpected feedback code: 0
2025-02-24 16:14:28,284 - INFO - Sending command: QR:abc:

2025-02-24 16:14:28,475 - INFO - Feedback: b'0'
2025-02-24 16:14:28,475 - ERROR - Unexpected feedback code: 0
2025-02-24 16:14:30,476 - INFO - Sending command: #:

2025-02-24 16:14:30,811 - INFO - Feedback: b'0'
2025-02-24 16:14:30,811 - ERROR - Unexpected feedback code: 0
2025-02-24 16:14:32,812 - INFO - Cycle: 3/5 completed.
2025-02-24 16:14:32,812 - INFO - Sending command: BR:123:

2025-02-24 16:14:33,003 - INFO - Feedback: b'0'
2025-02-24 16:14:33,003 - ERROR - Unexpected feedback code: 0
2025-02-24 16:14:35,004 - INFO - Sending command: #:

2025-02-24 16:14:35,212 - INFO - Feedback: b'0'
2025-02-24 16:14:35,212 - ERROR - Unexpected feedback code: 0
2025-02-24 16:14:37,213 - INFO - Sending command: QR:abc:

2025-02-24 16:14:37,403 - INFO - Feedback: b'0'
2025-02-24 16:14:37,404 - ERROR - Unexpected feedback code: 0
2025-02-24 16:14:39,404 - INFO - Sending command: #:

2025-02-24 16:14:39,723 - INFO - Feedback: b'0'
2025-02-24 16:14:39,723 - ERROR - Unexpected feedback code: 0
2025-02-24 16:14:41,724 - INFO - Cycle: 4/5 completed.
2025-02-24 16:14:41,725 - INFO - Sending command: BR:123:

2025-02-24 16:14:41,915 - INFO - Feedback: b'0'
2025-02-24 16:14:41,916 - ERROR - Unexpected feedback code: 0
2025-02-24 16:14:43,917 - INFO - Sending command: #:

2025-02-24 16:14:44,123 - INFO - Feedback: b'0'
2025-02-24 16:14:44,124 - ERROR - Unexpected feedback code: 0
2025-02-24 16:14:46,124 - INFO - Sending command: QR:abc:

2025-02-24 16:14:46,315 - INFO - Feedback: b'0'
2025-02-24 16:14:46,316 - ERROR - Unexpected feedback code: 0
2025-02-24 16:14:48,316 - INFO - Sending command: #:

2025-02-24 16:14:48,651 - INFO - Feedback: b'0'
2025-02-24 16:14:48,651 - ERROR - Unexpected feedback code: 0
2025-02-24 16:14:50,652 - INFO - Cycle: 5/5 completed.
2025-02-24 16:14:50,772 - INFO - Serial connection closed.
2025-02-24 16:14:50,773 - INFO - Total commands completed: 20
2025-02-24 16:14:50,773 - INFO - Total errors encountered: 20
2025-02-24 16:14:50,773 - INFO - Total timeouts encountered: 0
2025-02-24 16:14:50,773 - INFO - Total cycles completed: 5
2025-02-24 17:23:10,672 - INFO - Connected to COM4 at 115200 baud.
2025-02-24 17:23:10,672 - INFO - Sending command: BR:123:

2025-02-24 17:23:11,673 - INFO - Feedback: b''
2025-02-24 17:23:11,674 - ERROR - Received empty feedback.
2025-02-24 17:23:13,674 - INFO - Sending command: #:

2025-02-24 17:23:13,674 - INFO - Feedback: b'0'
2025-02-24 17:23:13,674 - ERROR - Unexpected feedback code: 0
2025-02-24 17:23:15,675 - INFO - Sending command: QR:abc:

2025-02-24 17:23:15,867 - INFO - Feedback: b'0'
2025-02-24 17:23:15,867 - ERROR - Unexpected feedback code: 0
2025-02-24 17:23:17,867 - INFO - Sending command: #:

2025-02-24 17:23:18,203 - INFO - Feedback: b'0'
2025-02-24 17:23:18,203 - ERROR - Unexpected feedback code: 0
2025-02-24 17:23:20,203 - INFO - Cycle: 1/5 completed.
2025-02-24 17:23:20,204 - INFO - Sending command: BR:123:

2025-02-24 17:23:20,395 - INFO - Feedback: b'0'
2025-02-24 17:23:20,395 - ERROR - Unexpected feedback code: 0
2025-02-24 17:23:22,395 - INFO - Sending command: #:

2025-02-24 17:23:22,603 - INFO - Feedback: b'0'
2025-02-24 17:23:22,603 - ERROR - Unexpected feedback code: 0
2025-02-24 17:23:24,603 - INFO - Sending command: QR:abc:

2025-02-24 17:23:24,794 - INFO - Feedback: b'0'
2025-02-24 17:23:24,795 - ERROR - Unexpected feedback code: 0
2025-02-24 17:23:26,795 - INFO - Sending command: #:

2025-02-24 17:23:27,131 - INFO - Feedback: b'0'
2025-02-24 17:23:27,131 - ERROR - Unexpected feedback code: 0
2025-02-24 17:23:29,131 - INFO - Cycle: 2/5 completed.
2025-02-24 17:23:29,132 - INFO - Sending command: BR:123:

2025-02-24 17:23:29,323 - INFO - Feedback: b'0'
2025-02-24 17:23:29,323 - ERROR - Unexpected feedback code: 0
2025-02-24 17:23:31,323 - INFO - Sending command: #:

2025-02-24 17:23:31,531 - INFO - Feedback: b'0'
2025-02-24 17:23:31,531 - ERROR - Unexpected feedback code: 0
2025-02-24 17:23:33,531 - INFO - Sending command: QR:abc:

2025-02-24 17:23:33,723 - INFO - Feedback: b'0'
2025-02-24 17:23:33,723 - ERROR - Unexpected feedback code: 0
2025-02-24 17:23:35,724 - INFO - Sending command: #:

2025-02-24 17:23:36,042 - INFO - Feedback: b'0'
2025-02-24 17:23:36,043 - ERROR - Unexpected feedback code: 0
2025-02-24 17:23:38,043 - INFO - Cycle: 3/5 completed.
2025-02-24 17:23:38,043 - INFO - Sending command: BR:123:

2025-02-24 17:23:38,235 - INFO - Feedback: b'0'
2025-02-24 17:23:38,235 - ERROR - Unexpected feedback code: 0
2025-02-24 17:23:40,235 - INFO - Sending command: #:

2025-02-24 17:23:40,442 - INFO - Feedback: b'0'
2025-02-24 17:23:40,443 - ERROR - Unexpected feedback code: 0
2025-02-24 17:23:42,443 - INFO - Sending command: QR:abc:

2025-02-24 17:23:42,634 - INFO - Feedback: b'0'
2025-02-24 17:23:42,634 - ERROR - Unexpected feedback code: 0
2025-02-24 17:23:44,635 - INFO - Sending command: #:

2025-02-24 17:23:44,970 - INFO - Feedback: b'0'
2025-02-24 17:23:44,971 - ERROR - Unexpected feedback code: 0
2025-02-24 17:23:46,971 - INFO - Cycle: 4/5 completed.
2025-02-24 17:23:46,971 - INFO - Sending command: BR:123:

2025-02-24 17:23:47,163 - INFO - Feedback: b'0'
2025-02-24 17:23:47,163 - ERROR - Unexpected feedback code: 0
2025-02-24 17:23:49,163 - INFO - Sending command: #:

2025-02-24 17:23:49,371 - INFO - Feedback: b'0'
2025-02-24 17:23:49,371 - ERROR - Unexpected feedback code: 0
2025-02-24 17:23:51,371 - INFO - Sending command: QR:abc:

2025-02-24 17:23:51,562 - INFO - Feedback: b'0'
2025-02-24 17:23:51,563 - ERROR - Unexpected feedback code: 0
2025-02-24 17:23:53,563 - INFO - Sending command: #:

2025-02-24 17:23:53,899 - INFO - Feedback: b'0'
2025-02-24 17:23:53,899 - ERROR - Unexpected feedback code: 0
2025-02-24 17:23:55,900 - INFO - Cycle: 5/5 completed.
2025-02-24 17:23:56,022 - INFO - Serial connection closed.
2025-02-24 17:23:56,022 - INFO - Total commands completed: 20
2025-02-24 17:23:56,022 - INFO - Total errors encountered: 20
2025-02-24 17:23:56,022 - INFO - Total timeouts encountered: 0
2025-02-24 17:23:56,022 - INFO - Total cycles completed: 5
