2025-02-24 09:59:04,586 - ERROR - Failed to connect to COM3: could not open port 'COM3': FileNotFoundError(2, 'The system cannot find the file specified.', None, 2)
2025-02-24 10:17:14,584 - ERROR - Failed to connect to COM3: could not open port 'COM3': FileNotFoundError(2, 'The system cannot find the file specified.', None, 2)
2025-02-24 10:17:23,855 - INFO - Connected to COM7 at 115200 baud.
2025-02-24 10:17:23,855 - INFO - Sending command: #:

2025-02-24 10:17:24,850 - INFO - Feedback: b''
2025-02-24 10:17:24,850 - ERROR - Received empty feedback.
2025-02-24 10:17:27,851 - INFO - Sending command: QR:asd:

2025-02-24 10:17:27,851 - INFO - Feedback: b'0'
2025-02-24 10:17:27,851 - ERROR - Unexpected feedback code: 0
2025-02-24 10:17:30,855 - INFO - Sending command: #:

2025-02-24 10:17:30,855 - INFO - Feedback: b'0'
2025-02-24 10:17:30,855 - ERROR - Unexpected feedback code: 0
2025-02-24 10:17:33,856 - INFO - Sending command: BR:123:

2025-02-24 10:17:33,856 - INFO - Feedback: b'0'
2025-02-24 10:17:33,856 - ERROR - Unexpected feedback code: 0
2025-02-24 10:17:36,856 - INFO - Cycle: 1/1 completed.
2025-02-24 10:17:36,959 - INFO - Serial connection closed.
2025-02-24 10:17:36,959 - INFO - Total commands completed: 4
2025-02-24 10:17:36,959 - INFO - Total errors encountered: 4
2025-02-24 10:17:36,959 - INFO - Total timeouts encountered: 0
2025-02-24 10:17:36,959 - INFO - Total cycles completed: 1
2025-02-24 10:18:11,532 - INFO - Connected to COM7 at 115200 baud.
2025-02-24 10:18:11,532 - INFO - Sending command: #:

2025-02-24 10:18:12,534 - INFO - Feedback: b''
2025-02-24 10:18:12,534 - ERROR - Received empty feedback.
2025-02-24 10:18:15,534 - INFO - Sending command: QR:asd:

2025-02-24 10:18:15,534 - INFO - Feedback: b'0'
2025-02-24 10:18:15,534 - ERROR - Unexpected feedback code: 0
2025-02-24 10:18:18,535 - INFO - Sending command: #:

2025-02-24 10:18:18,535 - INFO - Feedback: b'0'
2025-02-24 10:18:18,535 - ERROR - Unexpected feedback code: 0
2025-02-24 10:18:21,536 - INFO - Sending command: BR:123:

2025-02-24 10:18:21,536 - INFO - Feedback: b'0'
2025-02-24 10:18:21,536 - ERROR - Unexpected feedback code: 0
2025-02-24 10:18:24,537 - INFO - Cycle: 1/3 completed.
2025-02-24 10:18:24,537 - INFO - Sending command: #:

2025-02-24 10:18:24,538 - INFO - Feedback: b'0'
2025-02-24 10:18:24,538 - ERROR - Unexpected feedback code: 0
2025-02-24 10:18:27,538 - INFO - Sending command: QR:asd:

2025-02-24 10:18:27,538 - INFO - Feedback: b'0'
2025-02-24 10:18:27,538 - ERROR - Unexpected feedback code: 0
2025-02-24 10:18:30,539 - INFO - Sending command: #:

2025-02-24 10:18:30,539 - INFO - Feedback: b'0'
2025-02-24 10:18:30,539 - ERROR - Unexpected feedback code: 0
2025-02-24 10:18:33,540 - INFO - Sending command: BR:123:

2025-02-24 10:18:33,540 - INFO - Feedback: b'0'
2025-02-24 10:18:33,540 - ERROR - Unexpected feedback code: 0
2025-02-24 10:18:36,541 - INFO - Cycle: 2/3 completed.
2025-02-24 10:18:36,541 - INFO - Sending command: #:

2025-02-24 10:18:36,542 - INFO - Feedback: b'0'
2025-02-24 10:18:36,542 - ERROR - Unexpected feedback code: 0
2025-02-24 10:18:39,542 - INFO - Sending command: QR:asd:

2025-02-24 10:18:39,543 - INFO - Feedback: b'0'
2025-02-24 10:18:39,543 - ERROR - Unexpected feedback code: 0
2025-02-24 10:18:42,543 - INFO - Sending command: #:

2025-02-24 10:18:42,544 - INFO - Feedback: b'0'
2025-02-24 10:18:42,544 - ERROR - Unexpected feedback code: 0
2025-02-24 10:18:45,544 - INFO - Sending command: BR:123:

2025-02-24 10:18:45,545 - INFO - Feedback: b'0'
2025-02-24 10:18:45,545 - ERROR - Unexpected feedback code: 0
2025-02-24 10:18:48,546 - INFO - Cycle: 3/3 completed.
2025-02-24 10:18:48,664 - INFO - Serial connection closed.
2025-02-24 10:18:48,664 - INFO - Total commands completed: 12
2025-02-24 10:18:48,664 - INFO - Total errors encountered: 12
2025-02-24 10:18:48,664 - INFO - Total timeouts encountered: 0
2025-02-24 10:18:48,664 - INFO - Total cycles completed: 3
2025-02-24 10:34:25,430 - INFO - Connected to COM7 at 115200 baud.
2025-02-24 10:34:25,430 - INFO - Sending command: #:

2025-02-24 10:34:26,443 - INFO - Feedback: b''
2025-02-24 10:34:26,443 - ERROR - Received empty feedback.
2025-02-24 10:34:29,444 - INFO - Sending command: QR:asd:

2025-02-24 10:34:29,445 - INFO - Feedback: b'0'
2025-02-24 10:34:29,445 - ERROR - Unexpected feedback code: 0
2025-02-24 10:34:32,445 - INFO - Sending command: #:

2025-02-24 10:34:32,446 - INFO - Feedback: b'0'
2025-02-24 10:34:32,446 - ERROR - Unexpected feedback code: 0
2025-02-24 10:34:35,446 - INFO - Sending command: BR:123:

2025-02-24 10:34:35,447 - INFO - Feedback: b'0'
2025-02-24 10:34:35,447 - ERROR - Unexpected feedback code: 0
2025-02-24 10:34:38,448 - INFO - Cycle: 1/3 completed.
2025-02-24 10:34:38,448 - INFO - Sending command: #:

2025-02-24 10:34:38,448 - INFO - Feedback: b'0'
2025-02-24 10:34:38,448 - ERROR - Unexpected feedback code: 0
2025-02-24 10:34:41,448 - INFO - Sending command: QR:asd:

2025-02-24 10:34:41,449 - INFO - Feedback: b'0'
2025-02-24 10:34:41,449 - ERROR - Unexpected feedback code: 0
2025-02-24 10:34:44,450 - INFO - Sending command: #:

2025-02-24 10:34:44,450 - INFO - Feedback: b'0'
2025-02-24 10:34:44,451 - ERROR - Unexpected feedback code: 0
2025-02-24 10:34:47,451 - INFO - Sending command: BR:123:

2025-02-24 10:34:47,451 - INFO - Feedback: b'0'
2025-02-24 10:34:47,452 - ERROR - Unexpected feedback code: 0
2025-02-24 10:34:50,452 - INFO - Cycle: 2/3 completed.
2025-02-24 10:34:50,452 - INFO - Sending command: #:

2025-02-24 10:34:50,453 - INFO - Feedback: b'0'
2025-02-24 10:34:50,453 - ERROR - Unexpected feedback code: 0
2025-02-24 10:34:53,454 - INFO - Sending command: QR:asd:

2025-02-24 10:34:53,454 - INFO - Feedback: b'0'
2025-02-24 10:34:53,454 - ERROR - Unexpected feedback code: 0
2025-02-24 10:34:56,455 - INFO - Sending command: #:

2025-02-24 10:34:56,455 - INFO - Feedback: b'0'
2025-02-24 10:34:56,455 - ERROR - Unexpected feedback code: 0
2025-02-24 10:34:59,456 - INFO - Sending command: BR:123:

2025-02-24 10:34:59,456 - INFO - Feedback: b'0'
2025-02-24 10:34:59,456 - ERROR - Unexpected feedback code: 0
2025-02-24 10:35:02,457 - INFO - Cycle: 3/3 completed.
2025-02-24 10:35:02,565 - INFO - Serial connection closed.
2025-02-24 10:35:02,566 - INFO - Total commands completed: 12
2025-02-24 10:35:02,566 - INFO - Total errors encountered: 12
2025-02-24 10:35:02,566 - INFO - Total timeouts encountered: 0
2025-02-24 10:35:02,566 - INFO - Total cycles completed: 3
