2025-02-24 16:12:05,432 - INFO - Connected to COM9 at 115200 baud.
2025-02-24 16:12:05,432 - INFO - Sending command: e:s:c:e:4:

2025-02-24 16:12:05,443 - INFO - Feedback: b'4'
2025-02-24 16:12:05,444 - ERROR - Unexpected feedback code: 4
2025-02-24 16:12:08,445 - INFO - Sending command: i:

2025-02-24 16:12:09,447 - INFO - Feedback: b''
2025-02-24 16:12:09,448 - ERROR - Received empty feedback.
2025-02-24 16:12:12,449 - INFO - Sending command: e:s:c:e:3:

2025-02-24 16:12:12,449 - INFO - Feedback: b'0'
2025-02-24 16:12:12,449 - ERROR - Unexpected feedback code: 0
2025-02-24 16:12:15,450 - INFO - Sending command: i:

2025-02-24 16:12:16,020 - INFO - Feedback: b'0'
2025-02-24 16:12:16,020 - ERROR - Unexpected feedback code: 0
2025-02-24 16:12:19,023 - INFO - Sending command: e:s:c:e:2:

2025-02-24 16:12:19,024 - INFO - Feedback: b'3'
2025-02-24 16:12:19,024 - ERROR - Unexpected feedback code: 3
2025-02-24 16:12:22,025 - INFO - Sending command: i:

2025-02-24 16:12:22,025 - INFO - Feedback: b'0'
2025-02-24 16:12:22,026 - ERROR - Unexpected feedback code: 0
2025-02-24 16:12:25,026 - INFO - Sending command: e:s:c:e:1:

2025-02-24 16:12:26,030 - INFO - Feedback: b''
2025-02-24 16:12:26,030 - ERROR - Received empty feedback.
2025-02-24 16:12:29,030 - INFO - Sending command: i:

2025-02-24 16:12:29,031 - INFO - Feedback: b'0'
2025-02-24 16:12:29,031 - ERROR - Unexpected feedback code: 0
2025-02-24 16:12:32,032 - INFO - Cycle: 1/1 completed.
2025-02-24 16:12:32,138 - INFO - Serial connection closed.
2025-02-24 16:12:32,139 - INFO - Total commands completed: 8
2025-02-24 16:12:32,139 - INFO - Total errors encountered: 8
2025-02-24 16:12:32,139 - INFO - Total timeouts encountered: 0
2025-02-24 16:12:32,139 - INFO - Total cycles completed: 1
2025-02-24 16:13:28,884 - INFO - Connected to COM9 at 115200 baud.
2025-02-24 16:13:28,884 - INFO - Sending command: e:s:c:e:2:

2025-02-24 16:13:28,894 - INFO - Feedback: b'2'
2025-02-24 16:13:28,895 - ERROR - Unexpected feedback code: 2
2025-02-24 16:13:31,895 - INFO - Sending command: i:

2025-02-24 16:13:32,901 - INFO - Feedback: b''
2025-02-24 16:13:32,901 - ERROR - Received empty feedback.
2025-02-24 16:13:35,902 - INFO - Sending command: e:s:c:e:4:

2025-02-24 16:13:35,902 - INFO - Feedback: b'0'
2025-02-24 16:13:35,903 - ERROR - Unexpected feedback code: 0
2025-02-24 16:13:38,903 - INFO - Sending command: i:

2025-02-24 16:13:39,470 - INFO - Feedback: b'0'
2025-02-24 16:13:39,471 - ERROR - Unexpected feedback code: 0
2025-02-24 16:13:42,472 - INFO - Cycle: 1/2 completed.
2025-02-24 16:13:42,472 - INFO - Sending command: e:s:c:e:2:

2025-02-24 16:13:42,473 - INFO - Feedback: b'4'
2025-02-24 16:13:42,473 - ERROR - Unexpected feedback code: 4
2025-02-24 16:13:45,473 - INFO - Sending command: i:

2025-02-24 16:13:45,474 - INFO - Feedback: b'0'
2025-02-24 16:13:45,474 - ERROR - Unexpected feedback code: 0
2025-02-24 16:13:48,475 - INFO - Sending command: e:s:c:e:4:

2025-02-24 16:13:48,476 - INFO - Feedback: b'0'
2025-02-24 16:13:48,476 - ERROR - Unexpected feedback code: 0
2025-02-24 16:13:51,477 - INFO - Sending command: i:

2025-02-24 16:13:51,478 - INFO - Feedback: b'2'
2025-02-24 16:13:51,478 - ERROR - Unexpected feedback code: 2
2025-02-24 16:13:54,479 - INFO - Cycle: 2/2 completed.
2025-02-24 16:13:54,606 - INFO - Serial connection closed.
2025-02-24 16:13:54,606 - INFO - Total commands completed: 8
2025-02-24 16:13:54,607 - INFO - Total errors encountered: 8
2025-02-24 16:13:54,607 - INFO - Total timeouts encountered: 0
2025-02-24 16:13:54,607 - INFO - Total cycles completed: 2
2025-02-24 16:14:09,997 - INFO - Connected to COM9 at 115200 baud.
2025-02-24 16:14:09,997 - INFO - Sending command: e:s:c:e:2:

2025-02-24 16:14:10,008 - INFO - Feedback: b'2'
2025-02-24 16:14:10,008 - ERROR - Unexpected feedback code: 2
2025-02-24 16:14:13,009 - INFO - Sending command: i:

2025-02-24 16:14:13,009 - INFO - Feedback: b'0'
2025-02-24 16:14:13,010 - ERROR - Unexpected feedback code: 0
2025-02-24 16:14:16,010 - INFO - Sending command: e:s:c:e:4:

2025-02-24 16:14:17,019 - INFO - Feedback: b''
2025-02-24 16:14:17,020 - ERROR - Received empty feedback.
2025-02-24 16:14:20,020 - INFO - Sending command: i:

2025-02-24 16:14:20,021 - INFO - Feedback: b'0'
2025-02-24 16:14:20,021 - ERROR - Unexpected feedback code: 0
2025-02-24 16:14:23,022 - INFO - Cycle: 1/2 completed.
2025-02-24 16:14:23,022 - INFO - Sending command: e:s:c:e:2:

2025-02-24 16:14:23,023 - INFO - Feedback: b'4'
2025-02-24 16:14:23,023 - ERROR - Unexpected feedback code: 4
2025-02-24 16:14:26,023 - INFO - Sending command: i:

2025-02-24 16:14:26,024 - INFO - Feedback: b'0'
2025-02-24 16:14:26,024 - ERROR - Unexpected feedback code: 0
2025-02-24 16:14:29,025 - INFO - Sending command: e:s:c:e:4:

2025-02-24 16:14:29,026 - INFO - Feedback: b'0'
2025-02-24 16:14:29,026 - ERROR - Unexpected feedback code: 0
2025-02-24 16:14:32,027 - INFO - Sending command: i:

2025-02-24 16:14:32,028 - INFO - Feedback: b'2'
2025-02-24 16:14:32,028 - ERROR - Unexpected feedback code: 2
2025-02-24 16:14:35,028 - INFO - Cycle: 2/2 completed.
2025-02-24 16:14:35,135 - INFO - Serial connection closed.
2025-02-24 16:14:35,136 - INFO - Total commands completed: 8
2025-02-24 16:14:35,136 - INFO - Total errors encountered: 8
2025-02-24 16:14:35,136 - INFO - Total timeouts encountered: 0
2025-02-24 16:14:35,137 - INFO - Total cycles completed: 2
