2025-02-24 11:27:16,491 - ERROR - Failed to connect to /dev/ttyUSB0: could not open port '/dev/ttyUSB0': FileNotFoundError(2, 'The system cannot find the path specified.', None, 3)
2025-02-24 11:27:27,823 - INFO - Connected to COM7 at 115200 baud.
2025-02-24 11:27:27,823 - INFO - Sending command: QR:abc:

2025-02-24 11:27:28,822 - INFO - Feedback: b''
2025-02-24 11:27:28,822 - ERROR - Received empty feedback.
2025-02-24 11:27:29,823 - INFO - Sending command: #:

2025-02-24 11:27:30,171 - INFO - Feedback: b'0'
2025-02-24 11:27:31,172 - INFO - Sending command: BR:123:

2025-02-24 11:27:32,173 - INFO - Feedback: b''
2025-02-24 11:27:32,173 - ERROR - Received empty feedback.
2025-02-24 11:27:33,173 - INFO - Sending command: #:

2025-02-24 11:27:33,174 - INFO - Feedback: b'0'
2025-02-24 11:27:34,174 - INFO - Cycle: 1/10 completed.
2025-02-24 11:27:34,175 - INFO - Sending command: QR:abc:

2025-02-24 11:27:34,571 - INFO - Feedback: b'0'
2025-02-24 11:27:35,572 - INFO - Sending command: #:

2025-02-24 11:27:36,578 - INFO - Feedback: b''
2025-02-24 11:27:36,578 - ERROR - Received empty feedback.
2025-02-24 11:27:37,579 - INFO - Sending command: BR:123:

2025-02-24 11:27:37,579 - INFO - Feedback: b'0'
2025-02-24 11:27:38,580 - INFO - Sending command: #:

2025-02-24 11:27:39,099 - INFO - Feedback: b'0'
2025-02-24 11:27:58,414 - INFO - Connected to COM7 at 115200 baud.
2025-02-24 11:27:58,414 - INFO - Sending command: QR:abc:

2025-02-24 11:27:59,425 - INFO - Feedback: b''
2025-02-24 11:27:59,425 - ERROR - Received empty feedback.
2025-02-24 11:28:00,425 - INFO - Sending command: #:

2025-02-24 11:28:00,761 - INFO - Feedback: b'0'
2025-02-24 11:28:10,287 - INFO - Connected to COM7 at 115200 baud.
2025-02-24 11:28:10,287 - INFO - Sending command: QR:abc:

2025-02-24 11:28:11,285 - INFO - Feedback: b''
2025-02-24 11:28:11,285 - ERROR - Received empty feedback.
2025-02-24 11:28:12,286 - INFO - Sending command: #:

2025-02-24 11:28:12,635 - INFO - Feedback: b'0'
2025-02-24 11:28:13,635 - INFO - Sending command: BR:123:

2025-02-24 11:28:14,638 - INFO - Feedback: b''
2025-02-24 11:28:14,638 - ERROR - Received empty feedback.
2025-02-24 11:28:15,639 - INFO - Sending command: #:

2025-02-24 11:28:15,639 - INFO - Feedback: b'0'
2025-02-24 11:28:16,640 - INFO - Cycle: 1/4 completed.
2025-02-24 11:28:16,640 - INFO - Sending command: QR:abc:

2025-02-24 11:28:17,035 - INFO - Feedback: b'0'
2025-02-24 11:28:18,036 - INFO - Sending command: #:

2025-02-24 11:28:19,040 - INFO - Feedback: b''
2025-02-24 11:28:19,041 - ERROR - Received empty feedback.
2025-02-24 11:28:20,041 - INFO - Sending command: BR:123:

2025-02-24 11:28:20,042 - INFO - Feedback: b'0'
2025-02-24 11:28:21,042 - INFO - Sending command: #:

2025-02-24 11:28:21,547 - INFO - Feedback: b'0'
2025-02-24 11:28:22,548 - INFO - Cycle: 2/4 completed.
2025-02-24 11:28:22,548 - INFO - Sending command: QR:abc:

2025-02-24 11:28:23,553 - INFO - Feedback: b''
2025-02-24 11:28:23,553 - ERROR - Received empty feedback.
2025-02-24 11:28:24,554 - INFO - Sending command: #:

2025-02-24 11:28:24,554 - INFO - Feedback: b'0'
2025-02-24 11:28:25,555 - INFO - Sending command: BR:123:

