2025-02-24 09:59:52,306 - ERROR - Failed to connect to /dev/ttyUSB0: could not open port '/dev/ttyUSB0': FileNotFoundError(2, 'The system cannot find the path specified.', None, 3)
2025-02-24 10:00:01,488 - ERROR - Failed to connect to /dev/ttyUSB0: could not open port '/dev/ttyUSB0': FileNotFoundError(2, 'The system cannot find the path specified.', None, 3)
2025-02-24 10:15:13,009 - ERROR - Failed to connect to /dev/ttyUSB0: could not open port '/dev/ttyUSB0': FileNotFoundError(2, 'The system cannot find the path specified.', None, 3)
2025-02-24 10:15:24,066 - INFO - Connected to COM7 at 115200 baud.
2025-02-24 10:15:24,066 - INFO - Sending command: QR:abc:

2025-02-24 10:15:25,062 - INFO - Feedback: b''
2025-02-24 10:15:25,062 - ERROR - Received empty feedback.
2025-02-24 10:15:26,065 - INFO - Sending command: #:

2025-02-24 10:15:26,413 - INFO - Feedback: b'0'
2025-02-24 10:15:27,413 - INFO - Sending command: BR:123:

2025-02-24 10:15:28,422 - INFO - Feedback: b''
2025-02-24 10:15:28,422 - ERROR - Received empty feedback.
2025-02-24 10:15:29,423 - INFO - Cycle: 1/10 completed.
2025-02-24 10:15:29,423 - INFO - Sending command: QR:abc:

2025-02-24 10:15:29,423 - INFO - Feedback: b'0'
2025-02-24 10:15:30,423 - INFO - Sending command: #:

2025-02-24 10:15:30,813 - INFO - Feedback: b'0'
2025-02-24 10:15:31,813 - INFO - Sending command: BR:123:

2025-02-24 10:15:32,823 - INFO - Feedback: b''
2025-02-24 10:15:32,823 - ERROR - Received empty feedback.
2025-02-24 10:15:33,824 - INFO - Cycle: 2/10 completed.
2025-02-24 10:15:33,824 - INFO - Sending command: QR:abc:

2025-02-24 10:15:33,824 - INFO - Feedback: b'0'
2025-02-24 10:15:34,825 - INFO - Sending command: #:

2025-02-24 10:15:35,213 - INFO - Feedback: b'0'
2025-02-24 10:15:36,213 - INFO - Sending command: BR:123:

2025-02-24 10:15:37,226 - INFO - Feedback: b''
2025-02-24 10:15:37,226 - ERROR - Received empty feedback.
2025-02-24 10:15:38,226 - INFO - Cycle: 3/10 completed.
2025-02-24 10:15:38,226 - INFO - Sending command: QR:abc:

2025-02-24 10:15:38,227 - INFO - Feedback: b'0'
2025-02-24 10:15:39,227 - INFO - Sending command: #:

2025-02-24 10:15:39,613 - INFO - Feedback: b'0'
2025-02-24 10:15:40,613 - INFO - Sending command: BR:123:

2025-02-24 10:15:41,620 - INFO - Feedback: b''
2025-02-24 10:15:41,620 - ERROR - Received empty feedback.
2025-02-24 10:15:42,620 - INFO - Cycle: 4/10 completed.
2025-02-24 10:15:42,620 - INFO - Sending command: QR:abc:

2025-02-24 10:15:42,621 - INFO - Feedback: b'0'
2025-02-24 10:15:43,621 - INFO - Sending command: #:

2025-02-24 10:15:44,013 - INFO - Feedback: b'0'
2025-02-24 10:15:45,013 - INFO - Sending command: BR:123:

2025-02-24 10:15:46,020 - INFO - Feedback: b''
2025-02-24 10:15:46,020 - ERROR - Received empty feedback.
2025-02-24 10:15:47,020 - INFO - Cycle: 5/10 completed.
2025-02-24 10:15:47,020 - INFO - Sending command: QR:abc:

2025-02-24 10:15:47,021 - INFO - Feedback: b'0'
2025-02-24 10:15:48,021 - INFO - Sending command: #:

2025-02-24 10:15:48,413 - INFO - Feedback: b'0'
2025-02-24 10:15:49,413 - INFO - Sending command: BR:123:

2025-02-24 10:15:50,418 - INFO - Feedback: b''
2025-02-24 10:15:50,418 - ERROR - Received empty feedback.
2025-02-24 10:15:51,419 - INFO - Cycle: 6/10 completed.
2025-02-24 10:15:51,419 - INFO - Sending command: QR:abc:

2025-02-24 10:15:51,419 - INFO - Feedback: b'0'
2025-02-24 10:15:52,420 - INFO - Sending command: #:

2025-02-24 10:15:52,813 - INFO - Feedback: b'0'
2025-02-24 10:15:53,813 - INFO - Sending command: BR:123:

2025-02-24 10:15:54,813 - INFO - Feedback: b''
2025-02-24 10:15:54,813 - ERROR - Received empty feedback.
2025-02-24 10:15:55,813 - INFO - Cycle: 7/10 completed.
2025-02-24 10:15:55,814 - INFO - Sending command: QR:abc:

2025-02-24 10:15:55,814 - INFO - Feedback: b'0'
2025-02-24 10:15:56,814 - INFO - Sending command: #:

2025-02-24 10:15:57,213 - INFO - Feedback: b'0'
2025-02-24 10:15:58,213 - INFO - Sending command: BR:123:

2025-02-24 10:15:59,216 - INFO - Feedback: b''
2025-02-24 10:15:59,216 - ERROR - Received empty feedback.
2025-02-24 10:16:00,217 - INFO - Cycle: 8/10 completed.
2025-02-24 10:16:00,217 - INFO - Sending command: QR:abc:

2025-02-24 10:16:00,217 - INFO - Feedback: b'0'
2025-02-24 10:16:01,217 - INFO - Sending command: #:

2025-02-24 10:16:01,612 - INFO - Feedback: b'0'
2025-02-24 10:16:02,613 - INFO - Sending command: BR:123:

2025-02-24 10:16:03,618 - INFO - Feedback: b''
2025-02-24 10:16:03,618 - ERROR - Received empty feedback.
2025-02-24 10:16:04,618 - INFO - Cycle: 9/10 completed.
2025-02-24 10:16:04,619 - INFO - Sending command: QR:abc:

2025-02-24 10:16:04,619 - INFO - Feedback: b'0'
2025-02-24 10:16:05,619 - INFO - Sending command: #:

2025-02-24 10:16:06,013 - INFO - Feedback: b'0'
2025-02-24 10:16:07,013 - INFO - Sending command: BR:123:

2025-02-24 10:16:08,026 - INFO - Feedback: b''
2025-02-24 10:16:08,027 - ERROR - Received empty feedback.
2025-02-24 10:16:09,027 - INFO - Cycle: 10/10 completed.
2025-02-24 10:16:09,137 - INFO - Serial connection closed.
2025-02-24 10:16:09,138 - INFO - Total commands completed: 30
2025-02-24 10:16:09,138 - INFO - Total errors encountered: 11
2025-02-24 10:16:09,138 - INFO - Total timeouts encountered: 0
2025-02-24 10:16:09,138 - INFO - Total cycles completed: 10
2025-02-24 10:16:29,526 - INFO - Connected to COM7 at 115200 baud.
2025-02-24 10:16:29,526 - INFO - Sending command: QR:abc:

2025-02-24 10:16:30,531 - INFO - Feedback: b''
2025-02-24 10:16:30,531 - ERROR - Received empty feedback.
2025-02-24 10:16:31,532 - INFO - Sending command: #:

2025-02-24 10:16:31,873 - INFO - Feedback: b'0'
2025-02-24 10:16:32,874 - INFO - Sending command: BR:123:

2025-02-24 10:16:33,877 - INFO - Feedback: b''
2025-02-24 10:16:33,877 - ERROR - Received empty feedback.
2025-02-24 10:16:34,877 - INFO - Cycle: 1/2 completed.
2025-02-24 10:16:34,878 - INFO - Sending command: QR:abc:

2025-02-24 10:16:34,878 - INFO - Feedback: b'0'
2025-02-24 10:16:35,878 - INFO - Sending command: #:

2025-02-24 10:16:36,273 - INFO - Feedback: b'0'
2025-02-24 10:16:37,274 - INFO - Sending command: BR:123:

2025-02-24 10:16:38,287 - INFO - Feedback: b''
2025-02-24 10:16:38,287 - ERROR - Received empty feedback.
2025-02-24 10:16:39,287 - INFO - Cycle: 2/2 completed.
2025-02-24 10:16:39,398 - INFO - Serial connection closed.
2025-02-24 10:16:39,398 - INFO - Total commands completed: 6
2025-02-24 10:16:39,398 - INFO - Total errors encountered: 3
2025-02-24 10:16:39,398 - INFO - Total timeouts encountered: 0
2025-02-24 10:16:39,398 - INFO - Total cycles completed: 2
2025-02-24 10:33:54,308 - INFO - Connected to COM7 at 115200 baud.
2025-02-24 10:33:54,308 - INFO - Sending command: QR:abc:

2025-02-24 10:33:55,309 - INFO - Feedback: b''
2025-02-24 10:33:55,309 - ERROR - Received empty feedback.
2025-02-24 10:33:56,309 - INFO - Sending command: #:

2025-02-24 10:33:56,655 - INFO - Feedback: b'0'
2025-02-24 10:33:57,656 - INFO - Sending command: BR:123:

2025-02-24 10:33:58,662 - INFO - Feedback: b''
2025-02-24 10:33:58,663 - ERROR - Received empty feedback.
2025-02-24 10:33:59,663 - INFO - Cycle: 1/2 completed.
2025-02-24 10:33:59,663 - INFO - Sending command: QR:abc:

2025-02-24 10:33:59,664 - INFO - Feedback: b'0'
2025-02-24 10:34:00,664 - INFO - Sending command: #:

2025-02-24 10:34:01,055 - INFO - Feedback: b'0'
2025-02-24 10:34:02,056 - INFO - Sending command: BR:123:

2025-02-24 10:34:03,065 - INFO - Feedback: b''
2025-02-24 10:34:03,065 - ERROR - Received empty feedback.
2025-02-24 10:34:04,066 - INFO - Cycle: 2/2 completed.
2025-02-24 10:34:04,183 - INFO - Serial connection closed.
2025-02-24 10:34:04,183 - INFO - Total commands completed: 6
2025-02-24 10:34:04,183 - INFO - Total errors encountered: 3
2025-02-24 10:34:04,183 - INFO - Total timeouts encountered: 0
2025-02-24 10:34:04,183 - INFO - Total cycles completed: 2
2025-02-24 11:06:47,377 - INFO - Connected to COM7 at 115200 baud.
2025-02-24 11:06:47,377 - INFO - Sending command: QR:abc:

2025-02-24 11:06:48,386 - INFO - Feedback: b''
2025-02-24 11:06:48,386 - ERROR - Received empty feedback.
2025-02-24 11:06:49,386 - INFO - Sending command: #:

2025-02-24 11:06:49,725 - INFO - Feedback: b'0'
2025-02-24 11:06:50,726 - INFO - Sending command: BR:123:

2025-02-24 11:06:51,738 - INFO - Feedback: b''
2025-02-24 11:06:51,739 - ERROR - Received empty feedback.
2025-02-24 11:06:52,740 - INFO - Cycle: 1/2 completed.
2025-02-24 11:06:52,740 - INFO - Sending command: QR:abc:

2025-02-24 11:06:52,741 - INFO - Feedback: b'0'
2025-02-24 11:06:53,741 - INFO - Sending command: #:

2025-02-24 11:06:54,125 - INFO - Feedback: b'0'
2025-02-24 11:06:55,126 - INFO - Sending command: BR:123:

2025-02-24 11:06:56,138 - INFO - Feedback: b''
2025-02-24 11:06:56,138 - ERROR - Received empty feedback.
2025-02-24 11:06:57,139 - INFO - Cycle: 2/2 completed.
2025-02-24 11:06:57,263 - INFO - Serial connection closed.
2025-02-24 11:06:57,263 - INFO - Total commands completed: 6
2025-02-24 11:06:57,263 - INFO - Total errors encountered: 3
2025-02-24 11:06:57,263 - INFO - Total timeouts encountered: 0
2025-02-24 11:06:57,263 - INFO - Total cycles completed: 2
