2025-02-14 16:18:17,723 - ERROR - Failed to connect to COM5: could not open port 'COM5': FileNotFoundError(2, 'The system cannot find the file specified.', None, 2)
2025-02-14 16:18:32,456 - ERROR - Failed to connect to COM5: could not open port 'COM5': FileNotFoundError(2, 'The system cannot find the file specified.', None, 2)
2025-02-14 16:31:16,014 - INFO - Connected to COM5 at 115200 baud.
2025-02-14 16:31:16,014 - INFO - Sending command: p:1:b1:1:200:2:200:


2025-02-14 16:31:17,018 - INFO - Feedback: b''
2025-02-14 16:31:20,019 - INFO - Sending command: p:1:b2:1:200:2:200:


2025-02-14 16:31:20,634 - INFO - Feedback: b'0'
2025-02-14 16:31:23,635 - INFO - Sending command: p:1:b3:1:200:2:200:


2025-02-14 16:31:23,635 - INFO - Feedback: b'13'
2025-02-14 16:31:23,638 - WARNING - Timeout occurred.
2025-02-14 16:31:26,639 - INFO - Cycle: 1/200 completed.
2025-02-14 16:31:26,639 - INFO - Sending command: p:1:b1:1:200:2:200:


2025-02-14 16:31:27,243 - INFO - Feedback: b'0'
2025-02-14 16:31:30,244 - INFO - Sending command: p:1:b2:1:200:2:200:


2025-02-14 16:31:30,244 - INFO - Feedback: b'13'
2025-02-14 16:31:30,245 - WARNING - Timeout occurred.
2025-02-14 16:31:33,245 - INFO - Sending command: p:1:b3:1:200:2:200:


2025-02-14 16:31:33,246 - INFO - Feedback: b'0'
2025-02-14 16:31:36,247 - INFO - Cycle: 2/200 completed.
2025-02-14 16:31:36,247 - INFO - Sending command: p:1:b1:1:200:2:200:


2025-02-14 16:31:36,248 - INFO - Feedback: b'13'
2025-02-14 16:31:36,248 - WARNING - Timeout occurred.
2025-02-14 16:31:39,249 - INFO - Sending command: p:1:b2:1:200:2:200:


2025-02-14 16:31:39,249 - INFO - Feedback: b'0'
2025-02-14 16:31:42,250 - INFO - Sending command: p:1:b3:1:200:2:200:


2025-02-14 16:31:42,251 - INFO - Feedback: b'13'
2025-02-14 16:31:42,252 - WARNING - Timeout occurred.
2025-02-14 16:31:45,252 - INFO - Cycle: 3/200 completed.
2025-02-14 16:31:45,252 - INFO - Sending command: p:1:b1:1:200:2:200:


2025-02-14 16:31:45,253 - INFO - Feedback: b'0'
2025-02-14 16:31:48,254 - INFO - Sending command: p:1:b2:1:200:2:200:


2025-02-14 16:31:48,255 - INFO - Feedback: b'13'
2025-02-14 16:31:48,255 - WARNING - Timeout occurred.
2025-02-14 16:31:51,255 - INFO - Sending command: p:1:b3:1:200:2:200:


2025-02-14 16:31:51,256 - INFO - Feedback: b'0'
2025-02-14 16:31:54,256 - INFO - Cycle: 4/200 completed.
2025-02-14 16:31:54,257 - INFO - Sending command: p:1:b1:1:200:2:200:


2025-02-14 16:31:54,258 - INFO - Feedback: b'13'
2025-02-14 16:31:54,258 - WARNING - Timeout occurred.
2025-02-14 16:31:57,259 - INFO - Sending command: p:1:b2:1:200:2:200:


2025-02-14 16:31:57,260 - INFO - Feedback: b'0'
2025-02-14 16:32:00,261 - INFO - Sending command: p:1:b3:1:200:2:200:


2025-02-14 16:32:00,261 - INFO - Feedback: b'13'
2025-02-14 16:32:00,262 - WARNING - Timeout occurred.
2025-02-14 16:32:40,031 - INFO - Connected to COM5 at 115200 baud.
2025-02-14 16:32:40,031 - INFO - Sending command: p:1:b1:1:200:2:200:


2025-02-14 16:32:40,650 - INFO - Feedback: b'0'
2025-02-14 16:32:43,650 - INFO - Sending command: p:1:b2:1:200:2:200:


2025-02-14 16:32:43,651 - INFO - Feedback: b'13'
2025-02-14 16:32:43,651 - WARNING - Timeout occurred.
2025-02-14 16:32:46,651 - INFO - Sending command: p:1:b3:1:200:2:200:


2025-02-14 16:32:46,652 - INFO - Feedback: b'0'
2025-02-14 16:32:49,653 - INFO - Cycle: 1/5 completed.
2025-02-14 16:32:49,654 - INFO - Sending command: p:1:b1:1:200:2:200:


2025-02-14 16:32:49,655 - INFO - Feedback: b'13'
2025-02-14 16:32:49,655 - WARNING - Timeout occurred.
2025-02-14 16:32:52,656 - INFO - Sending command: p:1:b2:1:200:2:200:


2025-02-14 16:32:52,658 - INFO - Feedback: b'0'
2025-02-14 16:32:55,658 - INFO - Sending command: p:1:b3:1:200:2:200:


2025-02-14 16:32:55,659 - INFO - Feedback: b'13'
2025-02-14 16:32:55,659 - WARNING - Timeout occurred.
2025-02-14 16:32:58,660 - INFO - Cycle: 2/5 completed.
2025-02-14 16:32:58,660 - INFO - Sending command: p:1:b1:1:200:2:200:


2025-02-14 16:32:58,661 - INFO - Feedback: b'0'
2025-02-14 16:33:01,662 - INFO - Sending command: p:1:b2:1:200:2:200:


2025-02-14 16:33:01,664 - INFO - Feedback: b'13'
2025-02-14 16:33:01,664 - WARNING - Timeout occurred.
2025-02-14 16:33:04,665 - INFO - Sending command: p:1:b3:1:200:2:200:


2025-02-14 16:33:04,666 - INFO - Feedback: b'0'
2025-02-14 16:33:07,667 - INFO - Cycle: 3/5 completed.
2025-02-14 16:33:07,667 - INFO - Sending command: p:1:b1:1:200:2:200:


2025-02-14 16:33:07,668 - INFO - Feedback: b'13'
2025-02-14 16:33:07,669 - WARNING - Timeout occurred.
2025-02-14 16:33:10,669 - INFO - Sending command: p:1:b2:1:200:2:200:


2025-02-14 16:33:10,671 - INFO - Feedback: b'0'
2025-02-14 16:33:13,672 - INFO - Sending command: p:1:b3:1:200:2:200:


2025-02-14 16:33:13,673 - INFO - Feedback: b'13'
2025-02-14 16:33:13,673 - WARNING - Timeout occurred.
2025-02-14 16:33:16,674 - INFO - Cycle: 4/5 completed.
2025-02-14 16:33:16,674 - INFO - Sending command: p:1:b1:1:200:2:200:


2025-02-14 16:33:16,675 - INFO - Feedback: b'0'
2025-02-14 16:33:19,676 - INFO - Sending command: p:1:b2:1:200:2:200:


2025-02-14 16:33:19,677 - INFO - Feedback: b'13'
2025-02-14 16:33:19,677 - WARNING - Timeout occurred.
2025-02-14 16:33:22,678 - INFO - Sending command: p:1:b3:1:200:2:200:


2025-02-14 16:33:22,679 - INFO - Feedback: b'0'
2025-02-14 16:33:25,679 - INFO - Cycle: 5/5 completed.
2025-02-14 16:33:25,797 - INFO - Serial connection closed.
2025-02-14 16:33:25,798 - INFO - Total commands executed: 15
2025-02-14 16:33:25,798 - INFO - Total errors encountered: 0
2025-02-14 16:33:25,798 - INFO - Total timeouts encountered: 7
2025-02-14 16:33:25,798 - INFO - Total cycles completed: 5
2025-02-14 16:33:36,233 - INFO - Connected to COM5 at 115200 baud.
2025-02-14 16:33:36,233 - INFO - Sending command: p:1:b1:1:200:2:200:


2025-02-14 16:33:36,851 - INFO - Feedback: b'0'
2025-02-14 16:33:39,852 - INFO - Sending command: p:1:b2:1:200:2:200:


2025-02-14 16:33:39,852 - INFO - Feedback: b'13'
2025-02-14 16:33:39,852 - WARNING - Timeout occurred.
2025-02-14 16:33:42,853 - INFO - Sending command: p:1:b3:1:200:2:200:


2025-02-14 16:33:42,853 - INFO - Feedback: b'0'
2025-02-14 16:33:45,854 - INFO - Cycle: 1/5 completed.
2025-02-14 16:33:45,855 - INFO - Sending command: p:1:b1:1:200:2:200:


2025-02-14 16:33:45,855 - INFO - Feedback: b'13'
2025-02-14 16:33:45,855 - WARNING - Timeout occurred.
2025-02-14 16:33:48,855 - INFO - Sending command: p:1:b2:1:200:2:200:


2025-02-14 16:33:48,856 - INFO - Feedback: b'0'
2025-02-14 16:33:51,857 - INFO - Sending command: p:1:b3:1:200:2:200:


2025-02-14 16:33:51,858 - INFO - Feedback: b'13'
2025-02-14 16:33:51,859 - WARNING - Timeout occurred.
2025-02-14 16:33:54,860 - INFO - Cycle: 2/5 completed.
2025-02-14 16:33:54,860 - INFO - Sending command: p:1:b1:1:200:2:200:


2025-02-14 16:33:54,861 - INFO - Feedback: b'0'
2025-02-14 16:33:57,862 - INFO - Sending command: p:1:b2:1:200:2:200:


2025-02-14 16:33:57,863 - INFO - Feedback: b'13'
2025-02-14 16:33:57,864 - WARNING - Timeout occurred.
2025-02-14 16:34:00,865 - INFO - Sending command: p:1:b3:1:200:2:200:


2025-02-14 16:34:00,865 - INFO - Feedback: b'0'
2025-02-14 16:34:03,866 - INFO - Cycle: 3/5 completed.
2025-02-14 16:34:03,867 - INFO - Sending command: p:1:b1:1:200:2:200:


2025-02-14 16:34:03,868 - INFO - Feedback: b'13'
2025-02-14 16:34:03,869 - WARNING - Timeout occurred.
2025-02-14 16:34:06,869 - INFO - Sending command: p:1:b2:1:200:2:200:


2025-02-14 16:34:06,870 - INFO - Feedback: b'0'
2025-02-14 16:34:09,870 - INFO - Sending command: p:1:b3:1:200:2:200:


2025-02-14 16:34:09,871 - INFO - Feedback: b'13'
2025-02-14 16:34:09,872 - WARNING - Timeout occurred.
2025-02-14 16:34:12,873 - INFO - Cycle: 4/5 completed.
2025-02-14 16:34:12,873 - INFO - Sending command: p:1:b1:1:200:2:200:


2025-02-14 16:34:12,874 - INFO - Feedback: b'0'
2025-02-14 16:34:15,875 - INFO - Sending command: p:1:b2:1:200:2:200:


2025-02-14 16:34:15,876 - INFO - Feedback: b'13'
2025-02-14 16:34:15,876 - WARNING - Timeout occurred.
2025-02-14 16:34:18,877 - INFO - Sending command: p:1:b3:1:200:2:200:


2025-02-14 16:34:18,878 - INFO - Feedback: b'0'
2025-02-14 16:34:21,879 - INFO - Cycle: 5/5 completed.
2025-02-14 16:34:21,988 - INFO - Serial connection closed.
2025-02-14 16:34:21,989 - INFO - Total commands executed: 15
2025-02-14 16:34:21,989 - INFO - Total errors encountered: 0
2025-02-14 16:34:21,989 - INFO - Total timeouts encountered: 7
2025-02-14 16:34:21,989 - INFO - Total cycles completed: 5
2025-02-14 16:35:02,276 - INFO - Connected to COM5 at 115200 baud.
2025-02-14 16:35:02,276 - INFO - Sending command: p:1:b1:1:200:2:200:


2025-02-14 16:35:02,895 - INFO - Feedback: b'0'
2025-02-14 16:35:05,896 - INFO - Sending command: p:1:b2:1:200:2:200:


2025-02-14 16:35:05,898 - INFO - Feedback: b'13'
2025-02-14 16:35:05,898 - WARNING - Timeout occurred.
2025-02-14 16:35:08,899 - INFO - Sending command: p:1:b3:1:200:2:200:


2025-02-14 16:35:08,900 - INFO - Feedback: b'0'
2025-02-14 16:35:11,902 - INFO - Cycle: 1/5 completed.
2025-02-14 16:35:11,902 - INFO - Sending command: p:1:b1:1:200:2:200:


2025-02-14 16:35:11,903 - INFO - Feedback: b'13'
2025-02-14 16:35:11,904 - WARNING - Timeout occurred.
2025-02-14 16:35:14,904 - INFO - Sending command: p:1:b2:1:200:2:200:


2025-02-14 16:35:14,905 - INFO - Feedback: b'0'
2025-02-14 16:35:17,905 - INFO - Sending command: p:1:b3:1:200:2:200:


2025-02-14 16:35:17,906 - INFO - Feedback: b'13'
2025-02-14 16:35:17,906 - WARNING - Timeout occurred.
2025-02-14 16:35:20,907 - INFO - Cycle: 2/5 completed.
2025-02-14 16:35:20,908 - INFO - Sending command: p:1:b1:1:200:2:200:


2025-02-14 16:35:20,908 - INFO - Feedback: b'0'
2025-02-14 16:35:23,909 - INFO - Sending command: p:1:b2:1:200:2:200:


2025-02-14 16:35:23,910 - INFO - Feedback: b'13'
2025-02-14 16:35:23,910 - WARNING - Timeout occurred.
2025-02-14 16:35:26,910 - INFO - Sending command: p:1:b3:1:200:2:200:


2025-02-14 16:35:26,911 - INFO - Feedback: b'0'
2025-02-14 16:35:29,912 - INFO - Cycle: 3/5 completed.
2025-02-14 16:35:29,912 - INFO - Sending command: p:1:b1:1:200:2:200:


2025-02-14 16:35:29,913 - INFO - Feedback: b'13'
2025-02-14 16:35:29,913 - WARNING - Timeout occurred.
2025-02-14 16:35:32,914 - INFO - Sending command: p:1:b2:1:200:2:200:


2025-02-14 16:35:32,915 - INFO - Feedback: b'0'
2025-02-14 16:35:35,915 - INFO - Sending command: p:1:b3:1:200:2:200:


2025-02-14 16:35:35,916 - INFO - Feedback: b'13'
2025-02-14 16:35:35,917 - WARNING - Timeout occurred.
2025-02-14 16:35:38,917 - INFO - Cycle: 4/5 completed.
2025-02-14 16:35:38,917 - INFO - Sending command: p:1:b1:1:200:2:200:


2025-02-14 16:35:38,918 - INFO - Feedback: b'0'
2025-02-14 16:35:41,919 - INFO - Sending command: p:1:b2:1:200:2:200:


2025-02-14 16:35:41,920 - INFO - Feedback: b'13'
2025-02-14 16:35:41,920 - WARNING - Timeout occurred.
2025-02-14 16:35:44,921 - INFO - Sending command: p:1:b3:1:200:2:200:


2025-02-14 16:35:44,922 - INFO - Feedback: b'0'
2025-02-14 16:35:47,923 - INFO - Cycle: 5/5 completed.
2025-02-14 16:35:48,038 - INFO - Serial connection closed.
2025-02-14 16:35:48,038 - INFO - Total commands executed: 15
2025-02-14 16:35:48,038 - INFO - Total errors encountered: 0
2025-02-14 16:35:48,039 - INFO - Total timeouts encountered: 7
2025-02-14 16:35:48,039 - INFO - Total cycles completed: 5
2025-02-14 16:36:02,209 - INFO - Connected to COM5 at 115200 baud.
2025-02-14 16:36:02,210 - INFO - Sending command: p:1:b1:1:200:2:200:


2025-02-14 16:36:02,221 - ERROR - Timeout while sending command: p:1:b1:1:200:2:200:


2025-02-14 16:36:02,222 - INFO - Sending command: p:1:b2:1:200:2:200:


2025-02-14 16:36:02,222 - ERROR - Exception while sending command: WriteFile failed (PermissionError(13, 'Access is denied.', None, 5))
2025-02-14 16:36:02,222 - INFO - Sending command: p:1:b3:1:200:2:200:


2025-02-14 16:36:02,222 - ERROR - Exception while sending command: WriteFile failed (PermissionError(13, 'Access is denied.', None, 5))
2025-02-14 16:36:02,222 - INFO - Cycle: 1/5 completed.
2025-02-14 16:36:02,222 - INFO - Sending command: p:1:b1:1:200:2:200:


2025-02-14 16:36:02,222 - ERROR - Exception while sending command: WriteFile failed (PermissionError(13, 'Access is denied.', None, 5))
2025-02-14 16:36:02,222 - INFO - Sending command: p:1:b2:1:200:2:200:


2025-02-14 16:36:02,222 - ERROR - Exception while sending command: WriteFile failed (PermissionError(13, 'Access is denied.', None, 5))
2025-02-14 16:36:02,222 - INFO - Sending command: p:1:b3:1:200:2:200:


2025-02-14 16:36:02,222 - ERROR - Exception while sending command: WriteFile failed (PermissionError(13, 'Access is denied.', None, 5))
2025-02-14 16:36:02,222 - INFO - Cycle: 2/5 completed.
2025-02-14 16:36:02,222 - INFO - Sending command: p:1:b1:1:200:2:200:


2025-02-14 16:36:02,222 - ERROR - Exception while sending command: WriteFile failed (PermissionError(13, 'Access is denied.', None, 5))
2025-02-14 16:36:02,222 - INFO - Sending command: p:1:b2:1:200:2:200:


2025-02-14 16:36:02,223 - ERROR - Exception while sending command: WriteFile failed (PermissionError(13, 'Access is denied.', None, 5))
2025-02-14 16:36:02,223 - INFO - Sending command: p:1:b3:1:200:2:200:


2025-02-14 16:36:02,223 - ERROR - Exception while sending command: WriteFile failed (PermissionError(13, 'Access is denied.', None, 5))
2025-02-14 16:36:02,223 - INFO - Cycle: 3/5 completed.
2025-02-14 16:36:02,223 - INFO - Sending command: p:1:b1:1:200:2:200:


2025-02-14 16:36:02,223 - ERROR - Exception while sending command: WriteFile failed (PermissionError(13, 'Access is denied.', None, 5))
2025-02-14 16:36:02,223 - INFO - Sending command: p:1:b2:1:200:2:200:


2025-02-14 16:36:02,223 - ERROR - Exception while sending command: WriteFile failed (PermissionError(13, 'Access is denied.', None, 5))
2025-02-14 16:36:02,223 - INFO - Sending command: p:1:b3:1:200:2:200:


2025-02-14 16:36:02,223 - ERROR - Exception while sending command: WriteFile failed (PermissionError(13, 'Access is denied.', None, 5))
2025-02-14 16:36:02,223 - INFO - Cycle: 4/5 completed.
2025-02-14 16:36:02,223 - INFO - Sending command: p:1:b1:1:200:2:200:


2025-02-14 16:36:02,223 - ERROR - Exception while sending command: WriteFile failed (PermissionError(13, 'Access is denied.', None, 5))
2025-02-14 16:36:02,223 - INFO - Sending command: p:1:b2:1:200:2:200:


2025-02-14 16:36:02,223 - ERROR - Exception while sending command: WriteFile failed (PermissionError(13, 'Access is denied.', None, 5))
2025-02-14 16:36:02,223 - INFO - Sending command: p:1:b3:1:200:2:200:


2025-02-14 16:36:02,223 - ERROR - Exception while sending command: WriteFile failed (PermissionError(13, 'Access is denied.', None, 5))
2025-02-14 16:36:02,224 - INFO - Cycle: 5/5 completed.
2025-02-14 16:36:15,377 - ERROR - Failed to connect to COM5: could not open port 'COM5': PermissionError(13, 'Access is denied.', None, 5)
2025-02-14 16:36:35,360 - ERROR - Failed to connect to COM5: could not open port 'COM5': PermissionError(13, 'Access is denied.', None, 5)
2025-02-14 16:39:50,712 - ERROR - Failed to connect to COM5: could not open port 'COM5': PermissionError(13, 'Access is denied.', None, 5)
