2025-02-14 17:21:39,922 - INFO - Connected to COM5 at 115200 baud.
2025-02-14 17:21:39,922 - INFO - Sending command: p:1:b1:1:200:2:200:


2025-02-14 17:21:40,542 - INFO - Feedback: b'0'
2025-02-14 17:21:43,542 - INFO - Sending command: p:1:b2:1:200:2:200:


2025-02-14 17:21:43,543 - INFO - Feedback: b'13'
2025-02-14 17:21:43,543 - WARNING - Timeout occurred.
2025-02-14 17:21:46,544 - INFO - Sending command: p:1:b3:1:200:2:200:


2025-02-14 17:21:46,545 - INFO - Feedback: b'0'
2025-02-14 17:21:49,545 - INFO - Cycle: 1/5 completed.
2025-02-14 17:21:49,546 - INFO - Sending command: p:1:b1:1:200:2:200:


2025-02-14 17:21:49,546 - INFO - Feedback: b'13'
2025-02-14 17:21:49,546 - WARNING - Timeout occurred.
2025-02-14 17:21:52,550 - INFO - Sending command: p:1:b2:1:200:2:200:


2025-02-14 17:21:52,551 - INFO - Feedback: b'0'
2025-02-14 17:21:55,552 - INFO - Sending command: p:1:b3:1:200:2:200:


2025-02-14 17:21:55,552 - INFO - Feedback: b'13'
2025-02-14 17:21:55,553 - WARNING - Timeout occurred.
2025-02-14 17:21:58,553 - INFO - Cycle: 2/5 completed.
2025-02-14 17:21:58,554 - INFO - Sending command: p:1:b1:1:200:2:200:


2025-02-14 17:21:58,555 - INFO - Feedback: b'0'
2025-02-14 17:22:01,556 - INFO - Sending command: p:1:b2:1:200:2:200:


2025-02-14 17:22:01,556 - INFO - Feedback: b'13'
2025-02-14 17:22:01,557 - WARNING - Timeout occurred.
2025-02-14 17:22:04,557 - INFO - Sending command: p:1:b3:1:200:2:200:


2025-02-14 17:22:04,558 - INFO - Feedback: b'0'
2025-02-14 17:22:07,559 - INFO - Cycle: 3/5 completed.
2025-02-14 17:22:07,559 - INFO - Sending command: p:1:b1:1:200:2:200:


2025-02-14 17:22:07,560 - INFO - Feedback: b'13'
2025-02-14 17:22:07,560 - WARNING - Timeout occurred.
2025-02-14 17:22:10,561 - INFO - Sending command: p:1:b2:1:200:2:200:


2025-02-14 17:22:10,562 - INFO - Feedback: b'0'
2025-02-14 17:40:10,109 - INFO - Connected to COM5 at 115200 baud.
2025-02-14 17:40:10,110 - INFO - Sending command: p:1:b1:1:200:2:200:


2025-02-14 17:40:10,122 - ERROR - Timeout while sending command: p:1:b1:1:200:2:200:


2025-02-14 17:40:10,122 - INFO - Sending command: p:1:b2:1:200:2:200:


2025-02-14 17:40:10,122 - ERROR - Exception while sending command: WriteFile failed (PermissionError(13, 'Access is denied.', None, 5))
2025-02-14 17:40:10,122 - INFO - Sending command: p:1:b3:1:200:2:200:


2025-02-14 17:40:10,122 - ERROR - Exception while sending command: WriteFile failed (PermissionError(13, 'Access is denied.', None, 5))
2025-02-14 17:40:10,122 - INFO - Cycle: 1/5 completed.
2025-02-14 17:40:10,122 - INFO - Sending command: p:1:b1:1:200:2:200:


2025-02-14 17:40:10,122 - ERROR - Exception while sending command: WriteFile failed (PermissionError(13, 'Access is denied.', None, 5))
2025-02-14 17:40:10,122 - INFO - Sending command: p:1:b2:1:200:2:200:


2025-02-14 17:40:10,122 - ERROR - Exception while sending command: WriteFile failed (PermissionError(13, 'Access is denied.', None, 5))
2025-02-14 17:40:10,122 - INFO - Sending command: p:1:b3:1:200:2:200:


2025-02-14 17:40:10,122 - ERROR - Exception while sending command: WriteFile failed (PermissionError(13, 'Access is denied.', None, 5))
2025-02-14 17:40:10,122 - INFO - Cycle: 2/5 completed.
2025-02-14 17:40:10,122 - INFO - Sending command: p:1:b1:1:200:2:200:


2025-02-14 17:40:10,122 - ERROR - Exception while sending command: WriteFile failed (PermissionError(13, 'Access is denied.', None, 5))
2025-02-14 17:40:10,123 - INFO - Sending command: p:1:b2:1:200:2:200:


2025-02-14 17:40:10,123 - ERROR - Exception while sending command: WriteFile failed (PermissionError(13, 'Access is denied.', None, 5))
2025-02-14 17:40:10,123 - INFO - Sending command: p:1:b3:1:200:2:200:


2025-02-14 17:40:10,123 - ERROR - Exception while sending command: WriteFile failed (PermissionError(13, 'Access is denied.', None, 5))
2025-02-14 17:40:10,123 - INFO - Cycle: 3/5 completed.
2025-02-14 17:40:10,123 - INFO - Sending command: p:1:b1:1:200:2:200:


2025-02-14 17:40:10,123 - ERROR - Exception while sending command: WriteFile failed (PermissionError(13, 'Access is denied.', None, 5))
2025-02-14 17:40:10,123 - INFO - Sending command: p:1:b2:1:200:2:200:


2025-02-14 17:40:10,123 - ERROR - Exception while sending command: WriteFile failed (PermissionError(13, 'Access is denied.', None, 5))
2025-02-14 17:40:10,123 - INFO - Sending command: p:1:b3:1:200:2:200:


2025-02-14 17:40:10,123 - ERROR - Exception while sending command: WriteFile failed (PermissionError(13, 'Access is denied.', None, 5))
2025-02-14 17:40:10,123 - INFO - Cycle: 4/5 completed.
2025-02-14 17:40:10,123 - INFO - Sending command: p:1:b1:1:200:2:200:


2025-02-14 17:40:10,123 - ERROR - Exception while sending command: WriteFile failed (PermissionError(13, 'Access is denied.', None, 5))
2025-02-14 17:40:10,123 - INFO - Sending command: p:1:b2:1:200:2:200:


2025-02-14 17:40:10,123 - ERROR - Exception while sending command: WriteFile failed (PermissionError(13, 'Access is denied.', None, 5))
2025-02-14 17:40:10,123 - INFO - Sending command: p:1:b3:1:200:2:200:


2025-02-14 17:40:10,123 - ERROR - Exception while sending command: WriteFile failed (PermissionError(13, 'Access is denied.', None, 5))
2025-02-14 17:40:10,123 - INFO - Cycle: 5/5 completed.
2025-02-14 17:40:23,405 - ERROR - Failed to connect to COM5: could not open port 'COM5': PermissionError(13, 'Access is denied.', None, 5)
2025-02-14 17:40:45,671 - INFO - Connected to COM5 at 115200 baud.
2025-02-14 17:40:45,672 - INFO - Sending command: p:1:b1:1:200:2:200:


2025-02-14 17:40:46,289 - INFO - Feedback: b'0'
2025-02-14 17:40:49,289 - INFO - Sending command: p:1:b2:1:200:2:200:


2025-02-14 17:40:49,290 - INFO - Feedback: b'13'
2025-02-14 17:40:49,290 - WARNING - Timeout occurred.
2025-02-14 17:40:52,290 - INFO - Sending command: p:1:b3:1:200:2:200:


2025-02-14 17:40:52,291 - INFO - Feedback: b'0'
2025-02-14 17:40:55,292 - INFO - Cycle: 1/5 completed.
2025-02-14 17:40:55,293 - INFO - Sending command: p:1:b1:1:200:2:200:


2025-02-14 17:40:55,294 - INFO - Feedback: b'13'
2025-02-14 17:40:55,295 - WARNING - Timeout occurred.
2025-02-14 17:40:58,296 - INFO - Sending command: p:1:b2:1:200:2:200:


2025-02-14 17:40:58,297 - INFO - Feedback: b'0'
2025-02-14 17:41:01,297 - INFO - Sending command: p:1:b3:1:200:2:200:


2025-02-14 17:41:01,298 - INFO - Feedback: b'13'
2025-02-14 17:41:01,298 - WARNING - Timeout occurred.
2025-02-14 17:41:04,299 - INFO - Cycle: 2/5 completed.
2025-02-14 17:41:04,300 - INFO - Sending command: p:1:b1:1:200:2:200:


2025-02-14 17:41:04,300 - INFO - Feedback: b'0'
2025-02-14 17:41:07,300 - INFO - Sending command: p:1:b2:1:200:2:200:


2025-02-14 17:41:07,301 - INFO - Feedback: b'13'
2025-02-14 17:41:07,301 - WARNING - Timeout occurred.
2025-02-14 17:41:10,302 - INFO - Sending command: p:1:b3:1:200:2:200:


2025-02-14 17:41:10,303 - INFO - Feedback: b'0'
2025-02-14 17:41:13,303 - INFO - Cycle: 3/5 completed.
2025-02-14 17:41:13,304 - INFO - Sending command: p:1:b1:1:200:2:200:


2025-02-14 17:41:13,305 - INFO - Feedback: b'13'
2025-02-14 17:41:13,305 - WARNING - Timeout occurred.
2025-02-14 17:41:16,306 - INFO - Sending command: p:1:b2:1:200:2:200:


2025-02-14 17:41:16,307 - INFO - Feedback: b'0'
2025-02-14 17:41:19,307 - INFO - Sending command: p:1:b3:1:200:2:200:


2025-02-14 17:41:19,308 - INFO - Feedback: b'13'
2025-02-14 17:41:19,308 - WARNING - Timeout occurred.
2025-02-14 17:41:22,309 - INFO - Cycle: 4/5 completed.
2025-02-14 17:41:22,309 - INFO - Sending command: p:1:b1:1:200:2:200:


2025-02-14 17:41:22,310 - INFO - Feedback: b'0'
2025-02-14 17:41:25,311 - INFO - Sending command: p:1:b2:1:200:2:200:


2025-02-14 17:41:25,312 - INFO - Feedback: b'13'
2025-02-14 17:41:25,312 - WARNING - Timeout occurred.
2025-02-14 17:41:28,312 - INFO - Sending command: p:1:b3:1:200:2:200:


2025-02-14 17:41:28,313 - INFO - Feedback: b'0'
2025-02-14 17:41:31,314 - INFO - Cycle: 5/5 completed.
2025-02-14 17:41:31,426 - INFO - Serial connection closed.
2025-02-14 17:41:31,427 - INFO - Total commands executed: 15
2025-02-14 17:41:31,427 - INFO - Total errors encountered: 0
2025-02-14 17:41:31,427 - INFO - Total timeouts encountered: 7
2025-02-14 17:41:31,428 - INFO - Total cycles completed: 5
2025-02-14 17:41:34,402 - INFO - Connected to COM5 at 115200 baud.
2025-02-14 17:41:34,402 - INFO - Sending command: p:1:b1:1:200:2:200:


2025-02-14 17:41:35,022 - INFO - Feedback: b'0'
2025-02-14 17:41:38,022 - INFO - Sending command: p:1:b2:1:200:2:200:


2025-02-14 17:41:38,024 - INFO - Feedback: b'13'
2025-02-14 17:41:38,024 - WARNING - Timeout occurred.
2025-02-14 17:41:41,024 - INFO - Sending command: p:1:b3:1:200:2:200:


2025-02-14 17:41:41,025 - INFO - Feedback: b'0'
2025-02-14 17:41:44,025 - INFO - Cycle: 1/5 completed.
2025-02-14 17:41:44,026 - INFO - Sending command: p:1:b1:1:200:2:200:


2025-02-14 17:41:44,026 - INFO - Feedback: b'13'
2025-02-14 17:41:44,026 - WARNING - Timeout occurred.
2025-02-14 17:41:47,027 - INFO - Sending command: p:1:b2:1:200:2:200:


2025-02-14 17:41:47,028 - INFO - Feedback: b'0'
2025-02-14 17:41:50,029 - INFO - Sending command: p:1:b3:1:200:2:200:


2025-02-14 17:41:50,030 - INFO - Feedback: b'13'
2025-02-14 17:41:50,030 - WARNING - Timeout occurred.
2025-02-14 17:41:53,031 - INFO - Cycle: 2/5 completed.
2025-02-14 17:41:53,032 - INFO - Sending command: p:1:b1:1:200:2:200:


2025-02-14 17:41:53,032 - INFO - Feedback: b'0'
2025-02-14 17:41:56,033 - INFO - Sending command: p:1:b2:1:200:2:200:


2025-02-14 17:41:56,035 - INFO - Feedback: b'13'
2025-02-14 17:41:56,035 - WARNING - Timeout occurred.
2025-02-14 17:41:59,036 - INFO - Sending command: p:1:b3:1:200:2:200:


2025-02-14 17:41:59,037 - INFO - Feedback: b'0'
2025-02-14 17:42:02,037 - INFO - Cycle: 3/5 completed.
2025-02-14 17:42:02,038 - INFO - Sending command: p:1:b1:1:200:2:200:


2025-02-14 17:42:02,039 - INFO - Feedback: b'13'
2025-02-14 17:42:02,039 - WARNING - Timeout occurred.
2025-02-14 17:42:05,040 - INFO - Sending command: p:1:b2:1:200:2:200:


2025-02-14 17:42:05,041 - INFO - Feedback: b'0'
2025-02-14 17:42:08,041 - INFO - Sending command: p:1:b3:1:200:2:200:


2025-02-14 17:42:08,042 - INFO - Feedback: b'13'
2025-02-14 17:42:08,043 - WARNING - Timeout occurred.
2025-02-14 17:42:11,043 - INFO - Cycle: 4/5 completed.
2025-02-14 17:42:11,044 - INFO - Sending command: p:1:b1:1:200:2:200:


2025-02-14 17:42:11,045 - INFO - Feedback: b'0'
2025-02-14 17:42:14,046 - INFO - Sending command: p:1:b2:1:200:2:200:


2025-02-14 17:42:14,047 - INFO - Feedback: b'13'
2025-02-14 17:42:14,047 - WARNING - Timeout occurred.
2025-02-14 17:42:17,047 - INFO - Sending command: p:1:b3:1:200:2:200:


2025-02-14 17:42:17,048 - INFO - Feedback: b'0'
2025-02-14 17:42:20,049 - INFO - Cycle: 5/5 completed.
2025-02-14 17:42:20,171 - INFO - Serial connection closed.
2025-02-14 17:42:20,171 - INFO - Total commands executed: 15
2025-02-14 17:42:20,171 - INFO - Total errors encountered: 0
2025-02-14 17:42:20,171 - INFO - Total timeouts encountered: 7
2025-02-14 17:42:20,172 - INFO - Total cycles completed: 5
2025-02-14 17:46:44,476 - ERROR - Failed to connect to COM5: could not open port 'COM5': FileNotFoundError(2, 'The system cannot find the file specified.', None, 2)
2025-02-14 17:51:01,750 - ERROR - Failed to connect to COM5: could not open port 'COM5': FileNotFoundError(2, 'The system cannot find the file specified.', None, 2)
