2025-02-14 09:40:27,687 - ERROR - Failed to connect to COM3: could not open port 'COM3': FileNotFoundError(2, 'The system cannot find the file specified.', None, 2)
2025-02-14 09:40:35,991 - ERROR - Failed to connect to COM3: could not open port 'COM3': FileNotFoundError(2, 'The system cannot find the file specified.', None, 2)
2025-02-14 09:54:46,123 - INFO - Connected to COM3 at 115200 baud.
2025-02-14 09:54:46,123 - INFO - Sending command: e:s:c:e:4:

2025-02-14 09:54:46,134 - INFO - Feedback: b'4'
2025-02-14 09:54:46,135 - ERROR - Unexpected feedback code: 4
2025-02-14 09:54:56,135 - INFO - Sending command: e:s:c:e:3:

2025-02-14 09:54:56,136 - INFO - Feedback: b'0'
2025-02-14 09:54:56,136 - ERROR - Unexpected feedback code: 0
2025-02-14 09:55:06,143 - INFO - Cycle: 1/3 completed.
2025-02-14 09:55:06,143 - INFO - Sending command: e:s:c:e:4:

2025-02-14 09:55:06,144 - INFO - Feedback: b''
2025-02-14 09:55:06,144 - ERROR - Received empty feedback.
2025-02-14 09:55:16,145 - INFO - Sending command: e:s:c:e:3:

2025-02-14 09:55:16,145 - INFO - Feedback: b'3'
2025-02-14 09:55:16,146 - ERROR - Unexpected feedback code: 3
2025-02-14 09:55:26,146 - INFO - Cycle: 2/3 completed.
2025-02-14 09:55:26,146 - INFO - Sending command: e:s:c:e:4:

2025-02-14 09:55:26,147 - INFO - Feedback: b'0'
2025-02-14 09:55:26,148 - ERROR - Unexpected feedback code: 0
2025-02-14 09:55:36,148 - INFO - Sending command: e:s:c:e:3:

2025-02-14 09:55:36,149 - INFO - Feedback: b''
2025-02-14 09:55:36,149 - ERROR - Received empty feedback.
2025-02-14 09:55:46,150 - INFO - Cycle: 3/3 completed.
2025-02-14 09:55:46,254 - INFO - Serial connection closed.
2025-02-14 09:55:46,255 - INFO - Total cycles completed: 6
2025-02-14 09:55:46,255 - INFO - Total errors encountered: 6
2025-02-14 09:55:46,255 - INFO - Total timeouts encountered: 0
2025-02-14 09:56:03,147 - INFO - Connected to COM3 at 115200 baud.
2025-02-14 09:56:03,147 - INFO - Sending command: e:s:c:e:4:

2025-02-14 09:56:03,156 - INFO - Feedback: b'4'
2025-02-14 09:56:03,156 - ERROR - Unexpected feedback code: 4
2025-02-14 09:56:13,157 - INFO - Sending command: e:s:c:e:3:

2025-02-14 09:56:13,158 - INFO - Feedback: b'0'
2025-02-14 09:56:13,158 - ERROR - Unexpected feedback code: 0
2025-02-14 09:56:23,159 - INFO - Cycle: 1/3 completed.
2025-02-14 09:56:23,159 - INFO - Sending command: e:s:c:e:4:

2025-02-14 09:56:23,160 - INFO - Feedback: b''
2025-02-14 09:56:23,160 - ERROR - Received empty feedback.
2025-02-14 09:59:04,051 - INFO - Connected to COM3 at 115200 baud.
2025-02-14 09:59:04,052 - INFO - Sending command: e:s:c:e:4:

2025-02-14 09:59:04,062 - INFO - Feedback: b'4'
2025-02-14 09:59:04,063 - ERROR - Unexpected feedback code: 4
2025-02-14 09:59:14,063 - INFO - Sending command: e:s:c:e:3:

2025-02-14 09:59:14,064 - INFO - Feedback: b'0'
2025-02-14 09:59:14,064 - ERROR - Unexpected feedback code: 0
2025-02-14 09:59:24,065 - INFO - Cycle: 1/3 completed.
2025-02-14 09:59:24,065 - INFO - Sending command: e:s:c:e:4:

2025-02-14 09:59:24,066 - INFO - Feedback: b''
2025-02-14 09:59:24,066 - ERROR - Received empty feedback.
2025-02-14 10:00:14,468 - INFO - Connected to COM3 at 115200 baud.
2025-02-14 10:00:14,468 - INFO - Sending command: e:s:c:e:4:

2025-02-14 10:00:14,479 - INFO - Feedback: b'4'
2025-02-14 10:00:14,479 - ERROR - Unexpected feedback code: 4
2025-02-14 10:00:24,480 - INFO - Sending command: e:s:c:e:3:

2025-02-14 10:00:24,480 - INFO - Feedback: b'0'
2025-02-14 10:00:24,481 - ERROR - Unexpected feedback code: 0
2025-02-14 10:00:34,481 - INFO - Cycle: 1/3 completed.
2025-02-14 10:00:34,482 - INFO - Sending command: e:s:c:e:4:

2025-02-14 10:00:34,483 - INFO - Feedback: b''
2025-02-14 10:00:34,483 - ERROR - Received empty feedback.
2025-02-14 10:00:44,483 - INFO - Sending command: e:s:c:e:3:

2025-02-14 10:00:44,485 - INFO - Feedback: b'3'
2025-02-14 10:00:44,485 - ERROR - Unexpected feedback code: 3
2025-02-14 10:00:54,486 - INFO - Cycle: 2/3 completed.
2025-02-14 10:00:54,486 - INFO - Sending command: e:s:c:e:4:

2025-02-14 10:00:54,487 - INFO - Feedback: b'0'
2025-02-14 10:00:54,487 - ERROR - Unexpected feedback code: 0
2025-02-14 10:01:04,488 - INFO - Sending command: e:s:c:e:3:

2025-02-14 10:01:04,488 - INFO - Feedback: b''
2025-02-14 10:01:04,489 - ERROR - Received empty feedback.
2025-02-14 10:01:14,489 - INFO - Cycle: 3/3 completed.
2025-02-14 10:01:14,608 - INFO - Serial connection closed.
2025-02-14 10:01:14,608 - INFO - Total cycles completed: 6
2025-02-14 10:01:14,608 - INFO - Total errors encountered: 6
2025-02-14 10:01:14,608 - INFO - Total timeouts encountered: 0
2025-02-14 10:33:01,101 - ERROR - Failed to connect to COM3: could not open port 'COM3': FileNotFoundError(2, 'The system cannot find the file specified.', None, 2)
2025-02-14 10:33:22,608 - INFO - Connected to COM3 at 115200 baud.
2025-02-14 10:33:22,609 - INFO - Sending command: e:s:c:e:4:

2025-02-14 10:33:22,618 - INFO - Feedback: b'4'
2025-02-14 10:33:22,618 - ERROR - Unexpected feedback code: 4
2025-02-14 10:33:32,619 - INFO - Sending command: e:s:c:e:3:

2025-02-14 10:33:32,620 - INFO - Feedback: b'0'
2025-02-14 10:33:32,620 - ERROR - Unexpected feedback code: 0
2025-02-14 10:33:42,624 - INFO - Cycle: 1/3 completed.
2025-02-14 10:33:42,624 - INFO - Sending command: e:s:c:e:4:

2025-02-14 10:33:42,625 - INFO - Feedback: b''
2025-02-14 10:33:42,625 - ERROR - Received empty feedback.
2025-02-14 10:33:52,626 - INFO - Sending command: e:s:c:e:3:

2025-02-14 10:33:52,627 - INFO - Feedback: b'3'
2025-02-14 10:33:52,627 - ERROR - Unexpected feedback code: 3
2025-02-14 10:34:02,628 - INFO - Cycle: 2/3 completed.
2025-02-14 10:34:02,628 - INFO - Sending command: e:s:c:e:4:

2025-02-14 10:34:02,629 - INFO - Feedback: b'0'
2025-02-14 10:34:02,629 - ERROR - Unexpected feedback code: 0
2025-02-14 10:34:12,630 - INFO - Sending command: e:s:c:e:3:

2025-02-14 10:34:12,631 - INFO - Feedback: b''
2025-02-14 10:34:12,631 - ERROR - Received empty feedback.
2025-02-14 10:38:30,466 - INFO - Connected to COM3 at 115200 baud.
2025-02-14 10:38:30,466 - INFO - Sending command: e:s:c:e:3:

2025-02-14 10:38:30,476 - INFO - Feedback: b'3'
2025-02-14 10:38:30,477 - ERROR - Unexpected feedback code: 3
2025-02-14 10:38:40,477 - INFO - Sending command: i:

2025-02-14 10:38:40,478 - INFO - Feedback: b'0'
2025-02-14 10:38:40,478 - ERROR - Unexpected feedback code: 0
2025-02-14 10:38:44,862 - INFO - Script interrupted by user.
