2025-02-14 17:09:03,675 - INFO - Connected to COM7 at 115200 baud.
2025-02-14 17:09:03,676 - INFO - Sending command: #:

2025-02-14 17:09:04,683 - INFO - Feedback: b''
2025-02-14 17:09:04,683 - ERROR - Received empty feedback.
2025-02-14 17:09:05,684 - INFO - Sending command: QR:123:

2025-02-14 17:09:05,877 - INFO - Feedback: b'0'
2025-02-14 17:09:06,878 - INFO - Sending command: BR:345:

2025-02-14 17:09:07,890 - INFO - Feedback: b''
2025-02-14 17:09:07,890 - ERROR - Received empty feedback.
2025-02-14 17:09:08,891 - INFO - Cycle: 1/2 completed.
2025-02-14 17:09:08,891 - INFO - Sending command: #:

2025-02-14 17:09:08,891 - INFO - Feedback: b'0'
2025-02-14 17:09:09,892 - INFO - Sending command: QR:123:

2025-02-14 17:09:10,453 - INFO - Feedback: b'0'
2025-02-14 17:09:11,453 - INFO - Sending command: BR:345:

2025-02-14 17:09:12,459 - INFO - Feedback: b''
2025-02-14 17:09:12,459 - ERROR - Received empty feedback.
2025-02-14 17:09:13,460 - INFO - Cycle: 2/2 completed.
2025-02-14 17:09:13,563 - INFO - Serial connection closed.
2025-02-14 17:09:13,564 - INFO - Total cycles completed: 6
2025-02-14 17:09:13,564 - INFO - Total errors encountered: 3
2025-02-14 17:09:13,564 - INFO - Total timeouts encountered: 0
2025-02-14 17:10:06,686 - INFO - Connected to COM7 at 115200 baud.
2025-02-14 17:10:06,686 - INFO - Sending command: #:

2025-02-14 17:10:07,696 - INFO - Feedback: b''
2025-02-14 17:10:07,696 - ERROR - Received empty feedback.
2025-02-14 17:10:08,697 - INFO - Sending command: QR:123:

2025-02-14 17:10:08,890 - INFO - Feedback: b'0'
2025-02-14 17:10:09,891 - INFO - Sending command: BR:345:

2025-02-14 17:10:10,896 - INFO - Feedback: b''
2025-02-14 17:10:10,896 - ERROR - Received empty feedback.
2025-02-14 17:10:11,897 - INFO - Cycle: 1/5 completed.
2025-02-14 17:10:11,897 - INFO - Sending command: #:

2025-02-14 17:10:11,897 - INFO - Feedback: b'0'
2025-02-14 17:10:12,898 - INFO - Sending command: QR:123:

2025-02-14 17:10:13,434 - INFO - Feedback: b'0'
2025-02-14 17:10:14,435 - INFO - Sending command: BR:345:

2025-02-14 17:10:15,439 - INFO - Feedback: b''
2025-02-14 17:10:15,440 - ERROR - Received empty feedback.
2025-02-14 17:10:16,440 - INFO - Cycle: 2/5 completed.
2025-02-14 17:10:16,441 - INFO - Sending command: #:

2025-02-14 17:10:16,441 - INFO - Feedback: b'0'
2025-02-14 17:10:17,442 - INFO - Sending command: QR:123:

2025-02-14 17:10:17,994 - INFO - Feedback: b'0'
2025-02-14 17:10:18,995 - INFO - Sending command: BR:345:

2025-02-14 17:10:19,999 - INFO - Feedback: b''
2025-02-14 17:10:20,000 - ERROR - Received empty feedback.
2025-02-14 17:10:21,001 - INFO - Cycle: 3/5 completed.
2025-02-14 17:10:21,001 - INFO - Sending command: #:

2025-02-14 17:10:21,002 - INFO - Feedback: b'0'
2025-02-14 17:10:22,003 - INFO - Sending command: QR:123:

2025-02-14 17:10:22,570 - INFO - Feedback: b'0'
2025-02-14 17:10:23,571 - INFO - Sending command: BR:345:

2025-02-14 17:10:24,576 - INFO - Feedback: b''
2025-02-14 17:10:24,576 - ERROR - Received empty feedback.
