2025-02-25 09:25:47,171 - INFO - Connected to COM4 at 115200 baud.
2025-02-25 09:25:47,172 - INFO - Sending command: BR:2214124:


2025-02-25 09:25:47,182 - INFO - Feedback: b'13'
2025-02-25 09:25:47,182 - WARNING - Timeout occurred.
2025-02-25 09:25:50,182 - INFO - Sending command: #:


2025-02-25 09:25:50,189 - INFO - Feedback: b'13'
2025-02-25 09:25:50,189 - WARNING - Timeout occurred.
2025-02-25 09:25:53,190 - INFO - Sending command: BR:234:


2025-02-25 09:25:53,197 - INFO - Feedback: b'13'
2025-02-25 09:25:53,198 - WARNING - Timeout occurred.
2025-02-25 09:25:57,186 - INFO - Connected to COM4 at 115200 baud.
2025-02-25 09:25:57,187 - INFO - Sending command: BR:2214124:


2025-02-25 09:25:57,198 - INFO - Feedback: b'13'
2025-02-25 09:25:57,201 - WARNING - Timeout occurred.
2025-02-25 09:26:11,015 - INFO - Connected to COM4 at 115200 baud.
2025-02-25 09:26:11,016 - INFO - Sending command: BR:2214124:


2025-02-25 09:26:11,026 - INFO - Feedback: b'13'
2025-02-25 09:26:11,026 - WARNING - Timeout occurred.
2025-02-25 09:26:14,027 - INFO - Sending command: #:


2025-02-25 09:26:14,034 - INFO - Feedback: b'13'
2025-02-25 09:26:14,034 - WARNING - Timeout occurred.
2025-02-25 09:26:38,428 - INFO - Connected to COM4 at 115200 baud.
2025-02-25 09:26:38,428 - INFO - Sending command: BR:2214124:


2025-02-25 09:26:38,439 - INFO - Feedback: b'13'
2025-02-25 09:26:38,439 - WARNING - Timeout occurred.
2025-02-25 09:26:41,439 - INFO - Sending command: #:


2025-02-25 09:26:41,447 - INFO - Feedback: b'13'
2025-02-25 09:26:41,447 - WARNING - Timeout occurred.
2025-02-25 09:26:44,447 - INFO - Sending command: BR:234:


2025-02-25 09:26:44,455 - INFO - Feedback: b'13'
2025-02-25 09:26:44,455 - WARNING - Timeout occurred.
2025-02-25 09:27:06,172 - INFO - Connected to COM7 at 115200 baud.
2025-02-25 09:27:06,173 - INFO - Sending command: BR:2214124:


2025-02-25 09:27:06,183 - INFO - Feedback: b'13'
2025-02-25 09:27:06,183 - WARNING - Timeout occurred.
2025-02-25 09:27:09,183 - INFO - Sending command: #:


2025-02-25 09:27:09,191 - INFO - Feedback: b'13'
2025-02-25 09:27:09,191 - WARNING - Timeout occurred.
2025-02-25 09:28:09,448 - INFO - Connected to COM7 at 115200 baud.
2025-02-25 09:28:09,448 - INFO - Sending command: BR:2214124:


2025-02-25 09:28:09,458 - INFO - Feedback: b'13'
2025-02-25 09:28:09,458 - WARNING - Timeout occurred.
2025-02-25 09:28:12,459 - INFO - Sending command: #:


2025-02-25 09:28:12,466 - INFO - Feedback: b'13'
2025-02-25 09:28:12,466 - WARNING - Timeout occurred.
2025-02-25 09:28:15,467 - INFO - Sending command: BR:234:


2025-02-25 09:28:15,475 - INFO - Feedback: b'13'
2025-02-25 09:28:15,475 - WARNING - Timeout occurred.
2025-02-25 09:28:53,259 - INFO - Connected to COM7 at 115200 baud.
2025-02-25 09:28:53,259 - INFO - Sending command: BR:2214124:


2025-02-25 09:28:53,270 - INFO - Feedback: b'13'
2025-02-25 09:28:53,270 - WARNING - Timeout occurred.
2025-02-25 09:28:56,271 - INFO - Sending command: #:


2025-02-25 09:28:56,278 - INFO - Feedback: b'13'
2025-02-25 09:28:56,278 - WARNING - Timeout occurred.
2025-02-25 09:31:44,729 - INFO - Connected to COM7 at 115200 baud.
2025-02-25 09:31:44,730 - INFO - Sending command: BR:2214124:


2025-02-25 09:31:44,741 - INFO - Feedback: b'13'
2025-02-25 09:31:44,741 - WARNING - Timeout occurred.
2025-02-25 09:31:47,742 - INFO - Sending command: #:


2025-02-25 09:31:47,749 - INFO - Feedback: b'13'
2025-02-25 09:31:47,750 - WARNING - Timeout occurred.
2025-02-25 09:31:50,750 - INFO - Sending command: BR:234:


2025-02-25 09:31:50,757 - INFO - Feedback: b'13'
2025-02-25 09:31:50,757 - WARNING - Timeout occurred.
