2025-02-25 09:19:16,570 - INFO - Connected to COM7 at 115200 baud.
2025-02-25 09:19:16,570 - INFO - Sending command: BR:123:

2025-02-25 09:19:17,572 - INFO - Feedback: b''
2025-02-25 09:19:17,572 - ERROR - Received empty feedback.
2025-02-25 09:19:18,572 - INFO - Sending command: #:

2025-02-25 09:19:18,806 - INFO - Feedback: b'0'
2025-02-25 09:19:18,806 - ERROR - Unexpected feedback code: 0
2025-02-25 09:19:19,807 - INFO - Sending command: QR:abc:

2025-02-25 09:19:20,808 - INFO - Feedback: b''
2025-02-25 09:19:20,808 - ERROR - Received empty feedback.
2025-02-25 09:19:21,808 - INFO - Sending command: #:

2025-02-25 09:19:21,809 - INFO - Feedback: b'0'
2025-02-25 09:19:21,809 - ERROR - Unexpected feedback code: 0
2025-02-25 09:19:22,815 - INFO - Cycle: 1/2 completed.
2025-02-25 09:19:22,815 - INFO - Sending command: BR:123:

2025-02-25 09:19:23,334 - INFO - Feedback: b'0'
2025-02-25 09:19:23,334 - ERROR - Unexpected feedback code: 0
2025-02-25 09:19:24,335 - INFO - Sending command: #:

2025-02-25 09:19:25,335 - INFO - Feedback: b''
2025-02-25 09:19:25,335 - ERROR - Received empty feedback.
2025-02-25 09:19:26,335 - INFO - Sending command: QR:abc:

2025-02-25 09:19:26,336 - INFO - Feedback: b'0'
2025-02-25 09:19:26,336 - ERROR - Unexpected feedback code: 0
2025-02-25 09:19:27,336 - INFO - Sending command: #:

2025-02-25 09:19:27,734 - INFO - Feedback: b'0'
2025-02-25 09:19:27,734 - ERROR - Unexpected feedback code: 0
2025-02-25 09:19:28,734 - INFO - Cycle: 2/2 completed.
2025-02-25 09:19:28,843 - INFO - Serial connection closed.
2025-02-25 09:19:28,843 - INFO - Total commands completed: 8
2025-02-25 09:19:28,843 - INFO - Total errors encountered: 8
2025-02-25 09:19:28,843 - INFO - Total timeouts encountered: 0
2025-02-25 09:19:28,843 - INFO - Total cycles completed: 2
2025-02-25 09:19:34,461 - INFO - Connected to COM7 at 115200 baud.
2025-02-25 09:19:34,461 - INFO - Sending command: BR:123:

2025-02-25 09:19:35,458 - INFO - Feedback: b''
2025-02-25 09:19:35,459 - ERROR - Received empty feedback.
2025-02-25 09:19:36,459 - INFO - Sending command: #:

2025-02-25 09:19:36,680 - INFO - Feedback: b'0'
2025-02-25 09:19:36,680 - ERROR - Unexpected feedback code: 0
2025-02-25 09:19:37,681 - INFO - Sending command: QR:abc:

2025-02-25 09:19:38,685 - INFO - Feedback: b''
2025-02-25 09:19:38,685 - ERROR - Received empty feedback.
2025-02-25 09:19:39,686 - INFO - Sending command: #:

2025-02-25 09:19:39,686 - INFO - Feedback: b'0'
2025-02-25 09:19:39,686 - ERROR - Unexpected feedback code: 0
2025-02-25 09:19:40,687 - INFO - Cycle: 1/2 completed.
2025-02-25 09:19:40,687 - INFO - Sending command: BR:123:

2025-02-25 09:19:41,208 - INFO - Feedback: b'0'
2025-02-25 09:19:41,208 - ERROR - Unexpected feedback code: 0
2025-02-25 09:19:42,208 - INFO - Sending command: #:

2025-02-25 09:19:43,216 - INFO - Feedback: b''
2025-02-25 09:19:43,216 - ERROR - Received empty feedback.
2025-02-25 09:19:44,217 - INFO - Sending command: QR:abc:

2025-02-25 09:19:44,217 - INFO - Feedback: b'0'
2025-02-25 09:19:44,218 - ERROR - Unexpected feedback code: 0
2025-02-25 09:19:45,218 - INFO - Sending command: #:

2025-02-25 09:19:45,608 - INFO - Feedback: b'0'
2025-02-25 09:19:45,608 - ERROR - Unexpected feedback code: 0
2025-02-25 09:19:46,608 - INFO - Cycle: 2/2 completed.
2025-02-25 09:19:46,717 - INFO - Serial connection closed.
2025-02-25 09:19:46,718 - INFO - Total commands completed: 8
2025-02-25 09:19:46,718 - INFO - Total errors encountered: 8
2025-02-25 09:19:46,718 - INFO - Total timeouts encountered: 0
2025-02-25 09:19:46,718 - INFO - Total cycles completed: 2
2025-02-25 09:20:14,351 - INFO - Connected to COM7 at 115200 baud.
2025-02-25 09:20:14,351 - INFO - Sending command: QR:sd:

2025-02-25 09:20:15,359 - INFO - Feedback: b''
2025-02-25 09:20:15,359 - ERROR - Received empty feedback.
2025-02-25 09:20:16,360 - INFO - Sending command: #:

2025-02-25 09:20:16,698 - INFO - Feedback: b'0'
2025-02-25 09:20:16,698 - ERROR - Unexpected feedback code: 0
2025-02-25 09:20:17,699 - INFO - Sending command: BR:133:

2025-02-25 09:20:18,702 - INFO - Feedback: b''
2025-02-25 09:20:18,702 - ERROR - Received empty feedback.
2025-02-25 09:20:19,703 - INFO - Sending command: #:

2025-02-25 09:20:19,703 - INFO - Feedback: b'0'
2025-02-25 09:20:19,703 - ERROR - Unexpected feedback code: 0
2025-02-25 09:20:20,704 - INFO - Cycle: 1/2 completed.
2025-02-25 09:20:20,704 - INFO - Sending command: QR:sd:

2025-02-25 09:20:21,098 - INFO - Feedback: b'0'
2025-02-25 09:20:21,098 - ERROR - Unexpected feedback code: 0
2025-02-25 09:20:22,099 - INFO - Sending command: #:

2025-02-25 09:20:23,108 - INFO - Feedback: b''
2025-02-25 09:20:23,108 - ERROR - Received empty feedback.
2025-02-25 09:20:24,108 - INFO - Sending command: BR:133:

2025-02-25 09:20:24,109 - INFO - Feedback: b'0'
2025-02-25 09:20:24,109 - ERROR - Unexpected feedback code: 0
2025-02-25 09:20:25,110 - INFO - Sending command: #:

2025-02-25 09:20:25,626 - INFO - Feedback: b'0'
2025-02-25 09:20:25,626 - ERROR - Unexpected feedback code: 0
2025-02-25 09:20:26,626 - INFO - Cycle: 2/2 completed.
2025-02-25 09:20:26,739 - INFO - Serial connection closed.
2025-02-25 09:20:26,739 - INFO - Total commands completed: 8
2025-02-25 09:20:26,739 - INFO - Total errors encountered: 8
2025-02-25 09:20:26,739 - INFO - Total timeouts encountered: 0
2025-02-25 09:20:26,739 - INFO - Total cycles completed: 2
2025-02-25 09:28:24,580 - INFO - Connected to COM7 at 115200 baud.
2025-02-25 09:28:24,580 - INFO - Sending command: #:

2025-02-25 09:28:25,586 - INFO - Feedback: b''
2025-02-25 09:28:25,586 - ERROR - Received empty feedback.
2025-02-25 09:28:26,587 - INFO - Sending command: QR:abc:

2025-02-25 09:28:26,782 - INFO - Feedback: b'0'
2025-02-25 09:28:26,782 - ERROR - Unexpected feedback code: 0
2025-02-25 09:28:27,783 - INFO - Sending command: #:

2025-02-25 09:28:28,784 - INFO - Feedback: b''
2025-02-25 09:28:28,785 - ERROR - Received empty feedback.
2025-02-25 09:28:29,785 - INFO - Sending command: BR:123:

2025-02-25 09:28:29,786 - INFO - Feedback: b'0'
2025-02-25 09:28:29,786 - ERROR - Unexpected feedback code: 0
2025-02-25 09:28:30,786 - INFO - Cycle: 1/2 completed.
2025-02-25 09:28:30,786 - INFO - Sending command: #:

2025-02-25 09:28:31,326 - INFO - Feedback: b'0'
2025-02-25 09:28:31,326 - ERROR - Unexpected feedback code: 0
2025-02-25 09:28:32,327 - INFO - Sending command: QR:abc:

2025-02-25 09:28:33,327 - INFO - Feedback: b''
2025-02-25 09:28:33,327 - ERROR - Received empty feedback.
2025-02-25 09:28:34,328 - INFO - Sending command: #:

2025-02-25 09:28:34,328 - INFO - Feedback: b'0'
2025-02-25 09:28:34,328 - ERROR - Unexpected feedback code: 0
2025-02-25 09:28:35,329 - INFO - Sending command: BR:123:

2025-02-25 09:28:35,838 - INFO - Feedback: b'0'
2025-02-25 09:28:35,839 - ERROR - Unexpected feedback code: 0
2025-02-25 09:28:36,840 - INFO - Cycle: 2/2 completed.
2025-02-25 09:28:36,949 - INFO - Serial connection closed.
2025-02-25 09:28:36,949 - INFO - Total commands completed: 8
2025-02-25 09:28:36,949 - INFO - Total errors encountered: 8
2025-02-25 09:28:36,950 - INFO - Total timeouts encountered: 0
2025-02-25 09:28:36,950 - INFO - Total cycles completed: 2
2025-02-25 09:31:11,798 - INFO - Connected to COM7 at 115200 baud.
2025-02-25 09:31:11,798 - INFO - Sending command: QR:sd:

2025-02-25 09:31:12,806 - INFO - Feedback: b''
2025-02-25 09:31:12,806 - ERROR - Received empty feedback.
2025-02-25 09:31:15,807 - INFO - Sending command: #:

2025-02-25 09:31:15,807 - INFO - Feedback: b'0'
2025-02-25 09:31:15,807 - ERROR - Unexpected feedback code: 0
2025-02-25 09:31:18,808 - INFO - Sending command: BR:133:

2025-02-25 09:31:18,809 - INFO - Feedback: b'0'
2025-02-25 09:31:18,809 - ERROR - Unexpected feedback code: 0
2025-02-25 09:31:21,809 - INFO - Sending command: #:

2025-02-25 09:31:21,810 - INFO - Feedback: b'0'
2025-02-25 09:31:21,811 - ERROR - Unexpected feedback code: 0
2025-02-25 09:31:24,811 - INFO - Cycle: 1/2 completed.
2025-02-25 09:31:24,811 - INFO - Sending command: QR:sd:

2025-02-25 09:31:24,812 - INFO - Feedback: b'0'
2025-02-25 09:31:24,812 - ERROR - Unexpected feedback code: 0
2025-02-25 09:31:27,813 - INFO - Sending command: #:

2025-02-25 09:31:27,813 - INFO - Feedback: b'0'
2025-02-25 09:31:27,813 - ERROR - Unexpected feedback code: 0
2025-02-25 09:31:30,814 - INFO - Sending command: BR:133:

2025-02-25 09:31:30,815 - INFO - Feedback: b'0'
2025-02-25 09:31:30,815 - ERROR - Unexpected feedback code: 0
2025-02-25 09:31:33,816 - INFO - Sending command: #:

2025-02-25 09:31:33,816 - INFO - Feedback: b'0'
2025-02-25 09:31:33,816 - ERROR - Unexpected feedback code: 0
2025-02-25 09:31:36,817 - INFO - Cycle: 2/2 completed.
2025-02-25 09:31:36,919 - INFO - Serial connection closed.
2025-02-25 09:31:36,919 - INFO - Total commands completed: 8
2025-02-25 09:31:36,919 - INFO - Total errors encountered: 8
2025-02-25 09:31:36,919 - INFO - Total timeouts encountered: 0
2025-02-25 09:31:36,919 - INFO - Total cycles completed: 2
2025-02-25 09:32:37,223 - INFO - Connected to COM7 at 115200 baud.
2025-02-25 09:32:37,223 - INFO - Sending command: QR:sdgs4:

2025-02-25 09:32:38,228 - INFO - Feedback: b''
2025-02-25 09:32:38,229 - ERROR - Received empty feedback.
2025-02-25 09:32:41,230 - INFO - Sending command: #:

2025-02-25 09:32:41,230 - INFO - Feedback: b'0'
2025-02-25 09:32:41,231 - ERROR - Unexpected feedback code: 0
2025-02-25 09:32:44,231 - INFO - Sending command: QR:dsg:

2025-02-25 09:32:44,232 - INFO - Feedback: b'0'
2025-02-25 09:32:44,232 - ERROR - Unexpected feedback code: 0
2025-02-25 09:32:47,232 - INFO - Sending command: #:

2025-02-25 09:32:47,233 - INFO - Feedback: b'0'
2025-02-25 09:32:47,233 - ERROR - Unexpected feedback code: 0
2025-02-25 09:32:50,233 - INFO - Cycle: 1/2 completed.
2025-02-25 09:32:50,233 - INFO - Sending command: QR:sdgs4:

2025-02-25 09:32:50,234 - INFO - Feedback: b'0'
2025-02-25 09:32:50,234 - ERROR - Unexpected feedback code: 0
2025-02-25 09:32:53,234 - INFO - Sending command: #:

2025-02-25 09:32:53,235 - INFO - Feedback: b'0'
2025-02-25 09:32:53,235 - ERROR - Unexpected feedback code: 0
2025-02-25 09:32:56,236 - INFO - Sending command: QR:dsg:

2025-02-25 09:32:56,236 - INFO - Feedback: b'0'
2025-02-25 09:32:56,236 - ERROR - Unexpected feedback code: 0
2025-02-25 09:32:59,237 - INFO - Sending command: #:

2025-02-25 09:32:59,237 - INFO - Feedback: b'0'
2025-02-25 09:32:59,237 - ERROR - Unexpected feedback code: 0
2025-02-25 09:33:02,238 - INFO - Cycle: 2/2 completed.
2025-02-25 09:33:02,352 - INFO - Serial connection closed.
2025-02-25 09:33:02,352 - INFO - Total commands completed: 8
2025-02-25 09:33:02,352 - INFO - Total errors encountered: 8
2025-02-25 09:33:02,352 - INFO - Total timeouts encountered: 0
2025-02-25 09:33:02,352 - INFO - Total cycles completed: 2
2025-02-25 09:33:15,258 - INFO - Connected to COM7 at 115200 baud.
2025-02-25 09:33:15,258 - INFO - Sending command: QR:sdgs4:

2025-02-25 09:33:16,261 - INFO - Feedback: b''
2025-02-25 09:33:16,261 - ERROR - Received empty feedback.
2025-02-25 09:33:17,262 - INFO - Sending command: #:

2025-02-25 09:33:17,605 - INFO - Feedback: b'0'
2025-02-25 09:33:17,605 - ERROR - Unexpected feedback code: 0
2025-02-25 09:33:18,606 - INFO - Sending command: QR:dsg:

2025-02-25 09:33:19,608 - INFO - Feedback: b''
2025-02-25 09:33:19,608 - ERROR - Received empty feedback.
2025-02-25 09:33:20,608 - INFO - Sending command: #:

2025-02-25 09:33:20,609 - INFO - Feedback: b'0'
2025-02-25 09:33:20,609 - ERROR - Unexpected feedback code: 0
2025-02-25 09:33:21,609 - INFO - Cycle: 1/2 completed.
2025-02-25 09:33:21,609 - INFO - Sending command: QR:sdgs4:

2025-02-25 09:33:22,133 - INFO - Feedback: b'0'
2025-02-25 09:33:22,134 - ERROR - Unexpected feedback code: 0
2025-02-25 09:33:23,134 - INFO - Sending command: #:

2025-02-25 09:33:24,138 - INFO - Feedback: b''
2025-02-25 09:33:24,141 - ERROR - Received empty feedback.
2025-02-25 09:33:25,142 - INFO - Sending command: QR:dsg:

2025-02-25 09:33:25,143 - INFO - Feedback: b'0'
2025-02-25 09:33:25,143 - ERROR - Unexpected feedback code: 0
2025-02-25 09:33:26,143 - INFO - Sending command: #:

2025-02-25 09:33:26,662 - INFO - Feedback: b'0'
2025-02-25 09:33:26,662 - ERROR - Unexpected feedback code: 0
2025-02-25 09:33:27,662 - INFO - Cycle: 2/2 completed.
2025-02-25 09:33:27,770 - INFO - Serial connection closed.
2025-02-25 09:33:27,770 - INFO - Total commands completed: 8
2025-02-25 09:33:27,770 - INFO - Total errors encountered: 8
2025-02-25 09:33:27,770 - INFO - Total timeouts encountered: 0
2025-02-25 09:33:27,770 - INFO - Total cycles completed: 2
2025-02-25 09:33:38,001 - INFO - Connected to COM7 at 115200 baud.
2025-02-25 09:33:38,001 - INFO - Sending command: QR:sdgs4:

2025-02-25 09:33:39,004 - INFO - Feedback: b''
2025-02-25 09:33:39,004 - ERROR - Received empty feedback.
2025-02-25 09:33:41,005 - INFO - Sending command: #:

2025-02-25 09:33:41,006 - INFO - Feedback: b'0'
2025-02-25 09:33:41,006 - ERROR - Unexpected feedback code: 0
2025-02-25 09:33:43,007 - INFO - Sending command: QR:dsg:

2025-02-25 09:33:43,212 - INFO - Feedback: b'0'
2025-02-25 09:33:43,212 - ERROR - Unexpected feedback code: 0
2025-02-25 09:33:45,212 - INFO - Sending command: #:

2025-02-25 09:33:45,548 - INFO - Feedback: b'0'
2025-02-25 09:33:45,548 - ERROR - Unexpected feedback code: 0
2025-02-25 09:33:47,549 - INFO - Cycle: 1/2 completed.
2025-02-25 09:33:47,549 - INFO - Sending command: QR:sdgs4:

2025-02-25 09:33:47,740 - INFO - Feedback: b'0'
2025-02-25 09:33:47,740 - ERROR - Unexpected feedback code: 0
2025-02-25 09:33:49,740 - INFO - Sending command: #:

2025-02-25 09:33:50,076 - INFO - Feedback: b'0'
2025-02-25 09:33:50,076 - ERROR - Unexpected feedback code: 0
2025-02-25 09:33:52,077 - INFO - Sending command: QR:dsg:

2025-02-25 09:33:52,268 - INFO - Feedback: b'0'
2025-02-25 09:33:52,268 - ERROR - Unexpected feedback code: 0
2025-02-25 09:33:54,268 - INFO - Sending command: #:

2025-02-25 09:33:54,604 - INFO - Feedback: b'0'
2025-02-25 09:33:54,604 - ERROR - Unexpected feedback code: 0
2025-02-25 09:33:56,604 - INFO - Cycle: 2/2 completed.
2025-02-25 09:33:56,731 - INFO - Serial connection closed.
2025-02-25 09:33:56,731 - INFO - Total commands completed: 8
2025-02-25 09:33:56,731 - INFO - Total errors encountered: 8
2025-02-25 09:33:56,731 - INFO - Total timeouts encountered: 0
2025-02-25 09:33:56,731 - INFO - Total cycles completed: 2
2025-02-25 09:34:25,186 - INFO - Connected to COM4 at 115200 baud.
2025-02-25 09:34:25,186 - INFO - Sending command: QR:sdgs4:

2025-02-25 09:34:26,192 - INFO - Feedback: b''
2025-02-25 09:34:26,192 - ERROR - Received empty feedback.
2025-02-25 09:34:28,193 - INFO - Sending command: #:

2025-02-25 09:34:28,193 - INFO - Feedback: b'0'
2025-02-25 09:34:28,193 - ERROR - Unexpected feedback code: 0
2025-02-25 09:34:30,194 - INFO - Sending command: QR:dsg:

2025-02-25 09:34:30,397 - INFO - Feedback: b'0'
2025-02-25 09:34:30,397 - ERROR - Unexpected feedback code: 0
2025-02-25 09:34:32,397 - INFO - Sending command: #:

2025-02-25 09:34:32,717 - INFO - Feedback: b'0'
2025-02-25 09:34:32,717 - ERROR - Unexpected feedback code: 0
2025-02-25 09:34:34,717 - INFO - Cycle: 1/2 completed.
2025-02-25 09:34:34,717 - INFO - Sending command: QR:sdgs4:

2025-02-25 09:34:34,909 - INFO - Feedback: b'0'
2025-02-25 09:34:34,909 - ERROR - Unexpected feedback code: 0
2025-02-25 09:34:36,910 - INFO - Sending command: #:

2025-02-25 09:34:37,245 - INFO - Feedback: b'0'
2025-02-25 09:34:37,245 - ERROR - Unexpected feedback code: 0
2025-02-25 09:34:39,245 - INFO - Sending command: QR:dsg:

2025-02-25 09:34:39,437 - INFO - Feedback: b'0'
2025-02-25 09:34:39,437 - ERROR - Unexpected feedback code: 0
2025-02-25 09:34:41,437 - INFO - Sending command: #:

2025-02-25 09:34:41,773 - INFO - Feedback: b'0'
2025-02-25 09:34:41,773 - ERROR - Unexpected feedback code: 0
2025-02-25 09:34:43,774 - INFO - Cycle: 2/2 completed.
2025-02-25 09:34:43,891 - INFO - Serial connection closed.
2025-02-25 09:34:43,891 - INFO - Total commands completed: 8
2025-02-25 09:34:43,892 - INFO - Total errors encountered: 8
2025-02-25 09:34:43,892 - INFO - Total timeouts encountered: 0
2025-02-25 09:34:43,892 - INFO - Total cycles completed: 2
2025-02-25 09:45:35,152 - INFO - Connected to COM4 at 115200 baud.
2025-02-25 09:45:35,152 - INFO - Sending command: QR:sdgs4:

2025-02-25 09:45:36,154 - INFO - Feedback: b''
2025-02-25 09:45:36,155 - ERROR - Received empty feedback.
2025-02-25 09:45:38,155 - INFO - Sending command: #:

2025-02-25 09:45:38,156 - INFO - Feedback: b'0'
2025-02-25 09:45:38,156 - ERROR - Unexpected feedback code: 0
2025-02-25 09:45:40,156 - INFO - Sending command: QR:dsg:

2025-02-25 09:45:40,347 - INFO - Feedback: b'0'
2025-02-25 09:45:40,348 - ERROR - Unexpected feedback code: 0
2025-02-25 09:45:42,348 - INFO - Sending command: #:

2025-02-25 09:45:42,683 - INFO - Feedback: b'0'
2025-02-25 09:45:42,683 - ERROR - Unexpected feedback code: 0
2025-02-25 09:45:44,684 - INFO - Cycle: 1/2 completed.
2025-02-25 09:45:44,684 - INFO - Sending command: QR:sdgs4:

2025-02-25 09:45:44,876 - INFO - Feedback: b'0'
2025-02-25 09:45:44,876 - ERROR - Unexpected feedback code: 0
2025-02-25 09:45:46,877 - INFO - Sending command: #:

2025-02-25 09:45:47,212 - INFO - Feedback: b'0'
2025-02-25 09:45:47,212 - ERROR - Unexpected feedback code: 0
2025-02-25 09:45:49,213 - INFO - Sending command: QR:dsg:

2025-02-25 09:45:49,403 - INFO - Feedback: b'0'
2025-02-25 09:45:49,403 - ERROR - Unexpected feedback code: 0
2025-02-25 09:45:51,404 - INFO - Sending command: #:

2025-02-25 09:45:51,723 - INFO - Feedback: b'0'
2025-02-25 09:45:51,724 - ERROR - Unexpected feedback code: 0
2025-02-25 09:45:53,724 - INFO - Cycle: 2/2 completed.
2025-02-25 09:45:53,844 - INFO - Serial connection closed.
2025-02-25 09:45:53,844 - INFO - Total commands completed: 8
2025-02-25 09:45:53,845 - INFO - Total errors encountered: 8
2025-02-25 09:45:53,845 - INFO - Total timeouts encountered: 0
2025-02-25 09:45:53,845 - INFO - Total cycles completed: 2
2025-02-25 09:46:01,600 - INFO - Connected to COM4 at 115200 baud.
2025-02-25 09:46:01,600 - INFO - Sending command: QR:sdgs4:

2025-02-25 09:46:02,603 - INFO - Feedback: b''
2025-02-25 09:46:02,603 - ERROR - Received empty feedback.
2025-02-25 09:46:03,604 - INFO - Sending command: #:

2025-02-25 09:46:03,946 - INFO - Feedback: b'0'
2025-02-25 09:46:03,947 - ERROR - Unexpected feedback code: 0
2025-02-25 09:46:04,947 - INFO - Sending command: QR:dsg:

2025-02-25 09:46:05,949 - INFO - Feedback: b''
2025-02-25 09:46:05,949 - ERROR - Received empty feedback.
2025-02-25 09:46:06,950 - INFO - Sending command: #:

2025-02-25 09:46:06,950 - INFO - Feedback: b'0'
2025-02-25 09:46:06,950 - ERROR - Unexpected feedback code: 0
2025-02-25 09:46:07,951 - INFO - Cycle: 1/2 completed.
2025-02-25 09:46:07,951 - INFO - Sending command: QR:sdgs4:

2025-02-25 09:46:08,458 - INFO - Feedback: b'0'
2025-02-25 09:46:08,458 - ERROR - Unexpected feedback code: 0
2025-02-25 09:46:09,459 - INFO - Sending command: #:

2025-02-25 09:46:10,460 - INFO - Feedback: b''
2025-02-25 09:46:10,460 - ERROR - Received empty feedback.
2025-02-25 09:46:11,461 - INFO - Sending command: QR:dsg:

2025-02-25 09:46:11,462 - INFO - Feedback: b'0'
2025-02-25 09:46:11,462 - ERROR - Unexpected feedback code: 0
2025-02-25 09:46:12,463 - INFO - Sending command: #:

2025-02-25 09:46:12,986 - INFO - Feedback: b'0'
2025-02-25 09:46:12,987 - ERROR - Unexpected feedback code: 0
2025-02-25 09:46:13,987 - INFO - Cycle: 2/2 completed.
2025-02-25 09:46:14,106 - INFO - Serial connection closed.
2025-02-25 09:46:14,107 - INFO - Total commands completed: 8
2025-02-25 09:46:14,107 - INFO - Total errors encountered: 8
2025-02-25 09:46:14,107 - INFO - Total timeouts encountered: 0
2025-02-25 09:46:14,107 - INFO - Total cycles completed: 2
2025-02-25 09:46:34,339 - INFO - Connected to COM4 at 115200 baud.
2025-02-25 09:46:34,339 - INFO - Sending command: QR:sdgs4:

2025-02-25 09:46:35,346 - INFO - Feedback: b''
2025-02-25 09:46:35,346 - ERROR - Received empty feedback.
2025-02-25 09:46:36,347 - INFO - Sending command: #:

2025-02-25 09:46:36,687 - INFO - Feedback: b'0'
2025-02-25 09:46:36,687 - ERROR - Unexpected feedback code: 0
2025-02-25 09:46:37,688 - INFO - Sending command: QR:dsg:

2025-02-25 09:46:38,688 - INFO - Feedback: b''
2025-02-25 09:46:38,689 - ERROR - Received empty feedback.
2025-02-25 09:46:39,689 - INFO - Sending command: #:

2025-02-25 09:46:39,690 - INFO - Feedback: b'0'
2025-02-25 09:46:39,690 - ERROR - Unexpected feedback code: 0
2025-02-25 09:46:40,690 - INFO - Cycle: 1/2 completed.
2025-02-25 09:46:40,690 - INFO - Sending command: QR:sdgs4:

2025-02-25 09:46:41,200 - INFO - Feedback: b'0'
2025-02-25 09:46:41,200 - ERROR - Unexpected feedback code: 0
2025-02-25 09:46:42,201 - INFO - Sending command: #:

2025-02-25 09:46:43,212 - INFO - Feedback: b''
2025-02-25 09:46:43,213 - ERROR - Received empty feedback.
2025-02-25 09:46:44,213 - INFO - Sending command: QR:dsg:

2025-02-25 09:46:44,214 - INFO - Feedback: b'0'
2025-02-25 09:46:44,214 - ERROR - Unexpected feedback code: 0
2025-02-25 09:46:45,214 - INFO - Sending command: #:

2025-02-25 09:46:45,728 - INFO - Feedback: b'0'
2025-02-25 09:46:45,728 - ERROR - Unexpected feedback code: 0
2025-02-25 09:46:46,729 - INFO - Cycle: 2/2 completed.
2025-02-25 09:46:46,837 - INFO - Serial connection closed.
2025-02-25 09:46:46,839 - INFO - Total commands completed: 8
2025-02-25 09:46:46,840 - INFO - Total errors encountered: 8
2025-02-25 09:46:46,841 - INFO - Total timeouts encountered: 0
2025-02-25 09:46:46,842 - INFO - Total cycles completed: 2
2025-02-25 09:46:49,827 - INFO - Connected to COM4 at 115200 baud.
2025-02-25 09:46:49,827 - INFO - Sending command: QR:sdgs4:

2025-02-25 09:46:50,830 - INFO - Feedback: b''
2025-02-25 09:46:50,830 - ERROR - Received empty feedback.
2025-02-25 09:46:51,830 - INFO - Sending command: #:

2025-02-25 09:46:52,174 - INFO - Feedback: b'0'
2025-02-25 09:46:52,174 - ERROR - Unexpected feedback code: 0
2025-02-25 09:46:53,175 - INFO - Sending command: QR:dsg:

2025-02-25 09:46:54,178 - INFO - Feedback: b''
2025-02-25 09:46:54,178 - ERROR - Received empty feedback.
2025-02-25 09:46:55,178 - INFO - Sending command: #:

2025-02-25 09:46:55,179 - INFO - Feedback: b'0'
2025-02-25 09:46:55,179 - ERROR - Unexpected feedback code: 0
2025-02-25 09:46:56,179 - INFO - Cycle: 1/2 completed.
2025-02-25 09:46:56,179 - INFO - Sending command: QR:sdgs4:

2025-02-25 09:46:56,686 - INFO - Feedback: b'0'
2025-02-25 09:46:56,686 - ERROR - Unexpected feedback code: 0
2025-02-25 09:46:57,687 - INFO - Sending command: #:

2025-02-25 09:46:58,703 - INFO - Feedback: b''
2025-02-25 09:46:58,704 - ERROR - Received empty feedback.
2025-02-25 09:46:59,705 - INFO - Sending command: QR:dsg:

2025-02-25 09:46:59,706 - INFO - Feedback: b'0'
2025-02-25 09:46:59,706 - ERROR - Unexpected feedback code: 0
2025-02-25 09:47:00,707 - INFO - Sending command: #:

2025-02-25 09:47:01,214 - INFO - Feedback: b'0'
2025-02-25 09:47:01,214 - ERROR - Unexpected feedback code: 0
2025-02-25 09:47:02,215 - INFO - Cycle: 2/2 completed.
2025-02-25 09:47:02,328 - INFO - Serial connection closed.
2025-02-25 09:47:02,328 - INFO - Total commands completed: 8
2025-02-25 09:47:02,328 - INFO - Total errors encountered: 8
2025-02-25 09:47:02,328 - INFO - Total timeouts encountered: 0
2025-02-25 09:47:02,328 - INFO - Total cycles completed: 2
2025-02-25 09:47:15,534 - INFO - Connected to COM4 at 115200 baud.
2025-02-25 09:47:15,534 - INFO - Sending command: QR:sdgs4:

2025-02-25 09:47:16,541 - INFO - Feedback: b''
2025-02-25 09:47:16,541 - ERROR - Received empty feedback.
2025-02-25 09:47:18,041 - INFO - Sending command: #:

2025-02-25 09:47:18,042 - INFO - Feedback: b'0'
2025-02-25 09:47:18,042 - ERROR - Unexpected feedback code: 0
2025-02-25 09:47:19,542 - INFO - Sending command: QR:dsg:

2025-02-25 09:47:20,234 - INFO - Feedback: b'0'
2025-02-25 09:47:20,234 - ERROR - Unexpected feedback code: 0
2025-02-25 09:47:21,735 - INFO - Sending command: #:

2025-02-25 09:47:22,571 - INFO - Feedback: b'0'
2025-02-25 09:47:22,571 - ERROR - Unexpected feedback code: 0
2025-02-25 09:47:24,072 - INFO - Cycle: 1/2 completed.
2025-02-25 09:47:24,072 - INFO - Sending command: QR:sdgs4:

2025-02-25 09:47:24,762 - INFO - Feedback: b'0'
2025-02-25 09:47:24,762 - ERROR - Unexpected feedback code: 0
2025-02-25 09:47:26,263 - INFO - Sending command: #:

2025-02-25 09:47:27,098 - INFO - Feedback: b'0'
2025-02-25 09:47:27,098 - ERROR - Unexpected feedback code: 0
2025-02-25 09:47:28,601 - INFO - Sending command: QR:dsg:

2025-02-25 09:47:29,290 - INFO - Feedback: b'0'
2025-02-25 09:47:29,290 - ERROR - Unexpected feedback code: 0
2025-02-25 09:47:30,791 - INFO - Sending command: #:

2025-02-25 09:47:31,610 - INFO - Feedback: b'0'
2025-02-25 09:47:31,610 - ERROR - Unexpected feedback code: 0
2025-02-25 09:47:33,111 - INFO - Cycle: 2/2 completed.
2025-02-25 09:47:33,218 - INFO - Serial connection closed.
2025-02-25 09:47:33,218 - INFO - Total commands completed: 8
2025-02-25 09:47:33,218 - INFO - Total errors encountered: 8
2025-02-25 09:47:33,219 - INFO - Total timeouts encountered: 0
2025-02-25 09:47:33,219 - INFO - Total cycles completed: 2
2025-02-25 09:47:38,590 - INFO - Connected to COM4 at 115200 baud.
2025-02-25 09:47:38,590 - INFO - Sending command: QR:sdgs4:

2025-02-25 09:47:39,591 - INFO - Feedback: b''
2025-02-25 09:47:39,591 - ERROR - Received empty feedback.
2025-02-25 09:59:46,300 - INFO - Connected to COM4 at 115200 baud.
2025-02-25 09:59:46,300 - INFO - Sending command: QR:sdgs4:

2025-02-25 09:59:47,303 - INFO - Feedback: b''
2025-02-25 09:59:47,303 - ERROR - Received empty feedback.
2025-02-25 09:59:48,803 - INFO - Sending command: #:

2025-02-25 09:59:48,803 - INFO - Feedback: b'0'
2025-02-25 09:59:48,803 - ERROR - Unexpected feedback code: 0
2025-02-25 09:59:50,304 - INFO - Sending command: QR:dsg:

2025-02-25 09:59:50,999 - INFO - Feedback: b'0'
2025-02-25 09:59:50,999 - ERROR - Unexpected feedback code: 0
2025-02-25 09:59:52,500 - INFO - Sending command: #:

2025-02-25 09:59:53,335 - INFO - Feedback: b'0'
2025-02-25 09:59:53,335 - ERROR - Unexpected feedback code: 0
2025-02-25 09:59:54,836 - INFO - Cycle: 1/2 completed.
2025-02-25 09:59:54,836 - INFO - Sending command: QR:sdgs4:

2025-02-25 09:59:55,527 - INFO - Feedback: b'0'
2025-02-25 09:59:55,527 - ERROR - Unexpected feedback code: 0
2025-02-25 09:59:57,028 - INFO - Sending command: #:

2025-02-25 09:59:57,863 - INFO - Feedback: b'0'
2025-02-25 09:59:57,863 - ERROR - Unexpected feedback code: 0
2025-02-25 09:59:59,363 - INFO - Sending command: QR:dsg:

2025-02-25 10:00:00,039 - INFO - Feedback: b'0'
2025-02-25 10:00:00,040 - ERROR - Unexpected feedback code: 0
2025-02-25 10:00:01,540 - INFO - Sending command: #:

2025-02-25 10:00:02,375 - INFO - Feedback: b'0'
2025-02-25 10:00:02,375 - ERROR - Unexpected feedback code: 0
2025-02-25 10:00:03,876 - INFO - Cycle: 2/2 completed.
2025-02-25 10:00:03,983 - INFO - Serial connection closed.
2025-02-25 10:00:03,983 - INFO - Total commands completed: 8
2025-02-25 10:00:03,983 - INFO - Total errors encountered: 8
2025-02-25 10:00:03,983 - INFO - Total timeouts encountered: 0
2025-02-25 10:00:03,983 - INFO - Total cycles completed: 2
2025-02-25 10:00:14,132 - INFO - Connected to COM4 at 115200 baud.
2025-02-25 10:00:14,132 - INFO - Sending command: QR:sdgs4:

2025-02-25 10:00:15,136 - INFO - Feedback: b''
2025-02-25 10:00:15,136 - ERROR - Received empty feedback.
2025-02-25 10:00:16,636 - INFO - Sending command: #:

2025-02-25 10:00:16,637 - INFO - Feedback: b'0'
2025-02-25 10:00:16,637 - ERROR - Unexpected feedback code: 0
2025-02-25 10:00:18,137 - INFO - Sending command: QR:dsg:

2025-02-25 10:00:18,832 - INFO - Feedback: b'0'
2025-02-25 10:00:18,832 - ERROR - Unexpected feedback code: 0
2025-02-25 10:00:20,332 - INFO - Sending command: #:

2025-02-25 10:00:21,168 - INFO - Feedback: b'0'
2025-02-25 10:00:21,168 - ERROR - Unexpected feedback code: 0
2025-02-25 10:00:22,669 - INFO - Cycle: 1/6 completed.
2025-02-25 10:00:22,669 - INFO - Sending command: QR:sdgs4:

2025-02-25 10:00:23,360 - INFO - Feedback: b'0'
2025-02-25 10:00:23,360 - ERROR - Unexpected feedback code: 0
2025-02-25 10:00:24,860 - INFO - Sending command: #:

2025-02-25 10:00:25,696 - INFO - Feedback: b'0'
2025-02-25 10:00:25,696 - ERROR - Unexpected feedback code: 0
2025-02-25 10:00:27,197 - INFO - Sending command: QR:dsg:

2025-02-25 10:00:27,872 - INFO - Feedback: b'0'
2025-02-25 10:00:27,872 - ERROR - Unexpected feedback code: 0
2025-02-25 10:00:29,372 - INFO - Sending command: #:

2025-02-25 10:00:30,208 - INFO - Feedback: b'0'
2025-02-25 10:00:30,208 - ERROR - Unexpected feedback code: 0
2025-02-25 10:00:31,709 - INFO - Cycle: 2/6 completed.
2025-02-25 10:00:31,709 - INFO - Sending command: QR:sdgs4:

2025-02-25 10:00:32,400 - INFO - Feedback: b'0'
2025-02-25 10:00:32,400 - ERROR - Unexpected feedback code: 0
2025-02-25 10:00:33,901 - INFO - Sending command: #:

2025-02-25 10:00:34,736 - INFO - Feedback: b'0'
2025-02-25 10:00:34,737 - ERROR - Unexpected feedback code: 0
2025-02-25 10:00:36,237 - INFO - Sending command: QR:dsg:

2025-02-25 10:00:36,928 - INFO - Feedback: b'0'
2025-02-25 10:00:36,928 - ERROR - Unexpected feedback code: 0
2025-02-25 10:00:38,428 - INFO - Sending command: #:

2025-02-25 10:00:39,248 - INFO - Feedback: b'0'
2025-02-25 10:00:39,248 - ERROR - Unexpected feedback code: 0
2025-02-25 10:00:40,749 - INFO - Cycle: 3/6 completed.
2025-02-25 10:00:40,749 - INFO - Sending command: QR:sdgs4:

2025-02-25 10:00:41,440 - INFO - Feedback: b'0'
2025-02-25 10:00:41,440 - ERROR - Unexpected feedback code: 0
2025-02-25 10:00:42,941 - INFO - Sending command: #:

2025-02-25 10:00:43,776 - INFO - Feedback: b'0'
2025-02-25 10:00:43,776 - ERROR - Unexpected feedback code: 0
2025-02-25 10:00:45,277 - INFO - Sending command: QR:dsg:

2025-02-25 10:00:45,968 - INFO - Feedback: b'0'
2025-02-25 10:00:45,968 - ERROR - Unexpected feedback code: 0
2025-02-25 10:00:47,469 - INFO - Sending command: #:

2025-02-25 10:00:48,304 - INFO - Feedback: b'0'
2025-02-25 10:00:48,304 - ERROR - Unexpected feedback code: 0
2025-02-25 10:00:49,805 - INFO - Cycle: 4/6 completed.
2025-02-25 10:00:49,805 - INFO - Sending command: QR:sdgs4:

2025-02-25 10:00:50,496 - INFO - Feedback: b'0'
2025-02-25 10:00:50,496 - ERROR - Unexpected feedback code: 0
2025-02-25 10:00:51,996 - INFO - Sending command: #:

2025-02-25 10:00:52,816 - INFO - Feedback: b'0'
2025-02-25 10:00:52,816 - ERROR - Unexpected feedback code: 0
2025-02-25 10:00:54,317 - INFO - Sending command: QR:dsg:

2025-02-25 10:00:55,008 - INFO - Feedback: b'0'
2025-02-25 10:00:55,008 - ERROR - Unexpected feedback code: 0
2025-02-25 10:00:56,508 - INFO - Sending command: #:

2025-02-25 10:00:57,344 - INFO - Feedback: b'0'
2025-02-25 10:00:57,344 - ERROR - Unexpected feedback code: 0
2025-02-25 10:00:58,845 - INFO - Cycle: 5/6 completed.
2025-02-25 10:00:58,845 - INFO - Sending command: QR:sdgs4:

2025-02-25 10:00:59,536 - INFO - Feedback: b'0'
2025-02-25 10:00:59,536 - ERROR - Unexpected feedback code: 0
2025-02-25 10:01:01,037 - INFO - Sending command: #:

2025-02-25 10:01:01,872 - INFO - Feedback: b'0'
2025-02-25 10:01:01,872 - ERROR - Unexpected feedback code: 0
2025-02-25 10:01:03,373 - INFO - Sending command: QR:dsg:

2025-02-25 10:01:04,048 - INFO - Feedback: b'0'
2025-02-25 10:01:04,048 - ERROR - Unexpected feedback code: 0
2025-02-25 10:01:05,549 - INFO - Sending command: #:

2025-02-25 10:01:06,384 - INFO - Feedback: b'0'
2025-02-25 10:01:06,384 - ERROR - Unexpected feedback code: 0
2025-02-25 10:01:07,885 - INFO - Cycle: 6/6 completed.
2025-02-25 10:01:07,998 - INFO - Serial connection closed.
2025-02-25 10:01:07,998 - INFO - Total commands completed: 24
2025-02-25 10:01:07,998 - INFO - Total errors encountered: 24
2025-02-25 10:01:07,998 - INFO - Total timeouts encountered: 0
2025-02-25 10:01:07,998 - INFO - Total cycles completed: 6
