2025-02-18 15:02:28,516 - INFO - Connected to COM5 at 115200 baud.
2025-02-18 15:02:28,517 - INFO - Sending command: p:1:b1:1:200:2:200:


2025-02-18 15:02:29,135 - INFO - Feedback: b'0'
2025-02-18 15:02:32,136 - INFO - Sending command: p:1:b2:1:200:2:200:


2025-02-18 15:02:32,137 - INFO - Feedback: b'13'
2025-02-18 15:02:32,137 - WARNING - Timeout occurred.
2025-02-18 15:02:35,138 - INFO - Sending command: p:1:b3:1:200:2:200:


2025-02-18 15:02:35,138 - INFO - Feedback: b'0'
2025-02-18 15:02:38,140 - INFO - Cycle: 1/5 completed.
2025-02-18 15:02:38,140 - INFO - Sending command: p:1:b1:1:200:2:200:


2025-02-18 15:02:38,141 - INFO - Feedback: b'13'
2025-02-18 15:02:38,142 - WARNING - Timeout occurred.
2025-02-18 15:02:41,146 - INFO - Sending command: p:1:b2:1:200:2:200:


2025-02-18 15:02:41,147 - INFO - Feedback: b'0'
2025-02-18 15:02:44,147 - INFO - Sending command: p:1:b3:1:200:2:200:


2025-02-18 15:02:44,149 - INFO - Feedback: b'13'
2025-02-18 15:02:44,149 - WARNING - Timeout occurred.
2025-02-18 15:02:47,150 - INFO - Cycle: 2/5 completed.
2025-02-18 15:02:47,151 - INFO - Sending command: p:1:b1:1:200:2:200:


2025-02-18 15:02:47,152 - INFO - Feedback: b'0'
2025-02-18 15:02:50,153 - INFO - Sending command: p:1:b2:1:200:2:200:


2025-02-18 15:02:50,154 - INFO - Feedback: b'13'
2025-02-18 15:02:50,154 - WARNING - Timeout occurred.
2025-02-18 15:02:53,154 - INFO - Sending command: p:1:b3:1:200:2:200:


2025-02-18 15:02:53,156 - INFO - Feedback: b'0'
2025-02-18 15:02:56,157 - INFO - Cycle: 3/5 completed.
2025-02-18 15:02:56,157 - INFO - Sending command: p:1:b1:1:200:2:200:


2025-02-18 15:02:56,158 - INFO - Feedback: b'13'
2025-02-18 15:02:56,158 - WARNING - Timeout occurred.
2025-02-18 15:02:59,159 - INFO - Sending command: p:1:b2:1:200:2:200:


2025-02-18 15:02:59,160 - INFO - Feedback: b'0'
2025-02-18 15:03:02,161 - INFO - Sending command: p:1:b3:1:200:2:200:


2025-02-18 15:03:02,162 - INFO - Feedback: b'13'
2025-02-18 15:03:02,162 - WARNING - Timeout occurred.
2025-02-18 15:03:05,163 - INFO - Cycle: 4/5 completed.
2025-02-18 15:03:05,164 - INFO - Sending command: p:1:b1:1:200:2:200:


2025-02-18 15:03:05,164 - INFO - Feedback: b'0'
2025-02-18 15:03:08,165 - INFO - Sending command: p:1:b2:1:200:2:200:


2025-02-18 15:03:08,166 - INFO - Feedback: b'13'
2025-02-18 15:03:08,166 - WARNING - Timeout occurred.
2025-02-18 15:03:11,167 - INFO - Sending command: p:1:b3:1:200:2:200:


2025-02-18 15:03:11,168 - INFO - Feedback: b'0'
2025-02-18 15:03:14,169 - INFO - Cycle: 5/5 completed.
2025-02-18 15:03:14,287 - INFO - Serial connection closed.
2025-02-18 15:03:14,287 - INFO - Total commands executed: 15
2025-02-18 15:03:14,288 - INFO - Total errors encountered: 0
2025-02-18 15:03:14,288 - INFO - Total timeouts encountered: 7
2025-02-18 15:03:14,288 - INFO - Total cycles completed: 5
2025-02-18 15:10:46,420 - INFO - Connected to COM5 at 115200 baud.
2025-02-18 15:10:46,420 - INFO - Sending command: p:1:b1:1:200:5:200:


2025-02-18 15:10:47,423 - INFO - Feedback: b''
2025-02-18 15:10:50,424 - INFO - Sending command: p:1:b2:1:200:5:200:


2025-02-18 15:10:50,425 - INFO - Feedback: b'0'
2025-02-18 15:10:53,425 - INFO - Cycle: 1/5 completed.
2025-02-18 15:10:53,425 - INFO - Sending command: p:1:b1:1:200:5:200:


2025-02-18 15:10:53,426 - INFO - Feedback: b'13'
2025-02-18 15:10:53,426 - WARNING - Timeout occurred.
2025-02-18 15:10:56,427 - INFO - Sending command: p:1:b2:1:200:5:200:


2025-02-18 15:10:56,429 - INFO - Feedback: b'0'
2025-02-18 15:10:59,430 - INFO - Cycle: 2/5 completed.
2025-02-18 15:10:59,430 - INFO - Sending command: p:1:b1:1:200:5:200:


2025-02-18 15:10:59,431 - INFO - Feedback: b'13'
2025-02-18 15:10:59,432 - WARNING - Timeout occurred.
2025-02-18 15:11:02,432 - INFO - Sending command: p:1:b2:1:200:5:200:


2025-02-18 15:11:02,433 - INFO - Feedback: b'0'
2025-02-18 15:11:05,434 - INFO - Cycle: 3/5 completed.
2025-02-18 15:11:05,435 - INFO - Sending command: p:1:b1:1:200:5:200:


2025-02-18 15:11:05,435 - INFO - Feedback: b'13'
2025-02-18 15:11:05,435 - WARNING - Timeout occurred.
2025-02-18 15:11:08,436 - INFO - Sending command: p:1:b2:1:200:5:200:


2025-02-18 15:11:08,437 - INFO - Feedback: b'0'
2025-02-18 15:11:11,438 - INFO - Cycle: 4/5 completed.
2025-02-18 15:11:11,438 - INFO - Sending command: p:1:b1:1:200:5:200:


2025-02-18 15:11:11,439 - INFO - Feedback: b'13'
2025-02-18 15:11:11,440 - WARNING - Timeout occurred.
2025-02-18 15:11:14,440 - INFO - Sending command: p:1:b2:1:200:5:200:


2025-02-18 15:11:14,441 - INFO - Feedback: b'0'
2025-02-18 15:11:17,442 - INFO - Cycle: 5/5 completed.
2025-02-18 15:11:17,547 - INFO - Serial connection closed.
2025-02-18 15:11:17,549 - INFO - Total commands executed: 10
2025-02-18 15:11:17,549 - INFO - Total errors encountered: 1
2025-02-18 15:11:17,549 - INFO - Total timeouts encountered: 4
2025-02-18 15:11:17,549 - INFO - Total cycles completed: 5
2025-02-18 15:12:03,000 - INFO - Connected to COM5 at 115200 baud.
2025-02-18 15:12:03,000 - INFO - Sending command: p:1:b1:1:200:5:200:


2025-02-18 15:12:04,004 - INFO - Feedback: b''
2025-02-18 15:12:07,005 - INFO - Sending command: p:1:b2:1:200:5:200:


2025-02-18 15:12:07,006 - INFO - Feedback: b'0'
2025-02-18 15:12:10,006 - INFO - Cycle: 1/5 completed.
2025-02-18 15:12:10,006 - INFO - Sending command: p:1:b1:1:200:5:200:


2025-02-18 15:12:10,007 - INFO - Feedback: b'13'
2025-02-18 15:12:10,007 - WARNING - Timeout occurred.
2025-02-18 15:12:13,007 - INFO - Sending command: p:1:b2:1:200:5:200:


2025-02-18 15:12:13,008 - INFO - Feedback: b'0'
2025-02-18 15:12:16,009 - INFO - Cycle: 2/5 completed.
2025-02-18 15:12:16,010 - INFO - Sending command: p:1:b1:1:200:5:200:


2025-02-18 15:12:16,011 - INFO - Feedback: b'13'
2025-02-18 15:12:16,011 - WARNING - Timeout occurred.
2025-02-18 15:12:19,011 - INFO - Sending command: p:1:b2:1:200:5:200:


2025-02-18 15:12:19,012 - INFO - Feedback: b'0'
2025-02-18 15:12:22,013 - INFO - Cycle: 3/5 completed.
2025-02-18 15:12:22,013 - INFO - Sending command: p:1:b1:1:200:5:200:


2025-02-18 15:12:22,014 - INFO - Feedback: b'13'
2025-02-18 15:12:22,014 - WARNING - Timeout occurred.
2025-02-18 15:12:25,015 - INFO - Sending command: p:1:b2:1:200:5:200:


2025-02-18 15:12:25,016 - INFO - Feedback: b'0'
2025-02-18 15:12:28,017 - INFO - Cycle: 4/5 completed.
2025-02-18 15:12:28,017 - INFO - Sending command: p:1:b1:1:200:5:200:


2025-02-18 15:12:28,018 - INFO - Feedback: b'13'
2025-02-18 15:12:28,018 - WARNING - Timeout occurred.
2025-02-18 15:12:31,019 - INFO - Sending command: p:1:b2:1:200:5:200:


2025-02-18 15:12:31,020 - INFO - Feedback: b'0'
2025-02-18 15:12:34,021 - INFO - Cycle: 5/5 completed.
2025-02-18 15:12:34,133 - INFO - Serial connection closed.
2025-02-18 15:12:34,133 - INFO - Total commands executed: 10
2025-02-18 15:12:34,133 - INFO - Total errors encountered: 1
2025-02-18 15:12:34,133 - INFO - Total timeouts encountered: 4
2025-02-18 15:12:34,133 - INFO - Total cycles completed: 5
