2025-02-18 13:02:12,848 - ERROR - Failed to connect to COM3: could not open port 'COM3': FileNotFoundError(2, 'The system cannot find the file specified.', None, 2)
2025-02-18 15:09:19,226 - INFO - Connected to COM7 at 115200 baud.
2025-02-18 15:09:19,226 - INFO - Sending command: QR:joseph:

2025-02-18 15:09:20,226 - INFO - Feedback: b''
2025-02-18 15:09:20,226 - ERROR - Received empty feedback.
2025-02-18 15:09:23,227 - INFO - Cycle: 1/1 completed.
2025-02-18 15:09:23,345 - INFO - Serial connection closed.
2025-02-18 15:09:23,345 - INFO - Total commands completed: 1
2025-02-18 15:09:23,345 - INFO - Total errors encountered: 1
2025-02-18 15:09:23,345 - INFO - Total timeouts encountered: 0
2025-02-18 15:09:23,346 - INFO - Total cycles completed: 1
2025-02-18 15:11:01,214 - INFO - Connected to COM7 at 115200 baud.
2025-02-18 15:11:01,214 - INFO - Sending command: QR:joseph:

2025-02-18 15:11:02,219 - INFO - Feedback: b''
2025-02-18 15:11:02,219 - ERROR - Received empty feedback.
2025-02-18 15:11:05,220 - INFO - Cycle: 1/4 completed.
2025-02-18 15:11:05,220 - INFO - Sending command: QR:joseph:

2025-02-18 15:11:05,221 - INFO - Feedback: b'0'
2025-02-18 15:11:05,221 - ERROR - Unexpected feedback code: 0
2025-02-18 15:11:08,221 - INFO - Cycle: 2/4 completed.
2025-02-18 15:11:08,222 - INFO - Sending command: QR:joseph:

2025-02-18 15:11:08,222 - INFO - Feedback: b'0'
2025-02-18 15:11:08,222 - ERROR - Unexpected feedback code: 0
2025-02-18 15:11:11,223 - INFO - Cycle: 3/4 completed.
2025-02-18 15:11:11,223 - INFO - Sending command: QR:joseph:

2025-02-18 15:11:11,224 - INFO - Feedback: b'0'
2025-02-18 15:11:11,225 - ERROR - Unexpected feedback code: 0
2025-02-18 15:11:14,225 - INFO - Cycle: 4/4 completed.
2025-02-18 15:11:14,335 - INFO - Serial connection closed.
2025-02-18 15:11:14,335 - INFO - Total commands completed: 4
2025-02-18 15:11:14,335 - INFO - Total errors encountered: 4
2025-02-18 15:11:14,335 - INFO - Total timeouts encountered: 0
2025-02-18 15:11:14,336 - INFO - Total cycles completed: 4
2025-02-18 15:11:51,615 - INFO - Connected to COM7 at 115200 baud.
2025-02-18 15:11:51,615 - INFO - Sending command: QR:joseoh:

2025-02-18 15:11:52,618 - INFO - Feedback: b''
2025-02-18 15:11:52,618 - ERROR - Received empty feedback.
2025-02-18 15:11:55,618 - INFO - Sending command: #:

2025-02-18 15:11:55,619 - INFO - Feedback: b'0'
2025-02-18 15:11:55,619 - ERROR - Unexpected feedback code: 0
2025-02-18 15:11:58,619 - INFO - Cycle: 1/4 completed.
2025-02-18 15:11:58,620 - INFO - Sending command: QR:joseoh:

2025-02-18 15:11:58,620 - INFO - Feedback: b'0'
2025-02-18 15:11:58,620 - ERROR - Unexpected feedback code: 0
2025-02-18 15:12:01,621 - INFO - Sending command: #:

2025-02-18 15:12:01,622 - INFO - Feedback: b'0'
2025-02-18 15:12:01,622 - ERROR - Unexpected feedback code: 0
2025-02-18 15:12:04,623 - INFO - Cycle: 2/4 completed.
2025-02-18 15:12:04,623 - INFO - Sending command: QR:joseoh:

2025-02-18 15:12:04,623 - INFO - Feedback: b'0'
2025-02-18 15:12:04,623 - ERROR - Unexpected feedback code: 0
2025-02-18 15:12:07,624 - INFO - Sending command: #:

2025-02-18 15:12:07,625 - INFO - Feedback: b'0'
2025-02-18 15:12:07,626 - ERROR - Unexpected feedback code: 0
2025-02-18 15:12:10,627 - INFO - Cycle: 3/4 completed.
2025-02-18 15:12:10,627 - INFO - Sending command: QR:joseoh:

2025-02-18 15:12:10,628 - INFO - Feedback: b'0'
2025-02-18 15:12:10,628 - ERROR - Unexpected feedback code: 0
2025-02-18 15:12:13,629 - INFO - Sending command: #:

2025-02-18 15:12:13,630 - INFO - Feedback: b'0'
2025-02-18 15:12:13,630 - ERROR - Unexpected feedback code: 0
2025-02-18 15:12:16,631 - INFO - Cycle: 4/4 completed.
2025-02-18 15:12:16,741 - INFO - Serial connection closed.
2025-02-18 15:12:16,741 - INFO - Total commands completed: 8
2025-02-18 15:12:16,742 - INFO - Total errors encountered: 8
2025-02-18 15:12:16,742 - INFO - Total timeouts encountered: 0
2025-02-18 15:12:16,742 - INFO - Total cycles completed: 4
2025-02-18 15:12:29,461 - INFO - Connected to COM7 at 115200 baud.
2025-02-18 15:12:29,462 - INFO - Sending command: QR:joseoh:

2025-02-18 15:12:30,467 - INFO - Feedback: b''
2025-02-18 15:12:30,467 - ERROR - Received empty feedback.
2025-02-18 15:12:33,468 - INFO - Sending command: #:

2025-02-18 15:12:33,468 - INFO - Feedback: b'0'
2025-02-18 15:12:33,468 - ERROR - Unexpected feedback code: 0
2025-02-18 15:12:36,469 - INFO - Cycle: 1/4 completed.
2025-02-18 15:12:36,469 - INFO - Sending command: QR:joseoh:

2025-02-18 15:12:36,470 - INFO - Feedback: b'0'
2025-02-18 15:12:36,470 - ERROR - Unexpected feedback code: 0
2025-02-18 15:12:39,471 - INFO - Sending command: #:

2025-02-18 15:12:39,472 - INFO - Feedback: b'0'
2025-02-18 15:12:39,472 - ERROR - Unexpected feedback code: 0
