2025-02-13 16:39:48,233 - INFO - Connected to COM3 at 115200 baud.
2025-02-13 16:39:48,234 - INFO - Sending command: e:s:c:e:4:

2025-02-13 16:39:48,244 - INFO - Feedback: b'4'
2025-02-13 16:39:48,244 - ERROR - Unexpected feedback code: 4
2025-02-13 16:39:51,244 - INFO - Sending command: i:

2025-02-13 16:39:51,245 - INFO - Feedback: b'0'
2025-02-13 16:39:51,245 - ERROR - Unexpected feedback code: 0
2025-02-13 16:39:54,246 - INFO - Sending command: e:s:c:e:3:

2025-02-13 16:39:54,246 - INFO - Feedback: b''
2025-02-13 16:39:54,247 - ERROR - Received empty feedback.
2025-02-13 16:39:57,247 - INFO - Sending command: i:

2025-02-13 16:39:57,652 - INFO - Feedback: b'0'
2025-02-13 16:39:57,652 - ERROR - Unexpected feedback code: 0
2025-02-13 16:40:00,656 - INFO - Sending command: e:s:c:e:2:

2025-02-13 16:40:00,657 - INFO - Feedback: b''
2025-02-13 16:40:00,657 - ERROR - Received empty feedback.
2025-02-13 16:40:03,658 - INFO - Sending command: i:

2025-02-13 16:40:03,659 - INFO - Feedback: b'3'
2025-02-13 16:40:03,659 - ERROR - Unexpected feedback code: 3
2025-02-13 16:40:06,660 - INFO - Sending command: e:s:c:e:1:

2025-02-13 16:40:06,661 - INFO - Feedback: b'0'
2025-02-13 16:40:06,661 - ERROR - Unexpected feedback code: 0
2025-02-13 16:40:09,661 - INFO - Sending command: i:

2025-02-13 16:40:09,663 - INFO - Feedback: b''
2025-02-13 16:40:09,663 - ERROR - Received empty feedback.
2025-02-13 16:40:12,663 - INFO - Cycle: 1/1 completed.
2025-02-13 16:40:12,789 - INFO - Serial connection closed.
2025-02-13 16:40:12,789 - INFO - Total cycles completed: 8
2025-02-13 16:40:12,789 - INFO - Total errors encountered: 8
2025-02-13 16:40:12,789 - INFO - Total timeouts encountered: 0
2025-02-13 17:01:56,187 - INFO - Connected to COM3 at 115200 baud.
2025-02-13 17:01:56,187 - INFO - Sending command: e:s:c:e:4:

2025-02-13 17:01:56,198 - INFO - Feedback: b'4'
2025-02-13 17:01:56,198 - ERROR - Unexpected feedback code: 4
2025-02-13 17:02:01,199 - INFO - Sending command: i:

2025-02-13 17:02:01,200 - INFO - Feedback: b'0'
2025-02-13 17:02:01,200 - ERROR - Unexpected feedback code: 0
2025-02-13 17:02:06,201 - INFO - Sending command: e:s:c:e:3:

2025-02-13 17:02:06,201 - INFO - Feedback: b''
2025-02-13 17:02:06,201 - ERROR - Received empty feedback.
2025-02-13 17:02:11,202 - INFO - Cycle: 1/2 completed.
2025-02-13 17:02:11,203 - INFO - Sending command: e:s:c:e:4:

2025-02-13 17:02:11,203 - INFO - Feedback: b'0'
2025-02-13 17:02:11,204 - ERROR - Unexpected feedback code: 0
2025-02-13 17:02:16,204 - INFO - Sending command: i:

2025-02-13 17:02:16,205 - INFO - Feedback: b''
2025-02-13 17:02:16,205 - ERROR - Received empty feedback.
2025-02-13 17:02:21,206 - INFO - Sending command: e:s:c:e:3:

2025-02-13 17:02:21,206 - INFO - Feedback: b'3'
2025-02-13 17:02:21,206 - ERROR - Unexpected feedback code: 3
2025-02-13 17:02:26,207 - INFO - Cycle: 2/2 completed.
2025-02-13 17:02:26,326 - INFO - Serial connection closed.
2025-02-13 17:02:26,326 - INFO - Total cycles completed: 6
2025-02-13 17:02:26,326 - INFO - Total errors encountered: 6
2025-02-13 17:02:26,326 - INFO - Total timeouts encountered: 0
2025-02-13 17:16:23,656 - ERROR - Failed to connect to COM4: could not open port 'COM4': FileNotFoundError(2, 'The system cannot find the file specified.', None, 2)
2025-02-13 17:16:42,364 - ERROR - Failed to connect to COM4: could not open port 'COM4': FileNotFoundError(2, 'The system cannot find the file specified.', None, 2)
2025-02-13 17:16:43,258 - ERROR - Failed to connect to COM4: could not open port 'COM4': FileNotFoundError(2, 'The system cannot find the file specified.', None, 2)
2025-02-13 17:16:44,056 - ERROR - Failed to connect to COM4: could not open port 'COM4': FileNotFoundError(2, 'The system cannot find the file specified.', None, 2)
