2025-02-13 16:44:20,764 - INFO - Connected to COM3 at 115200 baud.
2025-02-13 16:44:20,764 - INFO - Sending command: e:s:c:e:4:

2025-02-13 16:44:20,774 - INFO - Feedback: b'4'
2025-02-13 16:44:20,774 - ERROR - Unexpected feedback code: 4
2025-02-13 16:44:25,775 - INFO - Sending command: i:

2025-02-13 16:44:26,358 - INFO - Feedback: b'0'
2025-02-13 16:44:26,359 - ERROR - Unexpected feedback code: 0
2025-02-13 16:44:31,360 - INFO - Sending command: e:s:c:e:3:

2025-02-13 16:44:31,362 - INFO - Feedback: b''
2025-02-13 16:44:31,362 - ERROR - Received empty feedback.
2025-02-13 16:44:36,363 - INFO - Cycle: 1/2 completed.
2025-02-13 16:44:36,363 - INFO - Sending command: e:s:c:e:4:

2025-02-13 16:44:36,363 - INFO - Feedback: b'0'
2025-02-13 16:44:36,366 - ERROR - Unexpected feedback code: 0
2025-02-13 16:44:41,367 - INFO - Sending command: i:

2025-02-13 16:44:41,368 - INFO - Feedback: b''
2025-02-13 16:44:41,368 - ERROR - Received empty feedback.
2025-02-13 16:44:46,369 - INFO - Sending command: e:s:c:e:3:

2025-02-13 16:44:46,370 - INFO - Feedback: b'3'
2025-02-13 16:44:46,370 - ERROR - Unexpected feedback code: 3
2025-02-13 16:44:51,371 - INFO - Cycle: 2/2 completed.
2025-02-13 16:44:51,484 - INFO - Serial connection closed.
2025-02-13 16:44:51,484 - INFO - Total cycles completed: 6
2025-02-13 16:44:51,485 - INFO - Total errors encountered: 6
2025-02-13 16:44:51,485 - INFO - Total timeouts encountered: 0
2025-02-13 16:45:02,157 - INFO - Connected to COM3 at 115200 baud.
2025-02-13 16:45:02,158 - INFO - Sending command: e:s:c:e:4:

2025-02-13 16:45:02,165 - INFO - Feedback: b'4'
2025-02-13 16:45:02,165 - ERROR - Unexpected feedback code: 4
2025-02-13 16:45:07,166 - INFO - Sending command: i:

2025-02-13 16:45:07,166 - INFO - Feedback: b'0'
2025-02-13 16:45:07,166 - ERROR - Unexpected feedback code: 0
2025-02-13 16:45:12,167 - INFO - Sending command: e:s:c:e:3:

2025-02-13 16:45:12,170 - INFO - Feedback: b''
2025-02-13 16:45:12,170 - ERROR - Received empty feedback.
2025-02-13 16:45:17,171 - INFO - Cycle: 1/2 completed.
2025-02-13 16:45:17,171 - INFO - Sending command: e:s:c:e:4:

2025-02-13 16:45:17,172 - INFO - Feedback: b'0'
2025-02-13 16:45:17,172 - ERROR - Unexpected feedback code: 0
2025-02-13 16:45:22,173 - INFO - Sending command: i:

2025-02-13 16:45:22,174 - INFO - Feedback: b''
2025-02-13 16:45:22,175 - ERROR - Received empty feedback.
2025-02-13 16:45:27,175 - INFO - Sending command: e:s:c:e:3:

2025-02-13 16:45:27,176 - INFO - Feedback: b'3'
2025-02-13 16:45:27,176 - ERROR - Unexpected feedback code: 3
2025-02-13 16:45:32,177 - INFO - Cycle: 2/2 completed.
2025-02-13 16:45:32,287 - INFO - Serial connection closed.
2025-02-13 16:45:32,287 - INFO - Total cycles completed: 6
2025-02-13 16:45:32,287 - INFO - Total errors encountered: 6
2025-02-13 16:45:32,287 - INFO - Total timeouts encountered: 0
2025-02-13 16:46:05,984 - INFO - Connected to COM3 at 115200 baud.
2025-02-13 16:46:05,985 - INFO - Sending command: e:s:c:e:4:

2025-02-13 16:46:05,996 - INFO - Feedback: b'4'
2025-02-13 16:46:05,996 - ERROR - Unexpected feedback code: 4
2025-02-13 17:12:18,358 - INFO - Connected to COM3 at 115200 baud.
2025-02-13 17:12:18,358 - INFO - Sending command: e:s:c:e:4:

2025-02-13 17:12:18,368 - INFO - Feedback: b'4'
2025-02-13 17:12:18,369 - ERROR - Unexpected feedback code: 4
2025-02-13 17:12:23,369 - INFO - Sending command: e:s:c:e:3:

2025-02-13 17:12:23,370 - INFO - Feedback: b'0'
2025-02-13 17:12:23,371 - ERROR - Unexpected feedback code: 0
2025-02-13 17:12:28,372 - INFO - Cycle: 1/2 completed.
2025-02-13 17:12:28,372 - INFO - Sending command: e:s:c:e:4:

2025-02-13 17:12:28,373 - INFO - Feedback: b''
2025-02-13 17:12:28,373 - ERROR - Received empty feedback.
2025-02-13 17:12:33,374 - INFO - Sending command: e:s:c:e:3:

2025-02-13 17:12:33,375 - INFO - Feedback: b'3'
2025-02-13 17:12:33,376 - ERROR - Unexpected feedback code: 3
2025-02-13 17:12:38,376 - INFO - Cycle: 2/2 completed.
2025-02-13 17:12:38,493 - INFO - Serial connection closed.
2025-02-13 17:12:38,495 - INFO - Total cycles completed: 4
2025-02-13 17:12:38,496 - INFO - Total errors encountered: 4
2025-02-13 17:12:38,497 - INFO - Total timeouts encountered: 0
2025-02-13 17:13:19,794 - INFO - Connected to COM3 at 115200 baud.
2025-02-13 17:13:19,795 - INFO - Sending command: e:s:c:e:4:

2025-02-13 17:13:19,805 - INFO - Feedback: b'4'
2025-02-13 17:13:19,805 - ERROR - Unexpected feedback code: 4
2025-02-13 17:13:24,806 - INFO - Sending command: e:s:c:e:3:

2025-02-13 17:13:24,807 - INFO - Feedback: b'0'
2025-02-13 17:13:24,807 - ERROR - Unexpected feedback code: 0
2025-02-13 17:13:29,808 - INFO - Cycle: 1/2 completed.
2025-02-13 17:13:29,808 - INFO - Sending command: e:s:c:e:4:

2025-02-13 17:13:29,809 - INFO - Feedback: b''
2025-02-13 17:13:29,809 - ERROR - Received empty feedback.
2025-02-13 17:13:34,810 - INFO - Sending command: e:s:c:e:3:

2025-02-13 17:13:34,811 - INFO - Feedback: b'3'
2025-02-13 17:13:34,811 - ERROR - Unexpected feedback code: 3
2025-02-13 17:13:39,812 - INFO - Cycle: 2/2 completed.
2025-02-13 17:13:39,931 - INFO - Serial connection closed.
2025-02-13 17:13:39,932 - INFO - Total cycles completed: 4
2025-02-13 17:13:39,932 - INFO - Total errors encountered: 4
2025-02-13 17:13:39,932 - INFO - Total timeouts encountered: 0
2025-02-13 17:13:56,692 - INFO - Connected to COM3 at 115200 baud.
2025-02-13 17:13:56,692 - INFO - Sending command: e:s:c:e:4:

2025-02-13 17:13:56,703 - INFO - Feedback: b'4'
2025-02-13 17:13:56,703 - ERROR - Unexpected feedback code: 4
2025-02-13 17:14:01,704 - INFO - Sending command: e:s:c:e:3:

2025-02-13 17:14:01,705 - INFO - Feedback: b'0'
2025-02-13 17:14:01,705 - ERROR - Unexpected feedback code: 0
2025-02-13 17:14:06,705 - INFO - Cycle: 1/2 completed.
2025-02-13 17:14:06,706 - INFO - Sending command: e:s:c:e:4:

2025-02-13 17:14:06,706 - INFO - Feedback: b''
2025-02-13 17:14:06,706 - ERROR - Received empty feedback.
2025-02-13 17:14:11,707 - INFO - Sending command: e:s:c:e:3:

2025-02-13 17:14:11,708 - INFO - Feedback: b'3'
2025-02-13 17:14:11,708 - ERROR - Unexpected feedback code: 3
2025-02-13 17:14:16,709 - INFO - Cycle: 2/2 completed.
2025-02-13 17:14:16,827 - INFO - Serial connection closed.
2025-02-13 17:14:16,828 - INFO - Total cycles completed: 4
2025-02-13 17:14:16,828 - INFO - Total errors encountered: 4
2025-02-13 17:14:16,828 - INFO - Total timeouts encountered: 0
2025-02-13 17:14:32,616 - INFO - Connected to COM3 at 115200 baud.
2025-02-13 17:14:32,616 - INFO - Sending command: e:s:c:e:4:

2025-02-13 17:14:32,625 - INFO - Feedback: b'4'
2025-02-13 17:14:32,625 - ERROR - Unexpected feedback code: 4
2025-02-13 17:14:37,625 - INFO - Sending command: e:s:c:e:3:

2025-02-13 17:14:37,626 - INFO - Feedback: b'0'
2025-02-13 17:14:37,626 - ERROR - Unexpected feedback code: 0
2025-02-13 17:14:42,628 - INFO - Cycle: 1/2 completed.
2025-02-13 17:14:42,628 - INFO - Sending command: e:s:c:e:4:

2025-02-13 17:14:42,629 - INFO - Feedback: b''
2025-02-13 17:14:42,629 - ERROR - Received empty feedback.
2025-02-13 17:14:47,630 - INFO - Sending command: e:s:c:e:3:

2025-02-13 17:14:47,631 - INFO - Feedback: b'3'
2025-02-13 17:14:47,631 - ERROR - Unexpected feedback code: 3
2025-02-13 17:14:52,632 - INFO - Cycle: 2/2 completed.
2025-02-13 17:14:52,749 - INFO - Serial connection closed.
2025-02-13 17:14:52,749 - INFO - Total cycles completed: 4
2025-02-13 17:14:52,749 - INFO - Total errors encountered: 4
2025-02-13 17:14:52,749 - INFO - Total timeouts encountered: 0
2025-02-13 17:14:57,331 - INFO - Connected to COM3 at 115200 baud.
2025-02-13 17:14:57,332 - INFO - Sending command: e:s:c:e:4:

2025-02-13 17:14:57,342 - INFO - Feedback: b'4'
2025-02-13 17:14:57,342 - ERROR - Unexpected feedback code: 4
2025-02-13 17:15:02,343 - INFO - Sending command: e:s:c:e:3:

2025-02-13 17:15:02,343 - INFO - Feedback: b'0'
2025-02-13 17:15:02,343 - ERROR - Unexpected feedback code: 0
2025-02-13 17:15:07,344 - INFO - Cycle: 1/2 completed.
2025-02-13 17:15:07,345 - INFO - Sending command: e:s:c:e:4:

2025-02-13 17:15:07,346 - INFO - Feedback: b''
2025-02-13 17:15:07,346 - ERROR - Received empty feedback.
2025-02-13 17:15:50,539 - ERROR - Failed to connect to COM3: could not open port 'COM3': FileNotFoundError(2, 'The system cannot find the file specified.', None, 2)
2025-02-13 17:15:59,737 - INFO - Connected to COM3 at 115200 baud.
2025-02-13 17:15:59,737 - INFO - Sending command: e:s:c:e:4:

2025-02-13 17:15:59,747 - INFO - Feedback: b'4'
2025-02-13 17:15:59,747 - ERROR - Unexpected feedback code: 4
2025-02-13 17:16:04,748 - INFO - Sending command: e:s:c:e:3:

2025-02-13 17:16:04,749 - INFO - Feedback: b'0'
2025-02-13 17:16:04,749 - ERROR - Unexpected feedback code: 0
2025-02-13 17:16:09,749 - INFO - Cycle: 1/3 completed.
2025-02-13 17:16:09,750 - INFO - Sending command: e:s:c:e:4:

2025-02-13 17:16:09,751 - INFO - Feedback: b''
2025-02-13 17:16:09,751 - ERROR - Received empty feedback.
2025-02-13 17:16:14,752 - INFO - Sending command: e:s:c:e:3:

2025-02-13 17:16:14,753 - INFO - Feedback: b'3'
2025-02-13 17:16:14,753 - ERROR - Unexpected feedback code: 3
2025-02-13 17:16:19,754 - INFO - Cycle: 2/3 completed.
2025-02-13 17:16:19,754 - INFO - Sending command: e:s:c:e:4:

2025-02-13 17:16:19,755 - INFO - Feedback: b'0'
2025-02-13 17:16:19,755 - ERROR - Unexpected feedback code: 0
2025-02-13 17:16:24,756 - INFO - Sending command: e:s:c:e:3:

2025-02-13 17:16:24,756 - INFO - Feedback: b''
2025-02-13 17:16:24,757 - ERROR - Received empty feedback.
2025-02-13 17:16:29,757 - INFO - Cycle: 3/3 completed.
2025-02-13 17:16:29,864 - INFO - Serial connection closed.
2025-02-13 17:16:29,864 - INFO - Total cycles completed: 6
2025-02-13 17:16:29,865 - INFO - Total errors encountered: 6
2025-02-13 17:16:29,865 - INFO - Total timeouts encountered: 0
2025-02-13 17:16:38,981 - INFO - Connected to COM3 at 115200 baud.
2025-02-13 17:16:38,981 - INFO - Sending command: e:s:c:e:4:

2025-02-13 17:16:38,991 - INFO - Feedback: b'4'
2025-02-13 17:16:38,992 - ERROR - Unexpected feedback code: 4
2025-02-13 17:16:43,992 - INFO - Sending command: e:s:c:e:3:

2025-02-13 17:16:43,993 - INFO - Feedback: b'0'
2025-02-13 17:16:43,994 - ERROR - Unexpected feedback code: 0
2025-02-13 17:16:48,995 - INFO - Cycle: 1/3 completed.
2025-02-13 17:16:48,995 - INFO - Sending command: e:s:c:e:4:

2025-02-13 17:16:48,996 - INFO - Feedback: b''
2025-02-13 17:16:48,996 - ERROR - Received empty feedback.
2025-02-13 17:16:53,998 - INFO - Sending command: e:s:c:e:3:

2025-02-13 17:16:53,999 - INFO - Feedback: b'3'
2025-02-13 17:16:53,999 - ERROR - Unexpected feedback code: 3
2025-02-13 17:16:59,000 - INFO - Cycle: 2/3 completed.
2025-02-13 17:16:59,000 - INFO - Sending command: e:s:c:e:4:

2025-02-13 17:16:59,000 - INFO - Feedback: b'0'
2025-02-13 17:16:59,000 - ERROR - Unexpected feedback code: 0
2025-02-13 17:43:04,141 - INFO - Connected to COM3 at 115200 baud.
2025-02-13 17:43:04,141 - INFO - Sending command: e:s:c:e:4:

2025-02-13 17:43:04,151 - INFO - Feedback: b'4'
2025-02-13 17:43:04,151 - ERROR - Unexpected feedback code: 4
2025-02-13 17:43:09,152 - INFO - Sending command: e:s:c:e:3:

2025-02-13 17:43:09,152 - INFO - Feedback: b'0'
2025-02-13 17:43:09,153 - ERROR - Unexpected feedback code: 0
2025-02-13 17:43:14,153 - INFO - Cycle: 1/3 completed.
2025-02-13 17:43:14,154 - INFO - Sending command: e:s:c:e:4:

2025-02-13 17:43:14,154 - INFO - Feedback: b''
2025-02-13 17:43:14,154 - ERROR - Received empty feedback.
2025-02-13 17:43:19,155 - INFO - Sending command: e:s:c:e:3:

2025-02-13 17:43:19,156 - INFO - Feedback: b'3'
2025-02-13 17:43:19,157 - ERROR - Unexpected feedback code: 3
2025-02-13 17:43:35,798 - ERROR - Failed to connect to COM3: could not open port 'COM3': FileNotFoundError(2, 'The system cannot find the file specified.', None, 2)
2025-02-13 17:43:36,743 - ERROR - Failed to connect to COM3: could not open port 'COM3': FileNotFoundError(2, 'The system cannot find the file specified.', None, 2)
2025-02-13 17:43:37,622 - ERROR - Failed to connect to COM3: could not open port 'COM3': FileNotFoundError(2, 'The system cannot find the file specified.', None, 2)
2025-02-13 17:43:38,196 - ERROR - Failed to connect to COM3: could not open port 'COM3': FileNotFoundError(2, 'The system cannot find the file specified.', None, 2)
2025-02-13 17:43:38,757 - ERROR - Failed to connect to COM3: could not open port 'COM3': FileNotFoundError(2, 'The system cannot find the file specified.', None, 2)
2025-02-13 17:43:50,869 - INFO - Connected to COM3 at 115200 baud.
2025-02-13 17:43:50,869 - INFO - Sending command: e:s:c:e:4:

2025-02-13 17:43:50,880 - INFO - Feedback: b'4'
2025-02-13 17:43:50,880 - ERROR - Unexpected feedback code: 4
2025-02-13 17:43:55,880 - INFO - Sending command: e:s:c:e:3:

2025-02-13 17:43:55,881 - INFO - Feedback: b'0'
2025-02-13 17:43:55,881 - ERROR - Unexpected feedback code: 0
2025-02-13 17:44:00,882 - INFO - Cycle: 1/3 completed.
2025-02-13 17:44:00,883 - INFO - Sending command: e:s:c:e:4:

2025-02-13 17:44:00,884 - INFO - Feedback: b''
2025-02-13 17:44:00,885 - ERROR - Received empty feedback.
2025-02-13 17:44:05,885 - INFO - Sending command: e:s:c:e:3:

2025-02-13 17:44:05,886 - INFO - Feedback: b'3'
2025-02-13 17:44:05,886 - ERROR - Unexpected feedback code: 3
2025-02-13 17:44:10,887 - INFO - Cycle: 2/3 completed.
2025-02-13 17:44:10,887 - INFO - Sending command: e:s:c:e:4:

2025-02-13 17:44:10,888 - INFO - Feedback: b'0'
2025-02-13 17:44:10,889 - ERROR - Unexpected feedback code: 0
2025-02-13 17:44:15,890 - INFO - Sending command: e:s:c:e:3:

2025-02-13 17:44:15,891 - INFO - Feedback: b''
2025-02-13 17:44:15,891 - ERROR - Received empty feedback.
2025-02-13 17:50:37,697 - INFO - Connected to COM3 at 115200 baud.
2025-02-13 17:50:37,698 - INFO - Sending command: e:s:c:e:4:

2025-02-13 17:50:37,708 - INFO - Feedback: b'4'
2025-02-13 17:50:37,708 - ERROR - Unexpected feedback code: 4
2025-02-13 17:50:42,708 - INFO - Sending command: e:s:c:e:3:

2025-02-13 17:50:42,709 - INFO - Feedback: b'0'
2025-02-13 17:50:42,709 - ERROR - Unexpected feedback code: 0
2025-02-13 17:50:47,709 - INFO - Cycle: 1/3 completed.
2025-02-13 17:50:47,710 - INFO - Sending command: e:s:c:e:4:

2025-02-13 17:50:47,710 - INFO - Feedback: b''
2025-02-13 17:50:47,711 - ERROR - Received empty feedback.
2025-02-13 17:50:52,711 - INFO - Sending command: e:s:c:e:3:

2025-02-13 17:50:52,712 - INFO - Feedback: b'3'
2025-02-13 17:50:52,713 - ERROR - Unexpected feedback code: 3
2025-02-13 17:50:57,713 - INFO - Cycle: 2/3 completed.
2025-02-13 17:50:57,714 - INFO - Sending command: e:s:c:e:4:

2025-02-13 17:50:57,715 - INFO - Feedback: b'0'
2025-02-13 17:50:57,715 - ERROR - Unexpected feedback code: 0
2025-02-13 17:51:02,716 - INFO - Sending command: e:s:c:e:3:

2025-02-13 17:51:02,717 - INFO - Feedback: b''
2025-02-13 17:51:02,717 - ERROR - Received empty feedback.
2025-02-13 17:51:07,718 - INFO - Cycle: 3/3 completed.
2025-02-13 17:51:07,830 - INFO - Serial connection closed.
2025-02-13 17:51:07,830 - INFO - Total cycles completed: 6
2025-02-13 17:51:07,830 - INFO - Total errors encountered: 6
2025-02-13 17:51:07,830 - INFO - Total timeouts encountered: 0
2025-02-13 17:51:13,615 - INFO - Connected to COM3 at 115200 baud.
2025-02-13 17:51:13,615 - INFO - Sending command: e:s:c:e:4:

2025-02-13 17:51:13,626 - INFO - Feedback: b'4'
2025-02-13 17:51:13,626 - ERROR - Unexpected feedback code: 4
2025-02-13 17:51:18,626 - INFO - Sending command: e:s:c:e:3:

2025-02-13 17:51:18,627 - INFO - Feedback: b'0'
2025-02-13 17:51:18,627 - ERROR - Unexpected feedback code: 0
2025-02-13 17:51:23,627 - INFO - Cycle: 1/3 completed.
2025-02-13 17:51:23,628 - INFO - Sending command: e:s:c:e:4:

2025-02-13 17:51:23,629 - INFO - Feedback: b''
2025-02-13 17:51:23,629 - ERROR - Received empty feedback.
2025-02-13 17:51:28,630 - INFO - Sending command: e:s:c:e:3:

2025-02-13 17:51:28,631 - INFO - Feedback: b'3'
2025-02-13 17:51:28,631 - ERROR - Unexpected feedback code: 3
2025-02-13 17:51:33,632 - INFO - Cycle: 2/3 completed.
2025-02-13 17:51:33,632 - INFO - Sending command: e:s:c:e:4:

2025-02-13 17:51:33,633 - INFO - Feedback: b'0'
2025-02-13 17:51:33,634 - ERROR - Unexpected feedback code: 0
2025-02-13 17:51:38,634 - INFO - Sending command: e:s:c:e:3:

2025-02-13 17:51:38,635 - INFO - Feedback: b''
2025-02-13 17:51:38,636 - ERROR - Received empty feedback.
2025-02-13 17:51:43,636 - INFO - Cycle: 3/3 completed.
2025-02-13 17:51:43,743 - INFO - Serial connection closed.
2025-02-13 17:51:43,743 - INFO - Total cycles completed: 6
2025-02-13 17:51:43,743 - INFO - Total errors encountered: 6
2025-02-13 17:51:43,744 - INFO - Total timeouts encountered: 0
2025-02-13 18:02:04,098 - INFO - Connected to COM3 at 115200 baud.
2025-02-13 18:02:04,098 - INFO - Sending command: e:s:c:e:4:

2025-02-13 18:02:04,109 - INFO - Feedback: b'4'
2025-02-13 18:02:04,109 - ERROR - Unexpected feedback code: 4
2025-02-13 18:02:14,110 - INFO - Sending command: e:s:c:e:3:

2025-02-13 18:02:14,111 - INFO - Feedback: b'0'
2025-02-13 18:02:14,111 - ERROR - Unexpected feedback code: 0
2025-02-13 18:02:24,111 - INFO - Cycle: 1/3 completed.
2025-02-13 18:02:24,112 - INFO - Sending command: e:s:c:e:4:

2025-02-13 18:02:24,112 - INFO - Feedback: b''
2025-02-13 18:02:24,112 - ERROR - Received empty feedback.
2025-02-13 18:02:34,113 - INFO - Sending command: e:s:c:e:3:

2025-02-13 18:02:34,114 - INFO - Feedback: b'3'
2025-02-13 18:02:34,114 - ERROR - Unexpected feedback code: 3
2025-02-13 18:02:44,114 - INFO - Cycle: 2/3 completed.
2025-02-13 18:02:44,115 - INFO - Sending command: e:s:c:e:4:

2025-02-13 18:02:44,116 - INFO - Feedback: b'0'
2025-02-13 18:02:44,116 - ERROR - Unexpected feedback code: 0
2025-02-13 18:02:54,117 - INFO - Sending command: e:s:c:e:3:

2025-02-13 18:02:54,118 - INFO - Feedback: b''
2025-02-13 18:02:54,118 - ERROR - Received empty feedback.
2025-02-13 18:03:04,118 - INFO - Cycle: 3/3 completed.
2025-02-13 18:03:04,232 - INFO - Serial connection closed.
2025-02-13 18:03:04,232 - INFO - Total cycles completed: 6
2025-02-13 18:03:04,232 - INFO - Total errors encountered: 6
2025-02-13 18:03:04,232 - INFO - Total timeouts encountered: 0
2025-02-13 18:05:01,423 - INFO - Connected to COM3 at 115200 baud.
2025-02-13 18:05:01,423 - INFO - Sending command: e:s:c:e:4:

2025-02-13 18:05:01,433 - INFO - Feedback: b'4'
2025-02-13 18:05:01,434 - ERROR - Unexpected feedback code: 4
2025-02-13 18:05:11,434 - INFO - Sending command: e:s:c:e:3:

2025-02-13 18:05:11,435 - INFO - Feedback: b'0'
2025-02-13 18:05:11,435 - ERROR - Unexpected feedback code: 0
2025-02-13 18:05:21,436 - INFO - Cycle: 1/3 completed.
2025-02-13 18:05:21,437 - INFO - Sending command: e:s:c:e:4:

2025-02-13 18:05:21,438 - INFO - Feedback: b''
2025-02-13 18:05:21,438 - ERROR - Received empty feedback.
2025-02-13 18:05:31,439 - INFO - Sending command: e:s:c:e:3:

2025-02-13 18:05:31,440 - INFO - Feedback: b'3'
2025-02-13 18:05:31,440 - ERROR - Unexpected feedback code: 3
2025-02-13 18:07:30,281 - INFO - Connected to COM3 at 115200 baud.
2025-02-13 18:07:30,281 - INFO - Sending command: e:s:c:e:4:

2025-02-13 18:07:30,291 - INFO - Feedback: b'4'
2025-02-13 18:07:30,291 - ERROR - Unexpected feedback code: 4
2025-02-13 18:07:40,291 - INFO - Sending command: e:s:c:e:3:

2025-02-13 18:07:40,293 - INFO - Feedback: b'0'
2025-02-13 18:07:40,293 - ERROR - Unexpected feedback code: 0
