2025-02-21 16:06:17,138 - INFO - Connected to COM7 at 115200 baud.
2025-02-21 16:06:17,138 - INFO - Sending command: #:


2025-02-21 16:06:17,148 - INFO - Feedback: b'13'
2025-02-21 16:06:17,148 - WARNING - Timeout occurred.
2025-02-21 16:06:19,148 - INFO - Sending command: QR:123:


2025-02-21 16:06:19,164 - INFO - Feedback: b'13'
2025-02-21 16:06:19,164 - WARNING - Timeout occurred.
2025-02-21 16:06:21,165 - INFO - Cycle: 1/5 completed.
2025-02-21 16:06:21,165 - INFO - Sending command: #:


2025-02-21 16:06:21,180 - INFO - Feedback: b'13'
2025-02-21 16:06:21,180 - WARNING - Timeout occurred.
2025-02-21 16:06:23,181 - INFO - Sending command: QR:123:


2025-02-21 16:06:23,196 - INFO - Feedback: b'13'
2025-02-21 16:06:23,199 - WARNING - Timeout occurred.
2025-02-21 16:06:25,200 - INFO - Cycle: 2/5 completed.
2025-02-21 16:06:25,200 - INFO - Sending command: #:


2025-02-21 16:06:25,212 - INFO - Feedback: b'13'
2025-02-21 16:06:25,212 - WARNING - Timeout occurred.
2025-02-21 16:06:27,214 - INFO - Sending command: QR:123:


2025-02-21 16:06:27,228 - INFO - Feedback: b'13'
2025-02-21 16:06:27,228 - WARNING - Timeout occurred.
2025-02-21 16:07:32,829 - ERROR - Failed to connect to COM7: could not open port 'COM7': FileNotFoundError(2, 'The system cannot find the file specified.', None, 2)
2025-02-21 16:08:13,823 - INFO - Connected to COM7 at 115200 baud.
2025-02-21 16:08:13,823 - INFO - Sending command: #:


2025-02-21 16:08:13,834 - INFO - Feedback: b'13'
2025-02-21 16:08:13,834 - WARNING - Timeout occurred.
2025-02-21 16:08:15,835 - INFO - Sending command: QR:123:


2025-02-21 16:08:15,850 - INFO - Feedback: b'13'
2025-02-21 16:08:15,850 - WARNING - Timeout occurred.
2025-02-21 16:08:17,850 - INFO - Cycle: 1/5 completed.
2025-02-21 16:08:17,850 - INFO - Sending command: #:


2025-02-21 16:08:17,865 - INFO - Feedback: b'13'
2025-02-21 16:08:17,866 - WARNING - Timeout occurred.
2025-02-21 16:08:19,867 - INFO - Sending command: QR:123:


2025-02-21 16:08:19,881 - INFO - Feedback: b'13'
2025-02-21 16:08:19,882 - WARNING - Timeout occurred.
2025-02-21 16:08:21,882 - INFO - Cycle: 2/5 completed.
2025-02-21 16:08:21,883 - INFO - Sending command: #:


2025-02-21 16:08:21,899 - INFO - Feedback: b'13'
2025-02-21 16:08:21,899 - WARNING - Timeout occurred.
2025-02-21 16:08:23,899 - INFO - Sending command: QR:123:


2025-02-21 16:08:23,914 - INFO - Feedback: b'13'
2025-02-21 16:08:23,914 - WARNING - Timeout occurred.
2025-02-21 16:08:25,915 - INFO - Cycle: 3/5 completed.
2025-02-21 16:08:25,915 - INFO - Sending command: #:


2025-02-21 16:08:25,931 - INFO - Feedback: b'13'
2025-02-21 16:08:25,931 - WARNING - Timeout occurred.
2025-02-21 16:08:27,932 - INFO - Sending command: QR:123:


2025-02-21 16:08:27,932 - ERROR - Exception while sending command: WriteFile failed (PermissionError(13, 'Access is denied.', None, 5))
2025-02-21 16:08:27,932 - INFO - Cycle: 4/5 completed.
2025-02-21 16:08:27,932 - INFO - Sending command: #:


2025-02-21 16:08:27,933 - ERROR - Exception while sending command: WriteFile failed (PermissionError(13, 'Access is denied.', None, 5))
2025-02-21 16:08:27,933 - INFO - Sending command: QR:123:


2025-02-21 16:08:27,933 - ERROR - Exception while sending command: WriteFile failed (PermissionError(13, 'Access is denied.', None, 5))
2025-02-21 16:08:27,934 - INFO - Cycle: 5/5 completed.
2025-02-21 16:08:27,934 - INFO - Serial connection closed.
2025-02-21 16:08:27,934 - INFO - Total commands executed: 7
2025-02-21 16:08:27,934 - INFO - Total errors encountered: 0
2025-02-21 16:08:27,934 - INFO - Total timeouts encountered: 7
2025-02-21 16:08:27,934 - INFO - Total cycles completed: 3
2025-02-21 16:09:48,798 - INFO - Connected to COM7 at 115200 baud.
2025-02-21 16:09:48,798 - INFO - Sending command: #:


2025-02-21 16:09:48,808 - INFO - Feedback: b'13'
2025-02-21 16:09:48,808 - WARNING - Timeout occurred.
2025-02-21 16:09:50,809 - INFO - Cycle: 1/5 completed.
2025-02-21 16:09:50,809 - INFO - Sending command: #:


2025-02-21 16:09:50,824 - INFO - Feedback: b'13'
2025-02-21 16:09:50,825 - WARNING - Timeout occurred.
2025-02-21 16:09:52,826 - INFO - Cycle: 2/5 completed.
2025-02-21 16:09:52,826 - INFO - Sending command: #:


2025-02-21 16:09:52,840 - INFO - Feedback: b'13'
2025-02-21 16:09:52,840 - WARNING - Timeout occurred.
2025-02-21 16:09:54,840 - INFO - Cycle: 3/5 completed.
2025-02-21 16:09:54,840 - INFO - Sending command: #:


2025-02-21 16:09:54,856 - INFO - Feedback: b'13'
2025-02-21 16:09:54,856 - WARNING - Timeout occurred.
2025-02-21 16:09:56,856 - INFO - Cycle: 4/5 completed.
2025-02-21 16:09:56,857 - INFO - Sending command: #:


2025-02-21 16:09:56,872 - INFO - Feedback: b'13'
2025-02-21 16:09:56,872 - WARNING - Timeout occurred.
2025-02-21 16:10:13,271 - INFO - Connected to COM7 at 115200 baud.
2025-02-21 16:10:13,271 - INFO - Sending command: #:


2025-02-21 16:10:13,283 - INFO - Feedback: b'13'
2025-02-21 16:10:13,283 - WARNING - Timeout occurred.
2025-02-21 16:10:15,283 - INFO - Sending command: QR:abc:


2025-02-21 16:10:15,299 - INFO - Feedback: b'13'
2025-02-21 16:10:15,299 - WARNING - Timeout occurred.
2025-02-21 16:10:17,300 - INFO - Sending command: #:


2025-02-21 16:10:17,315 - INFO - Feedback: b'13'
2025-02-21 16:10:17,315 - WARNING - Timeout occurred.
2025-02-21 16:10:19,316 - INFO - Sending command: BR:123:


2025-02-21 16:10:19,331 - INFO - Feedback: b'13'
2025-02-21 16:10:19,331 - WARNING - Timeout occurred.
2025-02-21 16:12:39,901 - INFO - Connected to COM7 at 115200 baud.
2025-02-21 16:12:39,901 - INFO - Sending command: #:


2025-02-21 16:12:39,913 - INFO - Feedback: b'13'
2025-02-21 16:12:39,914 - WARNING - Timeout occurred.
2025-02-21 16:12:41,915 - INFO - Sending command: QR:abc:


2025-02-21 16:12:41,929 - INFO - Feedback: b'13'
2025-02-21 16:12:41,929 - WARNING - Timeout occurred.
2025-02-21 16:12:43,930 - INFO - Sending command: #:


2025-02-21 16:12:43,945 - INFO - Feedback: b'13'
2025-02-21 16:12:43,946 - WARNING - Timeout occurred.
2025-02-21 16:12:45,946 - INFO - Sending command: BR:123:


2025-02-21 16:12:45,961 - INFO - Feedback: b'13'
2025-02-21 16:12:45,961 - WARNING - Timeout occurred.
2025-02-21 16:12:47,962 - INFO - Cycle: 1/5 completed.
2025-02-21 16:12:47,962 - INFO - Sending command: #:


2025-02-21 16:12:47,978 - INFO - Feedback: b'13'
2025-02-21 16:12:47,979 - WARNING - Timeout occurred.
2025-02-21 16:12:49,979 - INFO - Sending command: QR:abc:


2025-02-21 16:12:49,994 - INFO - Feedback: b'13'
2025-02-21 16:12:49,994 - WARNING - Timeout occurred.
2025-02-21 16:12:51,995 - INFO - Sending command: #:


2025-02-21 16:12:52,010 - INFO - Feedback: b'13'
2025-02-21 16:12:52,010 - WARNING - Timeout occurred.
2025-02-21 16:30:10,743 - INFO - Connected to COM7 at 115200 baud.
2025-02-21 16:30:10,744 - INFO - Sending command: #:


2025-02-21 16:30:10,754 - INFO - Feedback: b'13'
2025-02-21 16:30:10,754 - WARNING - Timeout occurred.
2025-02-21 16:30:12,755 - INFO - Sending command: QR:abc:


2025-02-21 16:30:12,770 - INFO - Feedback: b'13'
2025-02-21 16:30:12,770 - WARNING - Timeout occurred.
2025-02-21 16:30:14,771 - INFO - Sending command: #:


2025-02-21 16:30:14,786 - INFO - Feedback: b'13'
2025-02-21 16:30:14,786 - WARNING - Timeout occurred.
2025-02-21 16:30:16,787 - INFO - Sending command: BR:123:


2025-02-21 16:30:16,802 - INFO - Feedback: b'13'
2025-02-21 16:30:16,802 - WARNING - Timeout occurred.
2025-02-21 16:30:18,803 - INFO - Cycle: 1/5 completed.
2025-02-21 16:30:18,803 - INFO - Sending command: #:


2025-02-21 16:30:18,818 - INFO - Feedback: b'13'
2025-02-21 16:30:18,818 - WARNING - Timeout occurred.
